#
# There is insufficient memory for the Java Runtime Environment to continue.
# Native memory allocation (malloc) failed to allocate 1335696 bytes for Chunk::new
# Possible reasons:
#   The system is out of physical RAM or swap space
#   The process is running with CompressedOops enabled, and the Java Heap may be blocking the growth of the native heap
# Possible solutions:
#   Reduce memory load on the system
#   Increase physical memory or swap space
#   Check if swap backing store is full
#   Decrease Java heap size (-Xmx/-Xms)
#   Decrease number of Java threads
#   Decrease Java thread stack sizes (-Xss)
#   Set larger code cache with -XX:ReservedCodeCacheSize=
#   JVM is running with Unscaled Compressed Oops mode in which the Java heap is
#     placed in the first 4GB address space. The Java Heap base address is the
#     maximum limit for the native heap growth. Please use -XX:HeapBaseMinAddress
#     to set the Java Heap base and to place the Java Heap above 4GB virtual address.
# This output file may be truncated or incomplete.
#
#  Out of Memory Error (t:/workspace/open/src/hotspot/share/memory/arena.cpp:198), pid=11752, tid=9960
#
# JRE version: Java(TM) SE Runtime Environment (10.0+46) (build 10+46)
# Java VM: Java HotSpot(TM) 64-Bit Server VM (10+46, mixed mode, tiered, compressed oops, g1 gc, windows-amd64)
# No core dump will be written. Minidumps are not enabled by default on client versions of Windows
#

---------------  S U M M A R Y ------------

Command Line: -XX:+HeapDumpOnOutOfMemoryError -Xmx1024m -Dfile.encoding=windows-1252 -Duser.country=US -Duser.language=en -Duser.variant org.gradle.launcher.daemon.bootstrap.GradleDaemon 4.10-20180626235929+0000

Host: Intel(R) Core(TM) M-5Y10c CPU @ 0.80GHz, 4 cores, 3G,  Windows 10 , 64 bit Build 17134 (10.0.17134.1)
Time: Wed Jun 27 14:04:45 2018 Central Daylight Time elapsed time: 21 seconds (0d 0h 0m 21s)

---------------  T H R E A D  ---------------

Current thread (0x0000025a7a687800):  JavaThread "C2 CompilerThread0" daemon [_thread_in_native, id=9960, stack(0x0000005f74c00000,0x0000005f74d00000)]


Current CompileTask:
C2:  21801 8456       4       org.gradle.api.internal.attributes.DefaultImmutableAttributesFactory::concat (120 bytes)

Stack: [0x0000005f74c00000,0x0000005f74d00000]
Native frames: (J=compiled Java code, j=interpreted, Vv=VM code, C=native code)
V  [jvm.dll+0x59fbf9]
V  [jvm.dll+0x6bca11]
V  [jvm.dll+0x6bdc06]
V  [jvm.dll+0x6be293]
V  [jvm.dll+0x234ba8]
V  [jvm.dll+0xbb9cc]
V  [jvm.dll+0xbbedc]
V  [jvm.dll+0x34be01]
V  [jvm.dll+0x18ef6c]
V  [jvm.dll+0x2000dd]
V  [jvm.dll+0x1ff256]
V  [jvm.dll+0x17caeb]
V  [jvm.dll+0x20ca3d]
V  [jvm.dll+0x20b806]
V  [jvm.dll+0x68b42f]
V  [jvm.dll+0x59ef10]
C  [msvcr120.dll+0x24f7f]
C  [msvcr120.dll+0x25126]
C  [KERNEL32.DLL+0x13034]
C  [ntdll.dll+0x71431]


---------------  P R O C E S S  ---------------

Threads class SMR info:
_java_thread_list=0x0000025a7e8fb2c0, length=31, elements={
0x0000025a6a01e000, 0x0000025a7a620000, 0x0000025a7a631000, 0x0000025a7a682800,
0x0000025a7a684800, 0x0000025a7a687800, 0x0000025a7a692800, 0x0000025a7a696800,
0x0000025a7a697800, 0x0000025a7a971800, 0x0000025a7a976000, 0x0000025a7b9ff800,
0x0000025a7b58f000, 0x0000025a7be32000, 0x0000025a7bcc5000, 0x0000025a7bcc5800,
0x0000025a7bcf4000, 0x0000025a7bcf5800, 0x0000025a7bcf7000, 0x0000025a7bcf7800,
0x0000025a7bfa0800, 0x0000025a7bfa6000, 0x0000025a7bfa6800, 0x0000025a7bfa2000,
0x0000025a7bfa2800, 0x0000025a7bfa3800, 0x0000025a7bfa4800, 0x0000025a7bfa5000,
0x0000025a7e111000, 0x0000025a7e113800, 0x0000025a7e117800
}

Java Threads: ( => current thread )
  0x0000025a6a01e000 JavaThread "main" [_thread_blocked, id=11956, stack(0x0000005f73b00000,0x0000005f73c00000)]
  0x0000025a7a620000 JavaThread "Reference Handler" daemon [_thread_blocked, id=2000, stack(0x0000005f74800000,0x0000005f74900000)]
  0x0000025a7a631000 JavaThread "Finalizer" daemon [_thread_blocked, id=13744, stack(0x0000005f74900000,0x0000005f74a00000)]
  0x0000025a7a682800 JavaThread "Signal Dispatcher" daemon [_thread_blocked, id=4440, stack(0x0000005f74a00000,0x0000005f74b00000)]
  0x0000025a7a684800 JavaThread "Attach Listener" daemon [_thread_blocked, id=10500, stack(0x0000005f74b00000,0x0000005f74c00000)]
=>0x0000025a7a687800 JavaThread "C2 CompilerThread0" daemon [_thread_in_native, id=9960, stack(0x0000005f74c00000,0x0000005f74d00000)]
  0x0000025a7a692800 JavaThread "C2 CompilerThread1" daemon [_thread_in_native, id=11740, stack(0x0000005f74d00000,0x0000005f74e00000)]
  0x0000025a7a696800 JavaThread "C1 CompilerThread2" daemon [_thread_blocked, id=9160, stack(0x0000005f74e00000,0x0000005f74f00000)]
  0x0000025a7a697800 JavaThread "Sweeper thread" daemon [_thread_blocked, id=1836, stack(0x0000005f74f00000,0x0000005f75000000)]
  0x0000025a7a971800 JavaThread "Service Thread" daemon [_thread_blocked, id=2768, stack(0x0000005f75000000,0x0000005f75100000)]
  0x0000025a7a976000 JavaThread "Common-Cleaner" daemon [_thread_blocked, id=8160, stack(0x0000005f75100000,0x0000005f75200000)]
  0x0000025a7b9ff800 JavaThread "Daemon health stats" [_thread_blocked, id=9544, stack(0x0000005f75300000,0x0000005f75400000)]
  0x0000025a7b58f000 JavaThread "Incoming local TCP Connector on port 54920" [_thread_in_native, id=3744, stack(0x0000005f75400000,0x0000005f75500000)]
  0x0000025a7be32000 JavaThread "Daemon periodic checks" [_thread_blocked, id=8360, stack(0x0000005f75500000,0x0000005f75600000)]
  0x0000025a7bcc5000 JavaThread "Daemon" [_thread_blocked, id=760, stack(0x0000005f75600000,0x0000005f75700000)]
  0x0000025a7bcc5800 JavaThread "Handler for socket connection from /127.0.0.1:54920 to /127.0.0.1:54921" [_thread_in_native, id=14144, stack(0x0000005f75700000,0x0000005f75800000)]
  0x0000025a7bcf4000 JavaThread "Cancel handler" [_thread_blocked, id=13604, stack(0x0000005f75800000,0x0000005f75900000)]
  0x0000025a7bcf5800 JavaThread "Daemon worker" [_thread_in_vm, id=12648, stack(0x0000005f75900000,0x0000005f75a00000)]
  0x0000025a7bcf7000 JavaThread "Asynchronous log dispatcher for DefaultDaemonConnection: socket connection from /127.0.0.1:54920 to /127.0.0.1:54921" [_thread_blocked, id=13448, stack(0x0000005f75a00000,0x0000005f75b00000)]
  0x0000025a7bcf7800 JavaThread "Stdin handler" [_thread_blocked, id=10828, stack(0x0000005f75b00000,0x0000005f75c00000)]
  0x0000025a7bfa0800 JavaThread "Cache worker for file hash cache (C:\Users\ewens.HGSC\.gradle\caches\4.10-20180626235929+0000\fileHashes)" [_thread_blocked, id=7992, stack(0x0000005f75c00000,0x0000005f75d00000)]
  0x0000025a7bfa6000 JavaThread "File lock request listener" [_thread_in_native, id=11980, stack(0x0000005f75d00000,0x0000005f75e00000)]
  0x0000025a7bfa6800 JavaThread "Cache worker for file hash cache (C:\Users\ewens.HGSC\Documents\GitHub\Wifi-Fixer\.gradle\4.10-20180626235929+0000\fileHashes)" [_thread_blocked, id=14172, stack(0x0000005f75e00000,0x0000005f75f00000)]
  0x0000025a7bfa2000 JavaThread "Cache worker for cache directory md-supplier (C:\Users\ewens.HGSC\.gradle\caches\4.10-20180626235929+0000\md-supplier)" [_thread_blocked, id=5192, stack(0x0000005f75f00000,0x0000005f76000000)]
  0x0000025a7bfa2800 JavaThread "Cache worker for cache directory md-rule (C:\Users\ewens.HGSC\.gradle\caches\4.10-20180626235929+0000\md-rule)" [_thread_blocked, id=11768, stack(0x0000005f76000000,0x0000005f76100000)]
  0x0000025a7bfa3800 JavaThread "Cache worker for Artifact transforms cache (C:\Users\ewens.HGSC\.gradle\caches\transforms-1)" [_thread_blocked, id=14252, stack(0x0000005f76100000,0x0000005f76200000)]
  0x0000025a7bfa4800 JavaThread "Build operations" [_thread_blocked, id=14084, stack(0x0000005f76200000,0x0000005f76300000)]
  0x0000025a7bfa5000 JavaThread "Build operations Thread 2" [_thread_blocked, id=10864, stack(0x0000005f76300000,0x0000005f76400000)]
  0x0000025a7e111000 JavaThread "Build operations Thread 3" [_thread_blocked, id=10132, stack(0x0000005f76400000,0x0000005f76500000)]
  0x0000025a7e113800 JavaThread "Build operations Thread 4" [_thread_blocked, id=1736, stack(0x0000005f76500000,0x0000005f76600000)]
  0x0000025a7e117800 JavaThread "Memory manager" [_thread_blocked, id=12992, stack(0x0000005f76600000,0x0000005f76700000)]

Other Threads:
  0x0000025a7a61c800 VMThread "VM Thread" [stack: 0x0000005f74700000,0x0000005f74800000] [id=9268]
  0x0000025a7a977000 WatcherThread [stack: 0x0000005f75200000,0x0000005f75300000] [id=8472]
  0x0000025a6a038000 GCTaskThread "GC Thread#0" [stack: 0x0000005f73c00000,0x0000005f73d00000] [id=7448]
  0x0000025a6a03a800 GCTaskThread "GC Thread#1" [stack: 0x0000005f73d00000,0x0000005f73e00000] [id=3184]
  0x0000025a6a03d800 GCTaskThread "GC Thread#2" [stack: 0x0000005f73e00000,0x0000005f73f00000] [id=6100]
  0x0000025a6a040800 GCTaskThread "GC Thread#3" [stack: 0x0000005f73f00000,0x0000005f74000000] [id=13932]
  0x0000025a6a07b800 ConcurrentGCThread "G1 Main Marker" [stack: 0x0000005f74000000,0x0000005f74100000] [id=10436]
  0x0000025a6a082800 ConcurrentGCThread "G1 Conc#0" [stack: 0x0000005f74100000,0x0000005f74200000] [id=9012]
  0x0000025a6a0cf800 ConcurrentGCThread "G1 Refine#0" [stack: 0x0000005f74200000,0x0000005f74300000] [id=1296]
  0x0000025a6a0d0800 ConcurrentGCThread "G1 Refine#1" [stack: 0x0000005f74300000,0x0000005f74400000] [id=13524]
  0x0000025a6a0d1800 ConcurrentGCThread "G1 Refine#2" [stack: 0x0000005f74400000,0x0000005f74500000] [id=9652]
  0x0000025a6a0d3000 ConcurrentGCThread "G1 Refine#3" [stack: 0x0000005f74500000,0x0000005f74600000] [id=4784]
  0x0000025a6a0d6000 ConcurrentGCThread "G1 Young RemSet Sampling" [stack: 0x0000005f74600000,0x0000005f74700000] [id=11252]

Threads with active compile tasks:
C2 CompilerThread08456       4       org.gradle.api.internal.attributes.DefaultImmutableAttributesFactory::concat (120 bytes)
C2 CompilerThread18572       4       org.apache.commons.io.FilenameUtils::doNormalize (530 bytes)

VM state:not at safepoint (normal execution)

VM Mutex/Monitor currently owned by a thread: None

Heap address: 0x00000000c0000000, size: 1024 MB, Compressed Oops mode: 32-bit
Narrow klass base: 0x0000000000000000, Narrow klass shift: 3
Compressed class space size: 1073741824 Address: 0x0000000100000000

Heap:
 garbage-first heap   total 138240K, used 83828K [0x00000000c0000000, 0x0000000100000000)
  region size 1024K, 27 young (27648K), 4 survivors (4096K)
 Metaspace       used 75045K, capacity 76680K, committed 76880K, reserved 1116160K
  class space    used 9198K, capacity 9792K, committed 9856K, reserved 1048576K
Heap Regions: E=young(eden), S=young(survivor), O=old, HS=humongous(starts), HC=humongous(continues), CS=collection set, F=free, A=archive, TS=gc time stamp, AC=allocation context, TAMS=top-at-mark-start (previous, next)
|   0|0x00000000c0000000, 0x00000000c0100000, 0x00000000c0100000|100%|HS|  |TS  0|AC  0|TAMS 0x00000000c0100000, 0x00000000c0100000|
|   1|0x00000000c0100000, 0x00000000c0200000, 0x00000000c0200000|100%|HC|  |TS  0|AC  0|TAMS 0x00000000c0200000, 0x00000000c0200000|
|   2|0x00000000c0200000, 0x00000000c0300000, 0x00000000c0300000|100%| O|  |TS  0|AC  0|TAMS 0x00000000c0300000, 0x00000000c0300000|
|   3|0x00000000c0300000, 0x00000000c0400000, 0x00000000c0400000|100%| O|  |TS  0|AC  0|TAMS 0x00000000c0400000, 0x00000000c0400000|
|   4|0x00000000c0400000, 0x00000000c0500000, 0x00000000c0500000|100%| O|  |TS  0|AC  0|TAMS 0x00000000c0500000, 0x00000000c0500000|
|   5|0x00000000c0500000, 0x00000000c0600000, 0x00000000c0600000|100%| O|  |TS  0|AC  0|TAMS 0x00000000c0600000, 0x00000000c0600000|
|   6|0x00000000c0600000, 0x00000000c0700000, 0x00000000c0700000|100%| O|  |TS  0|AC  0|TAMS 0x00000000c0700000, 0x00000000c0700000|
|   7|0x00000000c0700000, 0x00000000c0800000, 0x00000000c0800000|100%| O|  |TS  0|AC  0|TAMS 0x00000000c0800000, 0x00000000c0800000|
|   8|0x00000000c0800000, 0x00000000c0900000, 0x00000000c0900000|100%| O|  |TS  0|AC  0|TAMS 0x00000000c0900000, 0x00000000c0900000|
|   9|0x00000000c0900000, 0x00000000c0a00000, 0x00000000c0a00000|100%| O|  |TS  0|AC  0|TAMS 0x00000000c0a00000, 0x00000000c0a00000|
|  10|0x00000000c0a00000, 0x00000000c0b00000, 0x00000000c0b00000|100%| O|  |TS  0|AC  0|TAMS 0x00000000c0b00000, 0x00000000c0b00000|
|  11|0x00000000c0b00000, 0x00000000c0c00000, 0x00000000c0c00000|100%| O|  |TS  0|AC  0|TAMS 0x00000000c0c00000, 0x00000000c0c00000|
|  12|0x00000000c0c00000, 0x00000000c0d00000, 0x00000000c0d00000|100%|HS|  |TS  0|AC  0|TAMS 0x00000000c0d00000, 0x00000000c0d00000|
|  13|0x00000000c0d00000, 0x00000000c0e00000, 0x00000000c0e00000|100%|HC|  |TS  0|AC  0|TAMS 0x00000000c0e00000, 0x00000000c0e00000|
|  14|0x00000000c0e00000, 0x00000000c0f00000, 0x00000000c0f00000|100%|HC|  |TS  0|AC  0|TAMS 0x00000000c0f00000, 0x00000000c0f00000|
|  15|0x00000000c0f00000, 0x00000000c1000000, 0x00000000c1000000|100%| O|  |TS  0|AC  0|TAMS 0x00000000c1000000, 0x00000000c1000000|
|  16|0x00000000c1000000, 0x00000000c1100000, 0x00000000c1100000|100%| O|  |TS  0|AC  0|TAMS 0x00000000c1100000, 0x00000000c1100000|
|  17|0x00000000c1100000, 0x00000000c1200000, 0x00000000c1200000|100%| O|  |TS  0|AC  0|TAMS 0x00000000c1200000, 0x00000000c1200000|
|  18|0x00000000c1200000, 0x00000000c1300000, 0x00000000c1300000|100%| O|  |TS  0|AC  0|TAMS 0x00000000c1300000, 0x00000000c1300000|
|  19|0x00000000c1300000, 0x00000000c1400000, 0x00000000c1400000|100%| O|  |TS  0|AC  0|TAMS 0x00000000c1400000, 0x00000000c1400000|
|  20|0x00000000c1400000, 0x00000000c1500000, 0x00000000c1500000|100%| O|  |TS  0|AC  0|TAMS 0x00000000c1500000, 0x00000000c1500000|
|  21|0x00000000c1500000, 0x00000000c1600000, 0x00000000c1600000|100%| O|  |TS  0|AC  0|TAMS 0x00000000c1600000, 0x00000000c1600000|
|  22|0x00000000c1600000, 0x00000000c1700000, 0x00000000c1700000|100%| O|  |TS  0|AC  0|TAMS 0x00000000c1700000, 0x00000000c1700000|
|  23|0x00000000c1700000, 0x00000000c1800000, 0x00000000c1800000|100%| O|  |TS  0|AC  0|TAMS 0x00000000c1800000, 0x00000000c1800000|
|  24|0x00000000c1800000, 0x00000000c1900000, 0x00000000c1900000|100%| O|  |TS  0|AC  0|TAMS 0x00000000c1900000, 0x00000000c1900000|
|  25|0x00000000c1900000, 0x00000000c1a00000, 0x00000000c1a00000|100%| O|  |TS  0|AC  0|TAMS 0x00000000c1a00000, 0x00000000c1a00000|
|  26|0x00000000c1a00000, 0x00000000c1b00000, 0x00000000c1b00000|100%| O|  |TS  0|AC  0|TAMS 0x00000000c1b00000, 0x00000000c1b00000|
|  27|0x00000000c1b00000, 0x00000000c1c00000, 0x00000000c1c00000|100%|HS|  |TS  0|AC  0|TAMS 0x00000000c1c00000, 0x00000000c1c00000|
|  28|0x00000000c1c00000, 0x00000000c1d00000, 0x00000000c1d00000|100%|HC|  |TS  0|AC  0|TAMS 0x00000000c1d00000, 0x00000000c1d00000|
|  29|0x00000000c1d00000, 0x00000000c1e00000, 0x00000000c1e00000|100%|HS|  |TS  0|AC  0|TAMS 0x00000000c1e00000, 0x00000000c1e00000|
|  30|0x00000000c1e00000, 0x00000000c1f00000, 0x00000000c1f00000|100%|HC|  |TS  0|AC  0|TAMS 0x00000000c1f00000, 0x00000000c1f00000|
|  31|0x00000000c1f00000, 0x00000000c2000000, 0x00000000c2000000|100%| O|  |TS  0|AC  0|TAMS 0x00000000c2000000, 0x00000000c2000000|
|  32|0x00000000c2000000, 0x00000000c2100000, 0x00000000c2100000|100%|HS|  |TS  0|AC  0|TAMS 0x00000000c2100000, 0x00000000c2100000|
|  33|0x00000000c2100000, 0x00000000c2200000, 0x00000000c2200000|100%|HC|  |TS  0|AC  0|TAMS 0x00000000c2200000, 0x00000000c2200000|
|  34|0x00000000c2200000, 0x00000000c2300000, 0x00000000c2300000|100%| O|  |TS  0|AC  0|TAMS 0x00000000c2300000, 0x00000000c2300000|
|  35|0x00000000c2300000, 0x00000000c2400000, 0x00000000c2400000|100%| O|  |TS  0|AC  0|TAMS 0x00000000c2400000, 0x00000000c2400000|
|  36|0x00000000c2400000, 0x00000000c2500000, 0x00000000c2500000|100%| O|  |TS  0|AC  0|TAMS 0x00000000c2500000, 0x00000000c2500000|
|  37|0x00000000c2500000, 0x00000000c2600000, 0x00000000c2600000|100%| O|  |TS  0|AC  0|TAMS 0x00000000c2600000, 0x00000000c2600000|
|  38|0x00000000c2600000, 0x00000000c2700000, 0x00000000c2700000|100%| O|  |TS  0|AC  0|TAMS 0x00000000c2700000, 0x00000000c2700000|
|  39|0x00000000c2700000, 0x00000000c2800000, 0x00000000c2800000|100%| O|  |TS  0|AC  0|TAMS 0x00000000c2800000, 0x00000000c2800000|
|  40|0x00000000c2800000, 0x00000000c2900000, 0x00000000c2900000|100%| O|  |TS  0|AC  0|TAMS 0x00000000c2900000, 0x00000000c2900000|
|  41|0x00000000c2900000, 0x00000000c2a00000, 0x00000000c2a00000|100%| O|  |TS  0|AC  0|TAMS 0x00000000c2a00000, 0x00000000c2a00000|
|  42|0x00000000c2a00000, 0x00000000c2b00000, 0x00000000c2b00000|100%| O|  |TS  0|AC  0|TAMS 0x00000000c2b00000, 0x00000000c2b00000|
|  43|0x00000000c2b00000, 0x00000000c2c00000, 0x00000000c2c00000|100%| O|  |TS  0|AC  0|TAMS 0x00000000c2c00000, 0x00000000c2c00000|
|  44|0x00000000c2c00000, 0x00000000c2d00000, 0x00000000c2d00000|100%| O|  |TS  0|AC  0|TAMS 0x00000000c2d00000, 0x00000000c2d00000|
|  45|0x00000000c2d00000, 0x00000000c2e00000, 0x00000000c2e00000|100%| O|  |TS  0|AC  0|TAMS 0x00000000c2e00000, 0x00000000c2e00000|
|  46|0x00000000c2e00000, 0x00000000c2f00000, 0x00000000c2f00000|100%| O|  |TS  0|AC  0|TAMS 0x00000000c2f00000, 0x00000000c2f00000|
|  47|0x00000000c2f00000, 0x00000000c3000000, 0x00000000c3000000|100%| O|  |TS  0|AC  0|TAMS 0x00000000c3000000, 0x00000000c3000000|
|  48|0x00000000c3000000, 0x00000000c3100000, 0x00000000c3100000|100%| O|  |TS  0|AC  0|TAMS 0x00000000c3100000, 0x00000000c3100000|
|  49|0x00000000c3100000, 0x00000000c3200000, 0x00000000c3200000|100%| O|  |TS  0|AC  0|TAMS 0x00000000c3200000, 0x00000000c3200000|
|  50|0x00000000c3200000, 0x00000000c3300000, 0x00000000c3300000|100%| O|  |TS  0|AC  0|TAMS 0x00000000c3300000, 0x00000000c3300000|
|  51|0x00000000c3300000, 0x00000000c3400000, 0x00000000c3400000|100%| O|  |TS  0|AC  0|TAMS 0x00000000c3400000, 0x00000000c3400000|
|  52|0x00000000c3400000, 0x00000000c3500000, 0x00000000c3500000|100%| O|  |TS  0|AC  0|TAMS 0x00000000c3500000, 0x00000000c3500000|
|  53|0x00000000c3500000, 0x00000000c3600000, 0x00000000c3600000|100%| O|  |TS  0|AC  0|TAMS 0x00000000c3600000, 0x00000000c3600000|
|  54|0x00000000c3600000, 0x00000000c3700000, 0x00000000c3700000|100%| O|  |TS  2|AC  0|TAMS 0x00000000c365c600, 0x00000000c365c600|
|  55|0x00000000c3700000, 0x00000000c37dd000, 0x00000000c3800000| 86%| O|  |TS  2|AC  0|TAMS 0x00000000c3700000, 0x00000000c3700000|
|  56|0x00000000c3800000, 0x00000000c3800000, 0x00000000c3900000|  0%| F|  |TS  0|AC  0|TAMS 0x00000000c3800000, 0x00000000c3800000|
|  57|0x00000000c3900000, 0x00000000c3900000, 0x00000000c3a00000|  0%| F|  |TS  0|AC  0|TAMS 0x00000000c3900000, 0x00000000c3900000|
|  58|0x00000000c3a00000, 0x00000000c3a00000, 0x00000000c3b00000|  0%| F|  |TS  0|AC  0|TAMS 0x00000000c3a00000, 0x00000000c3a00000|
|  59|0x00000000c3b00000, 0x00000000c3b00000, 0x00000000c3c00000|  0%| F|  |TS  0|AC  0|TAMS 0x00000000c3b00000, 0x00000000c3b00000|
|  60|0x00000000c3c00000, 0x00000000c3c00000, 0x00000000c3d00000|  0%| F|  |TS  0|AC  0|TAMS 0x00000000c3c00000, 0x00000000c3c00000|
|  61|0x00000000c3d00000, 0x00000000c3d00000, 0x00000000c3e00000|  0%| F|  |TS  0|AC  0|TAMS 0x00000000c3d00000, 0x00000000c3d00000|
|  62|0x00000000c3e00000, 0x00000000c3e00000, 0x00000000c3f00000|  0%| F|  |TS  0|AC  0|TAMS 0x00000000c3e00000, 0x00000000c3e00000|
|  63|0x00000000c3f00000, 0x00000000c3f00000, 0x00000000c4000000|  0%| F|  |TS  0|AC  0|TAMS 0x00000000c3f00000, 0x00000000c3f00000|
|  64|0x00000000c4000000, 0x00000000c4000000, 0x00000000c4100000|  0%| F|  |TS  0|AC  0|TAMS 0x00000000c4000000, 0x00000000c4000000|
|  65|0x00000000c4100000, 0x00000000c4100000, 0x00000000c4200000|  0%| F|  |TS  0|AC  0|TAMS 0x00000000c4100000, 0x00000000c4100000|
|  66|0x00000000c4200000, 0x00000000c4200000, 0x00000000c4300000|  0%| F|  |TS  0|AC  0|TAMS 0x00000000c4200000, 0x00000000c4200000|
|  67|0x00000000c4300000, 0x00000000c4300000, 0x00000000c4400000|  0%| F|  |TS  0|AC  0|TAMS 0x00000000c4300000, 0x00000000c4300000|
|  68|0x00000000c4400000, 0x00000000c4400000, 0x00000000c4500000|  0%| F|  |TS  0|AC  0|TAMS 0x00000000c4400000, 0x00000000c4400000|
|  69|0x00000000c4500000, 0x00000000c4500000, 0x00000000c4600000|  0%| F|  |TS  0|AC  0|TAMS 0x00000000c4500000, 0x00000000c4500000|
|  70|0x00000000c4600000, 0x00000000c4600000, 0x00000000c4700000|  0%| F|  |TS  0|AC  0|TAMS 0x00000000c4600000, 0x00000000c4600000|
|  71|0x00000000c4700000, 0x00000000c4700000, 0x00000000c4800000|  0%| F|  |TS  0|AC  0|TAMS 0x00000000c4700000, 0x00000000c4700000|
|  72|0x00000000c4800000, 0x00000000c4800000, 0x00000000c4900000|  0%| F|  |TS  0|AC  0|TAMS 0x00000000c4800000, 0x00000000c4800000|
|  73|0x00000000c4900000, 0x00000000c4900000, 0x00000000c4a00000|  0%| F|  |TS  0|AC  0|TAMS 0x00000000c4900000, 0x00000000c4900000|
|  74|0x00000000c4a00000, 0x00000000c4a00000, 0x00000000c4b00000|  0%| F|  |TS  2|AC  0|TAMS 0x00000000c4a00000, 0x00000000c4a00000|
|  75|0x00000000c4b00000, 0x00000000c4b00000, 0x00000000c4c00000|  0%| F|  |TS  2|AC  0|TAMS 0x00000000c4b00000, 0x00000000c4b00000|
|  76|0x00000000c4c00000, 0x00000000c4c00000, 0x00000000c4d00000|  0%| F|  |TS  1|AC  0|TAMS 0x00000000c4c00000, 0x00000000c4c00000|
|  77|0x00000000c4d00000, 0x00000000c4d00000, 0x00000000c4e00000|  0%| F|  |TS  1|AC  0|TAMS 0x00000000c4d00000, 0x00000000c4d00000|
|  78|0x00000000c4e00000, 0x00000000c4e00000, 0x00000000c4f00000|  0%| F|  |TS  2|AC  0|TAMS 0x00000000c4e00000, 0x00000000c4e00000|
|  79|0x00000000c4f00000, 0x00000000c4f00000, 0x00000000c5000000|  0%| F|  |TS  2|AC  0|TAMS 0x00000000c4f00000, 0x00000000c4f00000|
|  80|0x00000000c5000000, 0x00000000c5000000, 0x00000000c5100000|  0%| F|  |TS  1|AC  0|TAMS 0x00000000c5000000, 0x00000000c5000000|
|  81|0x00000000c5100000, 0x00000000c5100000, 0x00000000c5200000|  0%| F|  |TS  1|AC  0|TAMS 0x00000000c5100000, 0x00000000c5100000|
|  82|0x00000000c5200000, 0x00000000c5200000, 0x00000000c5300000|  0%| F|  |TS  1|AC  0|TAMS 0x00000000c5200000, 0x00000000c5200000|
|  83|0x00000000c5300000, 0x00000000c5300000, 0x00000000c5400000|  0%| F|  |TS  1|AC  0|TAMS 0x00000000c5300000, 0x00000000c5300000|
|  84|0x00000000c5400000, 0x00000000c5400000, 0x00000000c5500000|  0%| F|  |TS  1|AC  0|TAMS 0x00000000c5400000, 0x00000000c5400000|
|  85|0x00000000c5500000, 0x00000000c5500000, 0x00000000c5600000|  0%| F|  |TS  1|AC  0|TAMS 0x00000000c5500000, 0x00000000c5500000|
|  86|0x00000000c5600000, 0x00000000c5600000, 0x00000000c5700000|  0%| F|  |TS  1|AC  0|TAMS 0x00000000c5600000, 0x00000000c5600000|
|  87|0x00000000c5700000, 0x00000000c5700000, 0x00000000c5800000|  0%| F|  |TS  1|AC  0|TAMS 0x00000000c5700000, 0x00000000c5700000|
|  88|0x00000000c5800000, 0x00000000c5800000, 0x00000000c5900000|  0%| F|  |TS  1|AC  0|TAMS 0x00000000c5800000, 0x00000000c5800000|
|  89|0x00000000c5900000, 0x00000000c5900000, 0x00000000c5a00000|  0%| F|  |TS  1|AC  0|TAMS 0x00000000c5900000, 0x00000000c5900000|
|  90|0x00000000c5a00000, 0x00000000c5b00000, 0x00000000c5b00000|100%| S|CS|TS  2|AC  0|TAMS 0x00000000c5a00000, 0x00000000c5a00000|
|  91|0x00000000c5b00000, 0x00000000c5c00000, 0x00000000c5c00000|100%| S|CS|TS  2|AC  0|TAMS 0x00000000c5b00000, 0x00000000c5b00000|
|  92|0x00000000c5c00000, 0x00000000c5d00000, 0x00000000c5d00000|100%| S|CS|TS  2|AC  0|TAMS 0x00000000c5c00000, 0x00000000c5c00000|
|  93|0x00000000c5d00000, 0x00000000c5e00000, 0x00000000c5e00000|100%| S|CS|TS  2|AC  0|TAMS 0x00000000c5d00000, 0x00000000c5d00000|
|  94|0x00000000c5e00000, 0x00000000c5e00000, 0x00000000c5f00000|  0%| F|  |TS  2|AC  0|TAMS 0x00000000c5e00000, 0x00000000c5e00000|
|  95|0x00000000c5f00000, 0x00000000c5f00000, 0x00000000c6000000|  0%| F|  |TS  2|AC  0|TAMS 0x00000000c5f00000, 0x00000000c5f00000|
|  96|0x00000000c6000000, 0x00000000c6000000, 0x00000000c6100000|  0%| F|  |TS  2|AC  0|TAMS 0x00000000c6000000, 0x00000000c6000000|
|  97|0x00000000c6100000, 0x00000000c6100000, 0x00000000c6200000|  0%| F|  |TS  2|AC  0|TAMS 0x00000000c6100000, 0x00000000c6100000|
|  98|0x00000000c6200000, 0x00000000c6200000, 0x00000000c6300000|  0%| F|  |TS  2|AC  0|TAMS 0x00000000c6200000, 0x00000000c6200000|
|  99|0x00000000c6300000, 0x00000000c6300000, 0x00000000c6400000|  0%| F|  |TS  2|AC  0|TAMS 0x00000000c6300000, 0x00000000c6300000|
| 100|0x00000000c6400000, 0x00000000c6400000, 0x00000000c6500000|  0%| F|  |TS  2|AC  0|TAMS 0x00000000c6400000, 0x00000000c6400000|
| 101|0x00000000c6500000, 0x00000000c6500000, 0x00000000c6600000|  0%| F|  |TS  2|AC  0|TAMS 0x00000000c6500000, 0x00000000c6500000|
| 102|0x00000000c6600000, 0x00000000c6600000, 0x00000000c6700000|  0%| F|  |TS  2|AC  0|TAMS 0x00000000c6600000, 0x00000000c6600000|
| 103|0x00000000c6700000, 0x00000000c6700000, 0x00000000c6800000|  0%| F|  |TS  2|AC  0|TAMS 0x00000000c6700000, 0x00000000c6700000|
| 104|0x00000000c6800000, 0x00000000c6800000, 0x00000000c6900000|  0%| F|  |TS  2|AC  0|TAMS 0x00000000c6800000, 0x00000000c6800000|
| 105|0x00000000c6900000, 0x00000000c6900000, 0x00000000c6a00000|  0%| F|  |TS  2|AC  0|TAMS 0x00000000c6900000, 0x00000000c6900000|
| 106|0x00000000c6a00000, 0x00000000c6a00000, 0x00000000c6b00000|  0%| F|  |TS  2|AC  0|TAMS 0x00000000c6a00000, 0x00000000c6a00000|
| 107|0x00000000c6b00000, 0x00000000c6b00000, 0x00000000c6c00000|  0%| F|  |TS  2|AC  0|TAMS 0x00000000c6b00000, 0x00000000c6b00000|
| 108|0x00000000c6c00000, 0x00000000c6c00000, 0x00000000c6d00000|  0%| F|  |TS  2|AC  0|TAMS 0x00000000c6c00000, 0x00000000c6c00000|
| 109|0x00000000c6d00000, 0x00000000c6d00000, 0x00000000c6e00000|  0%| F|  |TS  2|AC  0|TAMS 0x00000000c6d00000, 0x00000000c6d00000|
| 110|0x00000000c6e00000, 0x00000000c6e00000, 0x00000000c6f00000|  0%| F|  |TS  2|AC  0|TAMS 0x00000000c6e00000, 0x00000000c6e00000|
| 111|0x00000000c6f00000, 0x00000000c6f00000, 0x00000000c7000000|  0%| F|  |TS  2|AC  0|TAMS 0x00000000c6f00000, 0x00000000c6f00000|
| 112|0x00000000c7000000, 0x00000000c7080800, 0x00000000c7100000| 50%| E|  |TS  2|AC  0|TAMS 0x00000000c7000000, 0x00000000c7000000|
| 113|0x00000000c7100000, 0x00000000c7200000, 0x00000000c7200000|100%| E|CS|TS  2|AC  0|TAMS 0x00000000c7100000, 0x00000000c7100000|
| 114|0x00000000c7200000, 0x00000000c7300000, 0x00000000c7300000|100%| E|CS|TS  2|AC  0|TAMS 0x00000000c7200000, 0x00000000c7200000|
| 115|0x00000000c7300000, 0x00000000c7400000, 0x00000000c7400000|100%| E|CS|TS  2|AC  0|TAMS 0x00000000c7300000, 0x00000000c7300000|
| 116|0x00000000c7400000, 0x00000000c7500000, 0x00000000c7500000|100%| E|CS|TS  2|AC  0|TAMS 0x00000000c7400000, 0x00000000c7400000|
| 117|0x00000000c7500000, 0x00000000c7600000, 0x00000000c7600000|100%| E|CS|TS  2|AC  0|TAMS 0x00000000c7500000, 0x00000000c7500000|
| 118|0x00000000c7600000, 0x00000000c7700000, 0x00000000c7700000|100%| E|CS|TS  2|AC  0|TAMS 0x00000000c7600000, 0x00000000c7600000|
| 119|0x00000000c7700000, 0x00000000c7800000, 0x00000000c7800000|100%| E|CS|TS  2|AC  0|TAMS 0x00000000c7700000, 0x00000000c7700000|
| 120|0x00000000c7800000, 0x00000000c7900000, 0x00000000c7900000|100%| E|CS|TS  2|AC  0|TAMS 0x00000000c7800000, 0x00000000c7800000|
| 121|0x00000000c7900000, 0x00000000c7a00000, 0x00000000c7a00000|100%| E|CS|TS  2|AC  0|TAMS 0x00000000c7900000, 0x00000000c7900000|
| 122|0x00000000c7a00000, 0x00000000c7b00000, 0x00000000c7b00000|100%| E|CS|TS  2|AC  0|TAMS 0x00000000c7a00000, 0x00000000c7a00000|
| 123|0x00000000c7b00000, 0x00000000c7c00000, 0x00000000c7c00000|100%| E|CS|TS  2|AC  0|TAMS 0x00000000c7b00000, 0x00000000c7b00000|
| 124|0x00000000c7c00000, 0x00000000c7d00000, 0x00000000c7d00000|100%| E|CS|TS  2|AC  0|TAMS 0x00000000c7c00000, 0x00000000c7c00000|
| 125|0x00000000c7d00000, 0x00000000c7e00000, 0x00000000c7e00000|100%| E|CS|TS  2|AC  0|TAMS 0x00000000c7d00000, 0x00000000c7d00000|
| 126|0x00000000c7e00000, 0x00000000c7f00000, 0x00000000c7f00000|100%| E|CS|TS  2|AC  0|TAMS 0x00000000c7e00000, 0x00000000c7e00000|
| 127|0x00000000c7f00000, 0x00000000c8000000, 0x00000000c8000000|100%| E|CS|TS  2|AC  0|TAMS 0x00000000c7f00000, 0x00000000c7f00000|
| 128|0x00000000c8000000, 0x00000000c8100000, 0x00000000c8100000|100%| E|CS|TS  2|AC  0|TAMS 0x00000000c8000000, 0x00000000c8000000|
| 129|0x00000000c8100000, 0x00000000c8200000, 0x00000000c8200000|100%| E|CS|TS  2|AC  0|TAMS 0x00000000c8100000, 0x00000000c8100000|
| 130|0x00000000c8200000, 0x00000000c8300000, 0x00000000c8300000|100%| E|CS|TS  2|AC  0|TAMS 0x00000000c8200000, 0x00000000c8200000|
| 131|0x00000000c8300000, 0x00000000c8400000, 0x00000000c8400000|100%| E|CS|TS  2|AC  0|TAMS 0x00000000c8300000, 0x00000000c8300000|
| 132|0x00000000c8400000, 0x00000000c8500000, 0x00000000c8500000|100%| E|CS|TS  2|AC  0|TAMS 0x00000000c8400000, 0x00000000c8400000|
| 133|0x00000000c8500000, 0x00000000c8600000, 0x00000000c8600000|100%| E|CS|TS  2|AC  0|TAMS 0x00000000c8500000, 0x00000000c8500000|
| 134|0x00000000c8600000, 0x00000000c8700000, 0x00000000c8700000|100%| E|CS|TS  2|AC  0|TAMS 0x00000000c8600000, 0x00000000c8600000|

Card table byte_map: [0x0000025a755b0000,0x0000025a757b0000] byte_map_base: 0x0000025a74fb0000

Marking Bits (Prev, Next): (CMBitMap*) 0x0000025a6a07ac10, (CMBitMap*) 0x0000025a6a07ac48
 Prev Bits: [0x0000025a759b0000, 0x0000025a769b0000)
 Next Bits: [0x0000025a769b0000, 0x0000025a779b0000)

Polling page: 0x0000025a68030000

CodeHeap 'non-profiled nmethods': size=120064Kb used=4639Kb max_used=4639Kb free=115424Kb
 bounds [0x0000025a07ac0000, 0x0000025a07f50000, 0x0000025a0f000000]
CodeHeap 'profiled nmethods': size=120000Kb used=18935Kb max_used=18935Kb free=101065Kb
 bounds [0x0000025a00590000, 0x0000025a01810000, 0x0000025a07ac0000]
CodeHeap 'non-nmethods': size=5696Kb used=2272Kb max_used=2320Kb free=3423Kb
 bounds [0x0000025a00000000, 0x0000025a00270000, 0x0000025a00590000]
 total_blobs=11283 nmethods=8363 adapters=774
 compilation: enabled

Compilation events (10 events):
Event: 21.733 Thread 0x0000025a7a696800 8609       3       com.google.common.collect.Synchronized$SynchronizedListMultimap::delegate (8 bytes)
Event: 21.733 Thread 0x0000025a7a696800 nmethod 8609 0x0000025a017f4690 code [0x0000025a017f4860, 0x0000025a017f4c38]
Event: 21.742 Thread 0x0000025a7a696800 8610       3       com.google.common.cache.LocalCache$EntryFactory$1::newEntry (12 bytes)
Event: 21.743 Thread 0x0000025a7a696800 nmethod 8610 0x0000025a017f4d10 code [0x0000025a017f4f00, 0x0000025a017f5358]
Event: 21.776 Thread 0x0000025a7a696800 8611       3       org.gradle.api.internal.artifacts.DefaultArtifactIdentifier::<init> (48 bytes)
Event: 21.777 Thread 0x0000025a7a696800 nmethod 8611 0x0000025a017f5510 code [0x0000025a017f5760, 0x0000025a017f61d0]
Event: 21.790 Thread 0x0000025a7a696800 8612       3       com.google.common.collect.AbstractMapBasedMultimap$WrappedCollection::refreshIfEmpty (78 bytes)
Event: 21.791 Thread 0x0000025a7a696800 nmethod 8612 0x0000025a017f6590 code [0x0000025a017f67a0, 0x0000025a017f6f40]
Event: 21.791 Thread 0x0000025a7a696800 8613   !   3       org.gradle.internal.action.InstantiatingAction::execute (97 bytes)
Event: 21.792 Thread 0x0000025a7a696800 nmethod 8613 0x0000025a017f7190 code [0x0000025a017f7400, 0x0000025a017f7fd0]

GC Heap History (10 events):
Event: 15.643 GC heap before
{Heap before GC invocations=19 (full 0):
 garbage-first heap   total 114688K, used 84403K [0x00000000c0000000, 0x0000000100000000)
  region size 1024K, 34 young (34816K), 2 survivors (2048K)
 Metaspace       used 64138K, capacity 65499K, committed 65872K, reserved 1107968K
  class space    used 7793K, capacity 8278K, committed 8320K, reserved 1048576K
}
Event: 15.657 GC heap after
{Heap after GC invocations=20 (full 0):
 garbage-first heap   total 114688K, used 53348K [0x00000000c0000000, 0x0000000100000000)
  region size 1024K, 4 young (4096K), 4 survivors (4096K)
 Metaspace       used 64138K, capacity 65499K, committed 65872K, reserved 1107968K
  class space    used 7793K, capacity 8278K, committed 8320K, reserved 1048576K
}
Event: 16.489 GC heap before
{Heap before GC invocations=20 (full 0):
 garbage-first heap   total 114688K, used 86116K [0x00000000c0000000, 0x0000000100000000)
  region size 1024K, 36 young (36864K), 4 survivors (4096K)
 Metaspace       used 66998K, capacity 68538K, committed 68944K, reserved 1110016K
  class space    used 8246K, capacity 8766K, committed 8832K, reserved 1048576K
}
Event: 16.510 GC heap after
{Heap after GC invocations=21 (full 0):
 garbage-first heap   total 114688K, used 55980K [0x00000000c0000000, 0x0000000100000000)
  region size 1024K, 5 young (5120K), 5 survivors (5120K)
 Metaspace       used 66998K, capacity 68538K, committed 68944K, reserved 1110016K
  class space    used 8246K, capacity 8766K, committed 8832K, reserved 1048576K
}
Event: 17.369 GC heap before
{Heap before GC invocations=21 (full 0):
 garbage-first heap   total 114688K, used 88748K [0x00000000c0000000, 0x0000000100000000)
  region size 1024K, 37 young (37888K), 5 survivors (5120K)
 Metaspace       used 69052K, capacity 70557K, committed 71120K, reserved 1112064K
  class space    used 8525K, capacity 9095K, committed 9216K, reserved 1048576K
}
Event: 17.389 GC heap after
{Heap after GC invocations=22 (full 0):
 garbage-first heap   total 114688K, used 57713K [0x00000000c0000000, 0x0000000100000000)
  region size 1024K, 2 young (2048K), 2 survivors (2048K)
 Metaspace       used 69052K, capacity 70557K, committed 71120K, reserved 1112064K
  class space    used 8525K, capacity 9095K, committed 9216K, reserved 1048576K
}
Event: 18.777 GC heap before
{Heap before GC invocations=23 (full 0):
 garbage-first heap   total 114688K, used 90481K [0x00000000c0000000, 0x0000000100000000)
  region size 1024K, 34 young (34816K), 2 survivors (2048K)
 Metaspace       used 71016K, capacity 72579K, committed 73040K, reserved 1114112K
  class space    used 8755K, capacity 9321K, committed 9344K, reserved 1048576K
}
Event: 18.794 GC heap after
{Heap after GC invocations=24 (full 0):
 garbage-first heap   total 138240K, used 59390K [0x00000000c0000000, 0x0000000100000000)
  region size 1024K, 4 young (4096K), 4 survivors (4096K)
 Metaspace       used 71016K, capacity 72579K, committed 73040K, reserved 1114112K
  class space    used 8755K, capacity 9321K, committed 9344K, reserved 1048576K
}
Event: 20.371 GC heap before
{Heap before GC invocations=24 (full 0):
 garbage-first heap   total 138240K, used 101374K [0x00000000c0000000, 0x0000000100000000)
  region size 1024K, 45 young (46080K), 4 survivors (4096K)
 Metaspace       used 74416K, capacity 76139K, committed 76240K, reserved 1116160K
  class space    used 9139K, capacity 9720K, committed 9728K, reserved 1048576K
}
Event: 20.394 GC heap after
{Heap after GC invocations=25 (full 0):
 garbage-first heap   total 138240K, used 61300K [0x00000000c0000000, 0x0000000100000000)
  region size 1024K, 4 young (4096K), 4 survivors (4096K)
 Metaspace       used 74416K, capacity 76139K, committed 76240K, reserved 1116160K
  class space    used 9139K, capacity 9720K, committed 9728K, reserved 1048576K
}

Deoptimization events (10 events):
Event: 20.642 Thread 0x0000025a7bcf5800 Uncommon trap: reason=class_check action=maybe_recompile pc=0x0000025a07efa728 method=org.gradle.api.internal.artifacts.transform.DefaultTransformedFileCache.getResult(Ljava/io/File;Lorg/gradle/internal/hash/HashCode;Lorg/gradle/internal/util/BiFunction;)
Event: 20.650 Thread 0x0000025a7bfa4800 Uncommon trap: reason=class_check action=maybe_recompile pc=0x0000025a07efa728 method=org.gradle.api.internal.artifacts.transform.DefaultTransformedFileCache.getResult(Ljava/io/File;Lorg/gradle/internal/hash/HashCode;Lorg/gradle/internal/util/BiFunction;)
Event: 20.652 Thread 0x0000025a7bfa4800 Uncommon trap: reason=class_check action=maybe_recompile pc=0x0000025a07efa728 method=org.gradle.api.internal.artifacts.transform.DefaultTransformedFileCache.getResult(Ljava/io/File;Lorg/gradle/internal/hash/HashCode;Lorg/gradle/internal/util/BiFunction;)
Event: 20.652 Thread 0x0000025a7bfa4800 Uncommon trap: reason=class_check action=maybe_recompile pc=0x0000025a07efa728 method=org.gradle.api.internal.artifacts.transform.DefaultTransformedFileCache.getResult(Ljava/io/File;Lorg/gradle/internal/hash/HashCode;Lorg/gradle/internal/util/BiFunction;)
Event: 20.900 Thread 0x0000025a7bcf5800 Uncommon trap: reason=unstable_if action=reinterpret pc=0x0000025a07da1b48 method=com.sun.org.apache.xerces.internal.impl.XMLEntityScanner.scanContent(Lcom/sun/org/apache/xerces/internal/xni/XMLString;)I @ 127 c2
Event: 20.921 Thread 0x0000025a7bcf5800 Uncommon trap: reason=unstable_if action=reinterpret pc=0x0000025a07dd4770 method=org.gradle.internal.reflect.PropertyAccessorType.of(Ljava/lang/reflect/Method;)Lorg/gradle/internal/reflect/PropertyAccessorType; @ 4 c2
Event: 21.447 Thread 0x0000025a7bcf5800 Uncommon trap: reason=bimorphic_or_optimized_type_check action=maybe_recompile pc=0x0000025a07f0a194 method=org.gradle.api.internal.attributes.DefaultImmutableAttributes.get()Ljava/lang/Object; @ 4 c2
Event: 21.447 Thread 0x0000025a7bcf5800 Uncommon trap: reason=bimorphic_or_optimized_type_check action=maybe_recompile pc=0x0000025a07f0a194 method=org.gradle.api.internal.attributes.DefaultImmutableAttributes.get()Ljava/lang/Object; @ 4 c2
Event: 21.448 Thread 0x0000025a7bcf5800 Uncommon trap: reason=unstable_if action=reinterpret pc=0x0000025a07ee6344 method=org.gradle.api.internal.changedetection.state.DefaultFileSystemMirror.getContent(Ljava/lang/String;)Lorg/gradle/api/internal/changedetection/state/Snapshot; @ 10 c2
Event: 21.451 Thread 0x0000025a7bfa4800 Uncommon trap: reason=unstable_if action=reinterpret pc=0x0000025a07eecac8 method=org.gradle.api.internal.changedetection.state.DefaultFileSystemMirror.getContent(Ljava/lang/String;)Lorg/gradle/api/internal/changedetection/state/Snapshot; @ 10 c2

Classes redefined (0 events):
No events

Internal exceptions (10 events):
Event: 18.332 Thread 0x0000025a7bcf5800 Exception <a 'java/lang/ClassNotFoundException'{0x00000000c6030340}: groovy/lang/DelegatingMetaClassBeanInfo> (0x00000000c6030340) thrown at [t:/workspace/open/src/hotspot/share/classfile/systemDictionary.cpp, line 233]
Event: 18.333 Thread 0x0000025a7bcf5800 Exception <a 'java/lang/ClassNotFoundException'{0x00000000c603bd58}: groovy/lang/DelegatingMetaClassCustomizer> (0x00000000c603bd58) thrown at [t:/workspace/open/src/hotspot/share/classfile/systemDictionary.cpp, line 233]
Event: 18.335 Thread 0x0000025a7bcf5800 Exception <a 'java/lang/ClassNotFoundException'{0x00000000c6066060}: org/codehaus/groovy/runtime/HandleMetaClassCustomizer> (0x00000000c6066060) thrown at [t:/workspace/open/src/hotspot/share/classfile/systemDictionary.cpp, line 233]
Event: 18.341 Thread 0x0000025a7bcf5800 Exception <a 'java/lang/ClassNotFoundException'{0x00000000c60a3da0}: org/codehaus/groovy/reflection/CachedMethodBeanInfo> (0x00000000c60a3da0) thrown at [t:/workspace/open/src/hotspot/share/classfile/systemDictionary.cpp, line 233]
Event: 18.345 Thread 0x0000025a7bcf5800 Exception <a 'java/lang/ClassNotFoundException'{0x00000000c60aeda0}: groovy/lang/MetaMethodBeanInfo> (0x00000000c60aeda0) thrown at [t:/workspace/open/src/hotspot/share/classfile/systemDictionary.cpp, line 233]
Event: 18.346 Thread 0x0000025a7bcf5800 Exception <a 'java/lang/ClassNotFoundException'{0x00000000c60bc070}: org/codehaus/groovy/reflection/ParameterTypesBeanInfo> (0x00000000c60bc070) thrown at [t:/workspace/open/src/hotspot/share/classfile/systemDictionary.cpp, line 233]
Event: 18.347 Thread 0x0000025a7bcf5800 Exception <a 'java/lang/ClassNotFoundException'{0x00000000c60c8dc0}: org/codehaus/groovy/reflection/ParameterTypesCustomizer> (0x00000000c60c8dc0) thrown at [t:/workspace/open/src/hotspot/share/classfile/systemDictionary.cpp, line 233]
Event: 18.354 Thread 0x0000025a7bcf5800 Exception <a 'java/lang/ClassNotFoundException'{0x00000000c60db0a0}: groovy/lang/MetaMethodCustomizer> (0x00000000c60db0a0) thrown at [t:/workspace/open/src/hotspot/share/classfile/systemDictionary.cpp, line 233]
Event: 18.355 Thread 0x0000025a7bcf5800 Exception <a 'java/lang/ClassNotFoundException'{0x00000000c60f66c0}: org/codehaus/groovy/reflection/CachedMethodCustomizer> (0x00000000c60f66c0) thrown at [t:/workspace/open/src/hotspot/share/classfile/systemDictionary.cpp, line 233]
Event: 21.142 Thread 0x0000025a7bcf5800 Exception <a 'java/lang/NoSuchMethodError'{0x00000000c7b93bc0}: java.lang.Object.lambda$negate$1(Ljava/lang/Object;)Z> (0x00000000c7b93bc0) thrown at [t:/workspace/open/src/hotspot/share/interpreter/linkResolver.cpp, line 741]

Events (10 events):
Event: 21.451 Thread 0x0000025a7bfa4800 DEOPT PACKING pc=0x0000025a07eecac8 sp=0x0000005f762fe960
Event: 21.451 Thread 0x0000025a7bfa4800 DEOPT UNPACKING pc=0x0000025a00028a2f sp=0x0000005f762fe890 mode 2
Event: 21.454 loading class com/android/build/gradle/internal/ide/VariantImpl
Event: 21.454 loading class com/android/build/gradle/internal/ide/VariantImpl done
Event: 21.455 loading class com/android/builder/model/ProductFlavor
Event: 21.455 loading class com/android/builder/model/ProductFlavor done
Event: 21.666 Thread 0x0000025a7bcf5800 DEOPT PACKING pc=0x0000025a013004f9 sp=0x0000005f759fb080
Event: 21.666 Thread 0x0000025a7bcf5800 DEOPT UNPACKING pc=0x0000025a0002884e sp=0x0000005f759fa5c8 mode 0
Event: 21.692 Executing VM operation: ICBufferFull
Event: 21.693 Executing VM operation: ICBufferFull done


Dynamic libraries:
0x00007ff60a930000 - 0x00007ff60a96e000 	C:\Program Files\Java\jdk-10\bin\java.exe
0x00007ffaa9160000 - 0x00007ffaa9341000 	C:\WINDOWS\SYSTEM32\ntdll.dll
0x00007ffaa6930000 - 0x00007ffaa69e2000 	C:\WINDOWS\System32\KERNEL32.DLL
0x00007ffaa55d0000 - 0x00007ffaa5843000 	C:\WINDOWS\System32\KERNELBASE.dll
0x00007ffaa67f0000 - 0x00007ffaa6891000 	C:\WINDOWS\System32\ADVAPI32.dll
0x00007ffaa8af0000 - 0x00007ffaa8b8e000 	C:\WINDOWS\System32\msvcrt.dll
0x00007ffaa6790000 - 0x00007ffaa67eb000 	C:\WINDOWS\System32\sechost.dll
0x00007ffaa6bd0000 - 0x00007ffaa6cf4000 	C:\WINDOWS\System32\RPCRT4.dll
0x00007ffaa8960000 - 0x00007ffaa8af0000 	C:\WINDOWS\System32\USER32.dll
0x00007ffaa6100000 - 0x00007ffaa6120000 	C:\WINDOWS\System32\win32u.dll
0x00007ffaa68a0000 - 0x00007ffaa68c8000 	C:\WINDOWS\System32\GDI32.dll
0x00007ffaa5850000 - 0x00007ffaa59e2000 	C:\WINDOWS\System32\gdi32full.dll
0x00007ffaa5530000 - 0x00007ffaa55cf000 	C:\WINDOWS\System32\msvcp_win.dll
0x00007ffaa6420000 - 0x00007ffaa651a000 	C:\WINDOWS\System32\ucrtbase.dll
0x00007ffa99ea0000 - 0x00007ffa9a109000 	C:\WINDOWS\WinSxS\amd64_microsoft.windows.common-controls_6595b64144ccf1df_6.0.17134.137_none_fb44974530639b67\COMCTL32.dll
0x00007ffa9ed10000 - 0x00007ffa9ed1a000 	C:\WINDOWS\SYSTEM32\VERSION.dll
0x00007ffaa8e00000 - 0x00007ffaa9123000 	C:\WINDOWS\System32\combase.dll
0x00007ffaa6520000 - 0x00007ffaa659a000 	C:\WINDOWS\System32\bcryptPrimitives.dll
0x00007ffaa65f0000 - 0x00007ffaa661d000 	C:\WINDOWS\System32\IMM32.DLL
0x00007ffa8c810000 - 0x00007ffa8c8ff000 	C:\Program Files\Java\jdk-10\bin\msvcr120.dll
0x00007ffa8c760000 - 0x00007ffa8c806000 	C:\Program Files\Java\jdk-10\bin\msvcp120.dll
0x0000000073140000 - 0x0000000073baf000 	C:\Program Files\Java\jdk-10\bin\server\jvm.dll
0x00007ffaa8d50000 - 0x00007ffaa8d58000 	C:\WINDOWS\System32\PSAPI.DLL
0x00007ffa9dc90000 - 0x00007ffa9dc99000 	C:\WINDOWS\SYSTEM32\WSOCK32.dll
0x00007ffa9ed70000 - 0x00007ffa9ed93000 	C:\WINDOWS\SYSTEM32\WINMM.dll
0x00007ffaa72a0000 - 0x00007ffaa730c000 	C:\WINDOWS\System32\WS2_32.dll
0x00007ffa9ed20000 - 0x00007ffa9ed4a000 	C:\WINDOWS\SYSTEM32\winmmbase.dll
0x00007ffaa65a0000 - 0x00007ffaa65e9000 	C:\WINDOWS\System32\cfgmgr32.dll
0x00007ffaa03e0000 - 0x00007ffaa03ef000 	C:\Program Files\Java\jdk-10\bin\verify.dll
0x00007ffaa1c30000 - 0x00007ffaa1df9000 	C:\WINDOWS\SYSTEM32\DBGHELP.DLL
0x00007ffa9ecc0000 - 0x00007ffa9ece9000 	C:\WINDOWS\SYSTEM32\dbgcore.DLL
0x00007ffa98b80000 - 0x00007ffa98ba7000 	C:\Program Files\Java\jdk-10\bin\java.dll
0x00007ffa9fc80000 - 0x00007ffa9fc96000 	C:\Program Files\Java\jdk-10\bin\zip.dll
0x00007ffa9e8c0000 - 0x00007ffa9e8ca000 	C:\Program Files\Java\jdk-10\bin\jimage.dll
0x00007ffaa74a0000 - 0x00007ffaa88e0000 	C:\WINDOWS\System32\SHELL32.dll
0x00007ffaa6a50000 - 0x00007ffaa6af9000 	C:\WINDOWS\System32\shcore.dll
0x00007ffaa59f0000 - 0x00007ffaa60fd000 	C:\WINDOWS\System32\windows.storage.dll
0x00007ffaa69f0000 - 0x00007ffaa6a41000 	C:\WINDOWS\System32\shlwapi.dll
0x00007ffaa54f0000 - 0x00007ffaa5501000 	C:\WINDOWS\System32\kernel.appcore.dll
0x00007ffaa5510000 - 0x00007ffaa552f000 	C:\WINDOWS\System32\profapi.dll
0x00007ffaa5470000 - 0x00007ffaa54bc000 	C:\WINDOWS\System32\powrprof.dll
0x00007ffaa54c0000 - 0x00007ffaa54ca000 	C:\WINDOWS\System32\FLTLIB.DLL
0x00007ffa99c60000 - 0x00007ffa99c7a000 	C:\Program Files\Java\jdk-10\bin\net.dll
0x00007ffaa0af0000 - 0x00007ffaa0bcc000 	C:\WINDOWS\SYSTEM32\WINHTTP.dll
0x00007ffaa4c90000 - 0x00007ffaa4cf6000 	C:\WINDOWS\system32\mswsock.dll
0x00007ffa945e0000 - 0x00007ffa945f1000 	C:\Program Files\Java\jdk-10\bin\nio.dll
0x00007ffa8be10000 - 0x00007ffa8be2e000 	C:\Users\ewens.HGSC\.gradle\native\25\windows-amd64\native-platform.dll
0x00007ffa98c70000 - 0x00007ffa98c79000 	C:\Program Files\Java\jdk-10\bin\management.dll
0x00007ffa945d0000 - 0x00007ffa945da000 	C:\Program Files\Java\jdk-10\bin\management_ext.dll
0x00007ffaa4e40000 - 0x00007ffaa4e57000 	C:\WINDOWS\SYSTEM32\CRYPTSP.dll
0x00007ffaa4870000 - 0x00007ffaa48a3000 	C:\WINDOWS\system32\rsaenh.dll
0x00007ffaa4f70000 - 0x00007ffaa4f95000 	C:\WINDOWS\SYSTEM32\bcrypt.dll
0x00007ffaa5370000 - 0x00007ffaa5398000 	C:\WINDOWS\SYSTEM32\USERENV.dll
0x00007ffaa4e60000 - 0x00007ffaa4e6b000 	C:\WINDOWS\SYSTEM32\CRYPTBASE.dll
0x00007ffaa4a10000 - 0x00007ffaa4a48000 	C:\WINDOWS\SYSTEM32\IPHLPAPI.DLL
0x00007ffaa7490000 - 0x00007ffaa7498000 	C:\WINDOWS\System32\NSI.dll
0x00007ffaa0710000 - 0x00007ffaa0726000 	C:\WINDOWS\SYSTEM32\dhcpcsvc6.DLL
0x00007ffaa03c0000 - 0x00007ffaa03da000 	C:\WINDOWS\SYSTEM32\dhcpcsvc.DLL

dbghelp: loaded successfully - version: 4.0.5 - missing functions: none
symbol engine: initialized successfully - sym options: 0x614 - pdb path: .;C:\Program Files\Java\jdk-10\bin;C:\WINDOWS\SYSTEM32;C:\WINDOWS\WinSxS\amd64_microsoft.windows.common-controls_6595b64144ccf1df_6.0.17134.137_none_fb44974530639b67;C:\Program Files\Java\jdk-10\bin\server;C:\Users\ewens.HGSC\.gradle\native\25\windows-amd64

VM Arguments:
jvm_args: -XX:+HeapDumpOnOutOfMemoryError -Xmx1024m -Dfile.encoding=windows-1252 -Duser.country=US -Duser.language=en -Duser.variant 
java_command: org.gradle.launcher.daemon.bootstrap.GradleDaemon 4.10-20180626235929+0000
java_class_path (initial): C:\opt\gradle-4.10-20180626235929+0000\lib\gradle-launcher-4.10.jar
Launcher Type: SUN_STANDARD

Logging:
Log output configuration:
#0: stdout all=warning uptime,level,tags
#1: stderr all=off uptime,level,tags

Environment Variables:
PATH=C:\ProgramData\Oracle\Java\javapath;C:\Program Files (x86)\Intel\iCLS Client\;C:\Program Files\Intel\iCLS Client\;C:\WINDOWS\system32;C:\WINDOWS;C:\WINDOWS\System32\Wbem;C:\WINDOWS\System32\WindowsPowerShell\v1.0\;C:\Program Files (x86)\Intel\UCRT\;C:\Program Files\Intel\UCRT\;C:\Program Files (x86)\Intel\Intel(R) Management Engine Components\DAL;C:\Program Files\Intel\Intel(R) Management Engine Components\DAL;C:\Program Files (x86)\Intel\Intel(R) Management Engine Components\IPT;C:\Program Files\Intel\Intel(R) Management Engine Components\IPT;C:\Program Files\PuTTY\;C:\WINDOWS\System32\OpenSSH\;C:\Program Files\Intel\WiFi\bin\;C:\Program Files\Common Files\Intel\WirelessCommon\;C:\Program Files\Git\cmd;C:\Program Files\Git\mingw64\bin;C:\Program Files\Git\usr\bin;C:\Users\ewens.HGSC\AppData\Local\Microsoft\WindowsApps;C:\Users\ewens.HGSC\AppData\Local\GitHubDesktop\bin
USERNAME=ewens
OS=Windows_NT
PROCESSOR_IDENTIFIER=Intel64 Family 6 Model 61 Stepping 4, GenuineIntel



---------------  S Y S T E M  ---------------

OS: Windows 10 , 64 bit Build 17134 (10.0.17134.1)

CPU:total 4 (initial active 4) (2 cores per cpu, 2 threads per core) family 6 model 61 stepping 4, cmov, cx8, fxsr, mmx, sse, sse2, sse3, ssse3, sse4.1, sse4.2, popcnt, avx, avx2, aes, clmul, erms, 3dnowpref, lzcnt, ht, tsc, tscinvbit, bmi1, bmi2, adx, fma

Memory: 4k page, physical 4066412k(337672k free), swap 5491820k(6160k free)

vm_info: Java HotSpot(TM) 64-Bit Server VM (10+46) for windows-amd64 JRE (10+46), built on Mar  8 2018 02:11:18 by "mach5one" with MS VC++ 12.0 (VS2013)

END.
