#
# There is insufficient memory for the Java Runtime Environment to continue.
# Native memory allocation (malloc) failed to allocate 1669136 bytes for Chunk::new
# Possible reasons:
#   The system is out of physical RAM or swap space
#   The process is running with CompressedOops enabled, and the Java Heap may be blocking the growth of the native heap
# Possible solutions:
#   Reduce memory load on the system
#   Increase physical memory or swap space
#   Check if swap backing store is full
#   Decrease Java heap size (-Xmx/-Xms)
#   Decrease number of Java threads
#   Decrease Java thread stack sizes (-Xss)
#   Set larger code cache with -XX:ReservedCodeCacheSize=
#   JVM is running with Unscaled Compressed Oops mode in which the Java heap is
#     placed in the first 4GB address space. The Java Heap base address is the
#     maximum limit for the native heap growth. Please use -XX:HeapBaseMinAddress
#     to set the Java Heap base and to place the Java Heap above 4GB virtual address.
# This output file may be truncated or incomplete.
#
#  Out of Memory Error (t:/workspace/open/src/hotspot/share/memory/arena.cpp:198), pid=18580, tid=14512
#
# JRE version: Java(TM) SE Runtime Environment (10.0+46) (build 10+46)
# Java VM: Java HotSpot(TM) 64-Bit Server VM (10+46, mixed mode, tiered, compressed oops, g1 gc, windows-amd64)
# No core dump will be written. Minidumps are not enabled by default on client versions of Windows
#

---------------  S U M M A R Y ------------

Command Line: -XX:+HeapDumpOnOutOfMemoryError -Xmx1024m -Dfile.encoding=windows-1252 -Duser.country=US -Duser.language=en -Duser.variant org.gradle.launcher.daemon.bootstrap.GradleDaemon 4.10-20180628235918+0000

Host: Intel(R) Core(TM) M-5Y10c CPU @ 0.80GHz, 4 cores, 3G,  Windows 10 , 64 bit Build 17134 (10.0.17134.1)
Time: Thu Jun 28 23:39:19 2018 Central Daylight Time elapsed time: 151 seconds (0d 0h 2m 31s)

---------------  T H R E A D  ---------------

Current thread (0x000001c9e3cfc800):  JavaThread "C2 CompilerThread0" daemon [_thread_in_native, id=14512, stack(0x00000035b6c00000,0x00000035b6d00000)]


Current CompileTask:
C2: 151854 17498       4       com.android.tools.r8.ir.optimize.MoveEliminator::shouldBeEliminated (265 bytes)

Stack: [0x00000035b6c00000,0x00000035b6d00000]
Native frames: (J=compiled Java code, j=interpreted, Vv=VM code, C=native code)
V  [jvm.dll+0x59fbf9]
V  [jvm.dll+0x6bca11]
V  [jvm.dll+0x6bdc06]
V  [jvm.dll+0x6be293]
V  [jvm.dll+0x234ba8]
V  [jvm.dll+0xbb9cc]
V  [jvm.dll+0xbbedc]
V  [jvm.dll+0x34be01]
V  [jvm.dll+0x310f8a]
V  [jvm.dll+0x31051a]
V  [jvm.dll+0x1fffd1]
V  [jvm.dll+0x1ff256]
V  [jvm.dll+0x17caeb]
V  [jvm.dll+0x20ca3d]
V  [jvm.dll+0x20b806]
V  [jvm.dll+0x68b42f]
V  [jvm.dll+0x59ef10]
C  [msvcr120.dll+0x24f7f]
C  [msvcr120.dll+0x25126]
C  [KERNEL32.DLL+0x13034]
C  [ntdll.dll+0x71431]


---------------  P R O C E S S  ---------------

Threads class SMR info:
_java_thread_list=0x000001c9e4464fb0, length=58, elements={
0x000001c9c274e000, 0x000001c9e3c8d800, 0x000001c9e3ca0800, 0x000001c9e3cf7800,
0x000001c9e3cf9800, 0x000001c9e3cfc800, 0x000001c9e3cff800, 0x000001c9e3d04800,
0x000001c9e3d0d800, 0x000001c9e3fbb000, 0x000001c9e3fbf800, 0x000001c9e514f000,
0x000001c9e4fbe000, 0x000001c9e5015800, 0x000001c9e4cdb000, 0x000001c9e5578800,
0x000001c9e58d0000, 0x000001c9e58b8800, 0x000001c9e492b800, 0x000001c9e547c800,
0x000001c9e547d800, 0x000001c9e547a000, 0x000001c9e5479800, 0x000001c9e547b000,
0x000001c9e547b800, 0x000001c9e5477000, 0x000001c9e5476000, 0x000001c9e5478800,
0x000001c9e7013800, 0x000001c9e7016000, 0x000001c9e7017000, 0x000001c9e7015800,
0x000001c9e7018800, 0x000001c9e7019000, 0x000001c9e7017800, 0x000001c9e7014800,
0x000001c9e7012000, 0x000001c9e701a000, 0x000001c9e701b800, 0x000001c9e701c800,
0x000001c9e701e000, 0x000001c9e701f800, 0x000001c9e7021000, 0x000001c9e7020800,
0x000001c9e9a76000, 0x000001c9e9a6f000, 0x000001c9e9a70800, 0x000001c9e9a77000,
0x000001c9e9a78800, 0x000001c9e9a72000, 0x000001c9e9a7a000, 0x000001c9e9a79000,
0x000001c9e9a73000, 0x000001c9e9a7b000, 0x000001c9e9a73800, 0x000001c9e9a7b800,
0x000001c9e9a74800, 0x000001c9e9a7c800
}

Java Threads: ( => current thread )
  0x000001c9c274e000 JavaThread "main" [_thread_blocked, id=13528, stack(0x00000035b5b00000,0x00000035b5c00000)]
  0x000001c9e3c8d800 JavaThread "Reference Handler" daemon [_thread_blocked, id=8252, stack(0x00000035b6800000,0x00000035b6900000)]
  0x000001c9e3ca0800 JavaThread "Finalizer" daemon [_thread_blocked, id=8760, stack(0x00000035b6900000,0x00000035b6a00000)]
  0x000001c9e3cf7800 JavaThread "Signal Dispatcher" daemon [_thread_blocked, id=18312, stack(0x00000035b6a00000,0x00000035b6b00000)]
  0x000001c9e3cf9800 JavaThread "Attach Listener" daemon [_thread_blocked, id=15356, stack(0x00000035b6b00000,0x00000035b6c00000)]
=>0x000001c9e3cfc800 JavaThread "C2 CompilerThread0" daemon [_thread_in_native, id=14512, stack(0x00000035b6c00000,0x00000035b6d00000)]
  0x000001c9e3cff800 JavaThread "C2 CompilerThread1" daemon [_thread_in_native, id=10396, stack(0x00000035b6d00000,0x00000035b6e00000)]
  0x000001c9e3d04800 JavaThread "C1 CompilerThread2" daemon [_thread_in_native, id=14472, stack(0x00000035b6e00000,0x00000035b6f00000)]
  0x000001c9e3d0d800 JavaThread "Sweeper thread" daemon [_thread_blocked, id=16776, stack(0x00000035b6f00000,0x00000035b7000000)]
  0x000001c9e3fbb000 JavaThread "Service Thread" daemon [_thread_blocked, id=14412, stack(0x00000035b7000000,0x00000035b7100000)]
  0x000001c9e3fbf800 JavaThread "Common-Cleaner" daemon [_thread_blocked, id=3464, stack(0x00000035b7100000,0x00000035b7200000)]
  0x000001c9e514f000 JavaThread "Daemon health stats" [_thread_blocked, id=10300, stack(0x00000035b7300000,0x00000035b7400000)]
  0x000001c9e4fbe000 JavaThread "Incoming local TCP Connector on port 50458" [_thread_in_native, id=17068, stack(0x00000035b7400000,0x00000035b7500000)]
  0x000001c9e5015800 JavaThread "Daemon periodic checks" [_thread_blocked, id=17224, stack(0x00000035b7500000,0x00000035b7600000)]
  0x000001c9e4cdb000 JavaThread "Daemon" [_thread_blocked, id=14956, stack(0x00000035b7600000,0x00000035b7700000)]
  0x000001c9e5578800 JavaThread "Handler for socket connection from /127.0.0.1:50458 to /127.0.0.1:50459" [_thread_in_native, id=2016, stack(0x00000035b7700000,0x00000035b7800000)]
  0x000001c9e58d0000 JavaThread "Cancel handler" [_thread_blocked, id=13356, stack(0x00000035b7800000,0x00000035b7900000)]
  0x000001c9e58b8800 JavaThread "Daemon worker" [_thread_blocked, id=3640, stack(0x00000035b7900000,0x00000035b7a00000)]
  0x000001c9e492b800 JavaThread "Asynchronous log dispatcher for DefaultDaemonConnection: socket connection from /127.0.0.1:50458 to /127.0.0.1:50459" [_thread_blocked, id=6120, stack(0x00000035b7a00000,0x00000035b7b00000)]
  0x000001c9e547c800 JavaThread "Cache worker for file hash cache (C:\Users\ewens.HGSC\.gradle\caches\4.10-20180628235918+0000\fileHashes)" [_thread_blocked, id=568, stack(0x00000035b7c00000,0x00000035b7d00000)]
  0x000001c9e547d800 JavaThread "File lock request listener" [_thread_in_native, id=19216, stack(0x00000035b7d00000,0x00000035b7e00000)]
  0x000001c9e547a000 JavaThread "Cache worker for file hash cache (C:\Users\ewens.HGSC\Documents\GitHub\Wifi-Fixer\.gradle\4.10-20180628235918+0000\fileHashes)" [_thread_blocked, id=9324, stack(0x00000035b7e00000,0x00000035b7f00000)]
  0x000001c9e5479800 JavaThread "Cache worker for journal cache (C:\Users\ewens.HGSC\.gradle\caches\journal-1)" [_thread_blocked, id=11572, stack(0x00000035b7f00000,0x00000035b8000000)]
  0x000001c9e547b000 JavaThread "Cache worker for cache directory md-supplier (C:\Users\ewens.HGSC\.gradle\caches\4.10-20180628235918+0000\md-supplier)" [_thread_blocked, id=3460, stack(0x00000035b8000000,0x00000035b8100000)]
  0x000001c9e547b800 JavaThread "Cache worker for cache directory md-rule (C:\Users\ewens.HGSC\.gradle\caches\4.10-20180628235918+0000\md-rule)" [_thread_blocked, id=3548, stack(0x00000035b8100000,0x00000035b8200000)]
  0x000001c9e5477000 JavaThread "Cache worker for Artifact transforms cache (C:\Users\ewens.HGSC\.gradle\caches\transforms-1)" [_thread_blocked, id=9368, stack(0x00000035b8200000,0x00000035b8300000)]
  0x000001c9e5476000 JavaThread "Build operations" [_thread_blocked, id=11552, stack(0x00000035b8300000,0x00000035b8400000)]
  0x000001c9e5478800 JavaThread "Build operations Thread 2" [_thread_blocked, id=20140, stack(0x00000035b8400000,0x00000035b8500000)]
  0x000001c9e7013800 JavaThread "Build operations Thread 3" [_thread_blocked, id=20268, stack(0x00000035b8500000,0x00000035b8600000)]
  0x000001c9e7016000 JavaThread "Build operations Thread 4" [_thread_blocked, id=13992, stack(0x00000035b8600000,0x00000035b8700000)]
  0x000001c9e7017000 JavaThread "Memory manager" [_thread_blocked, id=17952, stack(0x00000035b8700000,0x00000035b8800000)]
  0x000001c9e7015800 JavaThread "Cache worker for file content cache (C:\Users\ewens.HGSC\.gradle\caches\4.10-20180628235918+0000\fileContent)" [_thread_blocked, id=20400, stack(0x00000035b8800000,0x00000035b8900000)]
  0x000001c9e7018800 JavaThread "Cache worker for file content cache (C:\Users\ewens.HGSC\Documents\GitHub\Wifi-Fixer\.gradle\4.10-20180628235918+0000\fileContent)" [_thread_blocked, id=7848, stack(0x00000035b8900000,0x00000035b8a00000)]
  0x000001c9e7019000 JavaThread "Task worker for ':'" [_thread_blocked, id=1224, stack(0x00000035b8a00000,0x00000035b8b00000)]
  0x000001c9e7017800 JavaThread "Task worker for ':' Thread 2" [_thread_blocked, id=13468, stack(0x00000035b8b00000,0x00000035b8c00000)]
  0x000001c9e7014800 JavaThread "Task worker for ':' Thread 3" [_thread_in_native, id=14352, stack(0x00000035b8c00000,0x00000035b8d00000)]
  0x000001c9e7012000 JavaThread "Cache worker for task history cache (C:\Users\ewens.HGSC\Documents\GitHub\Wifi-Fixer\.gradle\4.10-20180628235918+0000\taskHistory)" [_thread_blocked, id=15484, stack(0x00000035b8e00000,0x00000035b8f00000)]
  0x000001c9e701a000 JavaThread "Cache worker for Build Output Cleanup Cache (C:\Users\ewens.HGSC\Documents\GitHub\Wifi-Fixer\.gradle\buildOutputCleanup)" [_thread_blocked, id=18360, stack(0x00000035b8f00000,0x00000035b9000000)]
  0x000001c9e701b800 JavaThread "ForkJoinPool.commonPool-worker-1" daemon [_thread_in_Java, id=20188, stack(0x00000035b9000000,0x00000035b9100000)]
  0x000001c9e701c800 JavaThread "ForkJoinPool.commonPool-worker-3" daemon [_thread_in_Java, id=16080, stack(0x00000035b9200000,0x00000035b9300000)]
  0x000001c9e701e000 JavaThread "pool-3-thread-1" [_thread_blocked, id=9436, stack(0x00000035b9300000,0x00000035b9400000)]
  0x000001c9e701f800 JavaThread "stderr" daemon [_thread_in_native, id=2744, stack(0x00000035b9400000,0x00000035b9500000)]
  0x000001c9e7021000 JavaThread "stdout" daemon [_thread_in_native, id=12236, stack(0x00000035b9500000,0x00000035b9600000)]
  0x000001c9e7020800 JavaThread "stderr" daemon [_thread_in_native, id=18936, stack(0x00000035b9600000,0x00000035b9700000)]
  0x000001c9e9a76000 JavaThread "stdout" daemon [_thread_in_native, id=11700, stack(0x00000035b9700000,0x00000035b9800000)]
  0x000001c9e9a6f000 JavaThread "stderr" daemon [_thread_in_native, id=16788, stack(0x00000035b9800000,0x00000035b9900000)]
  0x000001c9e9a70800 JavaThread "stdout" daemon [_thread_in_native, id=12228, stack(0x00000035b9900000,0x00000035b9a00000)]
  0x000001c9e9a77000 JavaThread "Cache worker for Java compile cache (C:\Users\ewens.HGSC\Documents\GitHub\Wifi-Fixer\.gradle\4.10-20180628235918+0000\javaCompile)" [_thread_blocked, id=6816, stack(0x00000035b5700000,0x00000035b5800000)]
  0x000001c9e9a78800 JavaThread "WorkerExecutor Queue" [_thread_blocked, id=15732, stack(0x00000035b5800000,0x00000035b5900000)]
  0x000001c9e9a72000 JavaThread "WorkerExecutor Queue Thread 2" [_thread_blocked, id=9452, stack(0x00000035b5900000,0x00000035b5a00000)]
  0x000001c9e9a7a000 JavaThread "WorkerExecutor Queue Thread 3" [_thread_blocked, id=18000, stack(0x00000035b7b00000,0x00000035b7c00000)]
  0x000001c9e9a79000 JavaThread "WorkerExecutor Queue Thread 4" [_thread_blocked, id=11812, stack(0x00000035b9a00000,0x00000035b9b00000)]
  0x000001c9e9a73000 JavaThread "WorkerExecutor Queue Thread 5" [_thread_blocked, id=11804, stack(0x00000035b9b00000,0x00000035b9c00000)]
  0x000001c9e9a7b000 JavaThread "WorkerExecutor Queue Thread 6" [_thread_blocked, id=11516, stack(0x00000035b9c00000,0x00000035b9d00000)]
  0x000001c9e9a73800 JavaThread "WorkerExecutor Queue Thread 7" [_thread_blocked, id=15348, stack(0x00000035b9d00000,0x00000035b9e00000)]
  0x000001c9e9a7b800 JavaThread "WorkerExecutor Queue Thread 8" [_thread_blocked, id=19488, stack(0x00000035b9e00000,0x00000035b9f00000)]
  0x000001c9e9a74800 JavaThread "WorkerExecutor Queue Thread 9" [_thread_blocked, id=15868, stack(0x00000035b9f00000,0x00000035ba000000)]
  0x000001c9e9a7c800 JavaThread "ForkJoinPool.commonPool-worker-4" daemon [_thread_in_Java, id=18156, stack(0x00000035ba000000,0x00000035ba100000)]

Other Threads:
  0x000001c9e3c8a000 VMThread "VM Thread" [stack: 0x00000035b6700000,0x00000035b6800000] [id=14128]
  0x000001c9e3fc0000 WatcherThread [stack: 0x00000035b7200000,0x00000035b7300000] [id=15528]
  0x000001c9c2768000 GCTaskThread "GC Thread#0" [stack: 0x00000035b5c00000,0x00000035b5d00000] [id=19640]
  0x000001c9c276a800 GCTaskThread "GC Thread#1" [stack: 0x00000035b5d00000,0x00000035b5e00000] [id=13552]
  0x000001c9c276d000 GCTaskThread "GC Thread#2" [stack: 0x00000035b5e00000,0x00000035b5f00000] [id=8832]
  0x000001c9c2778000 GCTaskThread "GC Thread#3" [stack: 0x00000035b5f00000,0x00000035b6000000] [id=13168]
  0x000001c9c27b2800 ConcurrentGCThread "G1 Main Marker" [stack: 0x00000035b6000000,0x00000035b6100000] [id=19192]
  0x000001c9c27b5800 ConcurrentGCThread "G1 Conc#0" [stack: 0x00000035b6100000,0x00000035b6200000] [id=3944]
  0x000001c9c27ff000 ConcurrentGCThread "G1 Refine#0" [stack: 0x00000035b6200000,0x00000035b6300000] [id=11068]
  0x000001c9c2800000 ConcurrentGCThread "G1 Refine#1" [stack: 0x00000035b6300000,0x00000035b6400000] [id=18476]
  0x000001c9c2801000 ConcurrentGCThread "G1 Refine#2" [stack: 0x00000035b6400000,0x00000035b6500000] [id=9484]
  0x000001c9c2802000 ConcurrentGCThread "G1 Refine#3" [stack: 0x00000035b6500000,0x00000035b6600000] [id=13872]
  0x000001c9c2806000 ConcurrentGCThread "G1 Young RemSet Sampling" [stack: 0x00000035b6600000,0x00000035b6700000] [id=11160]

Threads with active compile tasks:
C2 CompilerThread017498       4       com.android.tools.r8.ir.optimize.MoveEliminator::shouldBeEliminated (265 bytes)
C2 CompilerThread117357       4       com.google.common.reflect.TypeResolver::resolveType (74 bytes)
C1 CompilerThread217690       3       com.android.tools.r8.ir.optimize.CodeRewriter::shortenLiveRanges (482 bytes)

VM state:not at safepoint (normal execution)

VM Mutex/Monitor currently owned by a thread: None

Heap address: 0x00000000c0000000, size: 1024 MB, Compressed Oops mode: 32-bit
Narrow klass base: 0x0000000000000000, Narrow klass shift: 3
Compressed class space size: 1073741824 Address: 0x0000000100000000

Heap:
 garbage-first heap   total 168960K, used 103388K [0x00000000c0000000, 0x0000000100000000)
  region size 1024K, 13 young (13312K), 1 survivors (1024K)
 Metaspace       used 99694K, capacity 101560K, committed 102256K, reserved 1138688K
  class space    used 11643K, capacity 12329K, committed 12400K, reserved 1048576K
Heap Regions: E=young(eden), S=young(survivor), O=old, HS=humongous(starts), HC=humongous(continues), CS=collection set, F=free, A=archive, TS=gc time stamp, AC=allocation context, TAMS=top-at-mark-start (previous, next)
|   0|0x00000000c0000000, 0x00000000c0100000, 0x00000000c0100000|100%|HS|  |TS  0|AC  0|TAMS 0x00000000c0100000, 0x00000000c0100000|
|   1|0x00000000c0100000, 0x00000000c0200000, 0x00000000c0200000|100%|HC|  |TS  0|AC  0|TAMS 0x00000000c0200000, 0x00000000c0200000|
|   2|0x00000000c0200000, 0x00000000c0300000, 0x00000000c0300000|100%| O|  |TS  0|AC  0|TAMS 0x00000000c0300000, 0x00000000c0300000|
|   3|0x00000000c0300000, 0x00000000c0400000, 0x00000000c0400000|100%| O|  |TS  0|AC  0|TAMS 0x00000000c0400000, 0x00000000c0400000|
|   4|0x00000000c0400000, 0x00000000c0500000, 0x00000000c0500000|100%| O|  |TS  0|AC  0|TAMS 0x00000000c0500000, 0x00000000c0500000|
|   5|0x00000000c0500000, 0x00000000c0600000, 0x00000000c0600000|100%| O|  |TS  0|AC  0|TAMS 0x00000000c0600000, 0x00000000c0600000|
|   6|0x00000000c0600000, 0x00000000c0700000, 0x00000000c0700000|100%| O|  |TS  0|AC  0|TAMS 0x00000000c0700000, 0x00000000c0700000|
|   7|0x00000000c0700000, 0x00000000c0800000, 0x00000000c0800000|100%| O|  |TS  0|AC  0|TAMS 0x00000000c0800000, 0x00000000c0800000|
|   8|0x00000000c0800000, 0x00000000c0900000, 0x00000000c0900000|100%| O|  |TS  0|AC  0|TAMS 0x00000000c0900000, 0x00000000c0900000|
|   9|0x00000000c0900000, 0x00000000c0a00000, 0x00000000c0a00000|100%| O|  |TS  0|AC  0|TAMS 0x00000000c0a00000, 0x00000000c0a00000|
|  10|0x00000000c0a00000, 0x00000000c0b00000, 0x00000000c0b00000|100%| O|  |TS  0|AC  0|TAMS 0x00000000c0b00000, 0x00000000c0b00000|
|  11|0x00000000c0b00000, 0x00000000c0c00000, 0x00000000c0c00000|100%| O|  |TS  0|AC  0|TAMS 0x00000000c0c00000, 0x00000000c0c00000|
|  12|0x00000000c0c00000, 0x00000000c0d00000, 0x00000000c0d00000|100%| O|  |TS  0|AC  0|TAMS 0x00000000c0d00000, 0x00000000c0d00000|
|  13|0x00000000c0d00000, 0x00000000c0e00000, 0x00000000c0e00000|100%| O|  |TS  0|AC  0|TAMS 0x00000000c0e00000, 0x00000000c0e00000|
|  14|0x00000000c0e00000, 0x00000000c0f00000, 0x00000000c0f00000|100%| O|  |TS  0|AC  0|TAMS 0x00000000c0f00000, 0x00000000c0f00000|
|  15|0x00000000c0f00000, 0x00000000c1000000, 0x00000000c1000000|100%|HS|  |TS  0|AC  0|TAMS 0x00000000c1000000, 0x00000000c1000000|
|  16|0x00000000c1000000, 0x00000000c1100000, 0x00000000c1100000|100%|HC|  |TS  0|AC  0|TAMS 0x00000000c1100000, 0x00000000c1100000|
|  17|0x00000000c1100000, 0x00000000c1200000, 0x00000000c1200000|100%| O|  |TS  0|AC  0|TAMS 0x00000000c1200000, 0x00000000c1200000|
|  18|0x00000000c1200000, 0x00000000c1300000, 0x00000000c1300000|100%| O|  |TS  0|AC  0|TAMS 0x00000000c1300000, 0x00000000c1300000|
|  19|0x00000000c1300000, 0x00000000c1400000, 0x00000000c1400000|100%| O|  |TS  0|AC  0|TAMS 0x00000000c1400000, 0x00000000c1400000|
|  20|0x00000000c1400000, 0x00000000c1500000, 0x00000000c1500000|100%|HS|  |TS  0|AC  0|TAMS 0x00000000c1500000, 0x00000000c1500000|
|  21|0x00000000c1500000, 0x00000000c1600000, 0x00000000c1600000|100%|HC|  |TS  0|AC  0|TAMS 0x00000000c1600000, 0x00000000c1600000|
|  22|0x00000000c1600000, 0x00000000c1700000, 0x00000000c1700000|100%| O|  |TS  0|AC  0|TAMS 0x00000000c1700000, 0x00000000c1700000|
|  23|0x00000000c1700000, 0x00000000c1800000, 0x00000000c1800000|100%|HS|  |TS  0|AC  0|TAMS 0x00000000c1800000, 0x00000000c1800000|
|  24|0x00000000c1800000, 0x00000000c1900000, 0x00000000c1900000|100%|HC|  |TS  0|AC  0|TAMS 0x00000000c1900000, 0x00000000c1900000|
|  25|0x00000000c1900000, 0x00000000c1a00000, 0x00000000c1a00000|100%| O|  |TS  0|AC  0|TAMS 0x00000000c1a00000, 0x00000000c1a00000|
|  26|0x00000000c1a00000, 0x00000000c1b00000, 0x00000000c1b00000|100%| O|  |TS  0|AC  0|TAMS 0x00000000c1b00000, 0x00000000c1b00000|
|  27|0x00000000c1b00000, 0x00000000c1c00000, 0x00000000c1c00000|100%| O|  |TS  0|AC  0|TAMS 0x00000000c1c00000, 0x00000000c1c00000|
|  28|0x00000000c1c00000, 0x00000000c1d00000, 0x00000000c1d00000|100%| O|  |TS  0|AC  0|TAMS 0x00000000c1d00000, 0x00000000c1d00000|
|  29|0x00000000c1d00000, 0x00000000c1e00000, 0x00000000c1e00000|100%| O|  |TS  0|AC  0|TAMS 0x00000000c1e00000, 0x00000000c1e00000|
|  30|0x00000000c1e00000, 0x00000000c1f00000, 0x00000000c1f00000|100%| O|  |TS  0|AC  0|TAMS 0x00000000c1f00000, 0x00000000c1f00000|
|  31|0x00000000c1f00000, 0x00000000c2000000, 0x00000000c2000000|100%| O|  |TS  0|AC  0|TAMS 0x00000000c2000000, 0x00000000c2000000|
|  32|0x00000000c2000000, 0x00000000c2100000, 0x00000000c2100000|100%| O|  |TS  0|AC  0|TAMS 0x00000000c2100000, 0x00000000c2100000|
|  33|0x00000000c2100000, 0x00000000c2200000, 0x00000000c2200000|100%| O|  |TS  0|AC  0|TAMS 0x00000000c2200000, 0x00000000c2200000|
|  34|0x00000000c2200000, 0x00000000c2300000, 0x00000000c2300000|100%| O|  |TS  0|AC  0|TAMS 0x00000000c2300000, 0x00000000c2300000|
|  35|0x00000000c2300000, 0x00000000c2400000, 0x00000000c2400000|100%| O|  |TS  0|AC  0|TAMS 0x00000000c2400000, 0x00000000c2400000|
|  36|0x00000000c2400000, 0x00000000c2500000, 0x00000000c2500000|100%| O|  |TS  0|AC  0|TAMS 0x00000000c2500000, 0x00000000c2500000|
|  37|0x00000000c2500000, 0x00000000c2600000, 0x00000000c2600000|100%| O|  |TS  0|AC  0|TAMS 0x00000000c2600000, 0x00000000c2600000|
|  38|0x00000000c2600000, 0x00000000c2700000, 0x00000000c2700000|100%| O|  |TS  0|AC  0|TAMS 0x00000000c2700000, 0x00000000c2700000|
|  39|0x00000000c2700000, 0x00000000c2800000, 0x00000000c2800000|100%| O|  |TS  0|AC  0|TAMS 0x00000000c2800000, 0x00000000c2800000|
|  40|0x00000000c2800000, 0x00000000c2900000, 0x00000000c2900000|100%| O|  |TS  0|AC  0|TAMS 0x00000000c2900000, 0x00000000c2900000|
|  41|0x00000000c2900000, 0x00000000c2a00000, 0x00000000c2a00000|100%| O|  |TS  0|AC  0|TAMS 0x00000000c2a00000, 0x00000000c2a00000|
|  42|0x00000000c2a00000, 0x00000000c2b00000, 0x00000000c2b00000|100%| O|  |TS  0|AC  0|TAMS 0x00000000c2b00000, 0x00000000c2b00000|
|  43|0x00000000c2b00000, 0x00000000c2c00000, 0x00000000c2c00000|100%| O|  |TS  0|AC  0|TAMS 0x00000000c2c00000, 0x00000000c2c00000|
|  44|0x00000000c2c00000, 0x00000000c2d00000, 0x00000000c2d00000|100%| O|  |TS  0|AC  0|TAMS 0x00000000c2d00000, 0x00000000c2d00000|
|  45|0x00000000c2d00000, 0x00000000c2e00000, 0x00000000c2e00000|100%| O|  |TS  0|AC  0|TAMS 0x00000000c2e00000, 0x00000000c2e00000|
|  46|0x00000000c2e00000, 0x00000000c2f00000, 0x00000000c2f00000|100%| O|  |TS  0|AC  0|TAMS 0x00000000c2f00000, 0x00000000c2f00000|
|  47|0x00000000c2f00000, 0x00000000c3000000, 0x00000000c3000000|100%| O|  |TS  0|AC  0|TAMS 0x00000000c3000000, 0x00000000c3000000|
|  48|0x00000000c3000000, 0x00000000c3100000, 0x00000000c3100000|100%| O|  |TS  0|AC  0|TAMS 0x00000000c3100000, 0x00000000c3100000|
|  49|0x00000000c3100000, 0x00000000c3200000, 0x00000000c3200000|100%| O|  |TS  0|AC  0|TAMS 0x00000000c3200000, 0x00000000c3200000|
|  50|0x00000000c3200000, 0x00000000c3300000, 0x00000000c3300000|100%| O|  |TS  0|AC  0|TAMS 0x00000000c3300000, 0x00000000c3300000|
|  51|0x00000000c3300000, 0x00000000c3400000, 0x00000000c3400000|100%| O|  |TS  0|AC  0|TAMS 0x00000000c3400000, 0x00000000c3400000|
|  52|0x00000000c3400000, 0x00000000c3500000, 0x00000000c3500000|100%| O|  |TS  0|AC  0|TAMS 0x00000000c3500000, 0x00000000c3500000|
|  53|0x00000000c3500000, 0x00000000c3600000, 0x00000000c3600000|100%| O|  |TS  0|AC  0|TAMS 0x00000000c3600000, 0x00000000c3600000|
|  54|0x00000000c3600000, 0x00000000c3700000, 0x00000000c3700000|100%| O|  |TS  0|AC  0|TAMS 0x00000000c3700000, 0x00000000c3700000|
|  55|0x00000000c3700000, 0x00000000c3800000, 0x00000000c3800000|100%| O|  |TS  0|AC  0|TAMS 0x00000000c3800000, 0x00000000c3800000|
|  56|0x00000000c3800000, 0x00000000c3900000, 0x00000000c3900000|100%| O|  |TS  0|AC  0|TAMS 0x00000000c3900000, 0x00000000c3900000|
|  57|0x00000000c3900000, 0x00000000c3a00000, 0x00000000c3a00000|100%| O|  |TS  0|AC  0|TAMS 0x00000000c3a00000, 0x00000000c3a00000|
|  58|0x00000000c3a00000, 0x00000000c3b00000, 0x00000000c3b00000|100%|HS|  |TS  0|AC  0|TAMS 0x00000000c3b00000, 0x00000000c3b00000|
|  59|0x00000000c3b00000, 0x00000000c3c00000, 0x00000000c3c00000|100%|HC|  |TS  0|AC  0|TAMS 0x00000000c3c00000, 0x00000000c3c00000|
|  60|0x00000000c3c00000, 0x00000000c3d00000, 0x00000000c3d00000|100%| O|  |TS  0|AC  0|TAMS 0x00000000c3d00000, 0x00000000c3d00000|
|  61|0x00000000c3d00000, 0x00000000c3e00000, 0x00000000c3e00000|100%| O|  |TS  0|AC  0|TAMS 0x00000000c3e00000, 0x00000000c3e00000|
|  62|0x00000000c3e00000, 0x00000000c3f00000, 0x00000000c3f00000|100%| O|  |TS  0|AC  0|TAMS 0x00000000c3f00000, 0x00000000c3f00000|
|  63|0x00000000c3f00000, 0x00000000c4000000, 0x00000000c4000000|100%| O|  |TS  0|AC  0|TAMS 0x00000000c4000000, 0x00000000c4000000|
|  64|0x00000000c4000000, 0x00000000c4000000, 0x00000000c4100000|  0%| F|  |TS  2|AC  0|TAMS 0x00000000c4000000, 0x00000000c4000000|
|  65|0x00000000c4100000, 0x00000000c4200000, 0x00000000c4200000|100%| O|  |TS  0|AC  0|TAMS 0x00000000c4200000, 0x00000000c4200000|
|  66|0x00000000c4200000, 0x00000000c4300000, 0x00000000c4300000|100%| O|  |TS  0|AC  0|TAMS 0x00000000c4300000, 0x00000000c4300000|
|  67|0x00000000c4300000, 0x00000000c4400000, 0x00000000c4400000|100%| O|  |TS  0|AC  0|TAMS 0x00000000c4400000, 0x00000000c4400000|
|  68|0x00000000c4400000, 0x00000000c4500000, 0x00000000c4500000|100%| O|  |TS  0|AC  0|TAMS 0x00000000c4500000, 0x00000000c4500000|
|  69|0x00000000c4500000, 0x00000000c4600000, 0x00000000c4600000|100%| O|  |TS  0|AC  0|TAMS 0x00000000c4600000, 0x00000000c4600000|
|  70|0x00000000c4600000, 0x00000000c4700000, 0x00000000c4700000|100%| O|  |TS  0|AC  0|TAMS 0x00000000c4700000, 0x00000000c4700000|
|  71|0x00000000c4700000, 0x00000000c4800000, 0x00000000c4800000|100%| O|  |TS  0|AC  0|TAMS 0x00000000c4800000, 0x00000000c4800000|
|  72|0x00000000c4800000, 0x00000000c4900000, 0x00000000c4900000|100%| O|  |TS  0|AC  0|TAMS 0x00000000c4900000, 0x00000000c4900000|
|  73|0x00000000c4900000, 0x00000000c4a00000, 0x00000000c4a00000|100%| O|  |TS  0|AC  0|TAMS 0x00000000c4a00000, 0x00000000c4a00000|
|  74|0x00000000c4a00000, 0x00000000c4b00000, 0x00000000c4b00000|100%| O|  |TS  0|AC  0|TAMS 0x00000000c4b00000, 0x00000000c4b00000|
|  75|0x00000000c4b00000, 0x00000000c4c00000, 0x00000000c4c00000|100%| O|  |TS  2|AC  0|TAMS 0x00000000c4b00000, 0x00000000c4b00000|
|  76|0x00000000c4c00000, 0x00000000c4d00000, 0x00000000c4d00000|100%| O|  |TS  0|AC  0|TAMS 0x00000000c4d00000, 0x00000000c4d00000|
|  77|0x00000000c4d00000, 0x00000000c4e00000, 0x00000000c4e00000|100%| O|  |TS  0|AC  0|TAMS 0x00000000c4e00000, 0x00000000c4e00000|
|  78|0x00000000c4e00000, 0x00000000c4f00000, 0x00000000c4f00000|100%| O|  |TS  1|AC  0|TAMS 0x00000000c4e3f200, 0x00000000c4e3f200|
|  79|0x00000000c4f00000, 0x00000000c5000000, 0x00000000c5000000|100%| O|  |TS  2|AC  0|TAMS 0x00000000c4f00000, 0x00000000c4f00000|
|  80|0x00000000c5000000, 0x00000000c5100000, 0x00000000c5100000|100%| O|  |TS  1|AC  0|TAMS 0x00000000c5000000, 0x00000000c5000000|
|  81|0x00000000c5100000, 0x00000000c5200000, 0x00000000c5200000|100%| O|  |TS  2|AC  0|TAMS 0x00000000c5100000, 0x00000000c5100000|
|  82|0x00000000c5200000, 0x00000000c5300000, 0x00000000c5300000|100%| O|  |TS  2|AC  0|TAMS 0x00000000c5200000, 0x00000000c5200000|
|  83|0x00000000c5300000, 0x00000000c5400000, 0x00000000c5400000|100%| O|  |TS  2|AC  0|TAMS 0x00000000c5300000, 0x00000000c5300000|
|  84|0x00000000c5400000, 0x00000000c5414400, 0x00000000c5500000|  7%| O|  |TS  2|AC  0|TAMS 0x00000000c5400000, 0x00000000c5400000|
|  85|0x00000000c5500000, 0x00000000c5500000, 0x00000000c5600000|  0%| F|  |TS  0|AC  0|TAMS 0x00000000c5500000, 0x00000000c5500000|
|  86|0x00000000c5600000, 0x00000000c5700000, 0x00000000c5700000|100%| O|  |TS  0|AC  0|TAMS 0x00000000c5700000, 0x00000000c5700000|
|  87|0x00000000c5700000, 0x00000000c5800000, 0x00000000c5800000|100%| O|  |TS  0|AC  0|TAMS 0x00000000c5800000, 0x00000000c5800000|
|  88|0x00000000c5800000, 0x00000000c5800000, 0x00000000c5900000|  0%| F|  |TS  0|AC  0|TAMS 0x00000000c5800000, 0x00000000c5800000|
|  89|0x00000000c5900000, 0x00000000c5900000, 0x00000000c5a00000|  0%| F|  |TS  0|AC  0|TAMS 0x00000000c5900000, 0x00000000c5900000|
|  90|0x00000000c5a00000, 0x00000000c5a00000, 0x00000000c5b00000|  0%| F|  |TS  0|AC  0|TAMS 0x00000000c5a00000, 0x00000000c5a00000|
|  91|0x00000000c5b00000, 0x00000000c5b00000, 0x00000000c5c00000|  0%| F|  |TS  0|AC  0|TAMS 0x00000000c5b00000, 0x00000000c5b00000|
|  92|0x00000000c5c00000, 0x00000000c5c00000, 0x00000000c5d00000|  0%| F|  |TS  0|AC  0|TAMS 0x00000000c5c00000, 0x00000000c5c00000|
|  93|0x00000000c5d00000, 0x00000000c5d00000, 0x00000000c5e00000|  0%| F|  |TS  0|AC  0|TAMS 0x00000000c5d00000, 0x00000000c5d00000|
|  94|0x00000000c5e00000, 0x00000000c5e00000, 0x00000000c5f00000|  0%| F|  |TS  0|AC  0|TAMS 0x00000000c5e00000, 0x00000000c5e00000|
|  95|0x00000000c5f00000, 0x00000000c5f00000, 0x00000000c6000000|  0%| F|  |TS  0|AC  0|TAMS 0x00000000c5f00000, 0x00000000c5f00000|
|  96|0x00000000c6000000, 0x00000000c6000000, 0x00000000c6100000|  0%| F|  |TS  0|AC  0|TAMS 0x00000000c6000000, 0x00000000c6000000|
|  97|0x00000000c6100000, 0x00000000c6200000, 0x00000000c6200000|100%| O|  |TS  0|AC  0|TAMS 0x00000000c6200000, 0x00000000c6200000|
|  98|0x00000000c6200000, 0x00000000c6300000, 0x00000000c6300000|100%| O|  |TS  0|AC  0|TAMS 0x00000000c6300000, 0x00000000c6300000|
|  99|0x00000000c6300000, 0x00000000c6400000, 0x00000000c6400000|100%| O|  |TS  0|AC  0|TAMS 0x00000000c6400000, 0x00000000c6400000|
| 100|0x00000000c6400000, 0x00000000c6500000, 0x00000000c6500000|100%| O|  |TS  0|AC  0|TAMS 0x00000000c6500000, 0x00000000c6500000|
| 101|0x00000000c6500000, 0x00000000c6500000, 0x00000000c6600000|  0%| F|  |TS  0|AC  0|TAMS 0x00000000c6500000, 0x00000000c6500000|
| 102|0x00000000c6600000, 0x00000000c6600000, 0x00000000c6700000|  0%| F|  |TS  0|AC  0|TAMS 0x00000000c6600000, 0x00000000c6600000|
| 103|0x00000000c6700000, 0x00000000c6700000, 0x00000000c6800000|  0%| F|  |TS  0|AC  0|TAMS 0x00000000c6700000, 0x00000000c6700000|
| 104|0x00000000c6800000, 0x00000000c6800000, 0x00000000c6900000|  0%| F|  |TS  0|AC  0|TAMS 0x00000000c6800000, 0x00000000c6800000|
| 105|0x00000000c6900000, 0x00000000c6900000, 0x00000000c6a00000|  0%| F|  |TS  0|AC  0|TAMS 0x00000000c6900000, 0x00000000c6900000|
| 106|0x00000000c6a00000, 0x00000000c6a00000, 0x00000000c6b00000|  0%| F|  |TS  0|AC  0|TAMS 0x00000000c6a00000, 0x00000000c6a00000|
| 107|0x00000000c6b00000, 0x00000000c6b00000, 0x00000000c6c00000|  0%| F|  |TS  0|AC  0|TAMS 0x00000000c6b00000, 0x00000000c6b00000|
| 108|0x00000000c6c00000, 0x00000000c6c00000, 0x00000000c6d00000|  0%| F|  |TS  0|AC  0|TAMS 0x00000000c6c00000, 0x00000000c6c00000|
| 109|0x00000000c6d00000, 0x00000000c6d00000, 0x00000000c6e00000|  0%| F|  |TS  0|AC  0|TAMS 0x00000000c6d00000, 0x00000000c6d00000|
| 110|0x00000000c6e00000, 0x00000000c6e00000, 0x00000000c6f00000|  0%| F|  |TS  0|AC  0|TAMS 0x00000000c6e00000, 0x00000000c6e00000|
| 111|0x00000000c6f00000, 0x00000000c6f00000, 0x00000000c7000000|  0%| F|  |TS  0|AC  0|TAMS 0x00000000c6f00000, 0x00000000c6f00000|
| 112|0x00000000c7000000, 0x00000000c7000000, 0x00000000c7100000|  0%| F|  |TS  0|AC  0|TAMS 0x00000000c7000000, 0x00000000c7000000|
| 113|0x00000000c7100000, 0x00000000c7100000, 0x00000000c7200000|  0%| F|  |TS  0|AC  0|TAMS 0x00000000c7100000, 0x00000000c7100000|
| 114|0x00000000c7200000, 0x00000000c7200000, 0x00000000c7300000|  0%| F|  |TS  0|AC  0|TAMS 0x00000000c7200000, 0x00000000c7200000|
| 115|0x00000000c7300000, 0x00000000c7300000, 0x00000000c7400000|  0%| F|  |TS  0|AC  0|TAMS 0x00000000c7300000, 0x00000000c7300000|
| 116|0x00000000c7400000, 0x00000000c7400000, 0x00000000c7500000|  0%| F|  |TS  0|AC  0|TAMS 0x00000000c7400000, 0x00000000c7400000|
| 117|0x00000000c7500000, 0x00000000c7500000, 0x00000000c7600000|  0%| F|  |TS  2|AC  0|TAMS 0x00000000c7500000, 0x00000000c7500000|
| 118|0x00000000c7600000, 0x00000000c7600000, 0x00000000c7700000|  0%| F|  |TS  2|AC  0|TAMS 0x00000000c7600000, 0x00000000c7600000|
| 119|0x00000000c7700000, 0x00000000c7700000, 0x00000000c7800000|  0%| F|  |TS  2|AC  0|TAMS 0x00000000c7700000, 0x00000000c7700000|
| 120|0x00000000c7800000, 0x00000000c7800000, 0x00000000c7900000|  0%| F|  |TS  2|AC  0|TAMS 0x00000000c7800000, 0x00000000c7800000|
| 121|0x00000000c7900000, 0x00000000c7900000, 0x00000000c7a00000|  0%| F|  |TS  2|AC  0|TAMS 0x00000000c7900000, 0x00000000c7900000|
| 122|0x00000000c7a00000, 0x00000000c7a00000, 0x00000000c7b00000|  0%| F|  |TS  1|AC  0|TAMS 0x00000000c7a00000, 0x00000000c7a00000|
| 123|0x00000000c7b00000, 0x00000000c7b00000, 0x00000000c7c00000|  0%| F|  |TS  1|AC  0|TAMS 0x00000000c7b00000, 0x00000000c7b00000|
| 124|0x00000000c7c00000, 0x00000000c7c00000, 0x00000000c7d00000|  0%| F|  |TS  1|AC  0|TAMS 0x00000000c7c00000, 0x00000000c7c00000|
| 125|0x00000000c7d00000, 0x00000000c7d00000, 0x00000000c7e00000|  0%| F|  |TS  1|AC  0|TAMS 0x00000000c7d00000, 0x00000000c7d00000|
| 126|0x00000000c7e00000, 0x00000000c7e00000, 0x00000000c7f00000|  0%| F|  |TS  1|AC  0|TAMS 0x00000000c7e00000, 0x00000000c7e00000|
| 127|0x00000000c7f00000, 0x00000000c7f00000, 0x00000000c8000000|  0%| F|  |TS  1|AC  0|TAMS 0x00000000c7f00000, 0x00000000c7f00000|
| 128|0x00000000c8000000, 0x00000000c8000000, 0x00000000c8100000|  0%| F|  |TS  1|AC  0|TAMS 0x00000000c8000000, 0x00000000c8000000|
| 129|0x00000000c8100000, 0x00000000c8100000, 0x00000000c8200000|  0%| F|  |TS  1|AC  0|TAMS 0x00000000c8100000, 0x00000000c8100000|
| 130|0x00000000c8200000, 0x00000000c8200000, 0x00000000c8300000|  0%| F|  |TS  1|AC  0|TAMS 0x00000000c8200000, 0x00000000c8200000|
| 131|0x00000000c8300000, 0x00000000c8300000, 0x00000000c8400000|  0%| F|  |TS  1|AC  0|TAMS 0x00000000c8300000, 0x00000000c8300000|
| 132|0x00000000c8400000, 0x00000000c8400000, 0x00000000c8500000|  0%| F|  |TS  1|AC  0|TAMS 0x00000000c8400000, 0x00000000c8400000|
| 133|0x00000000c8500000, 0x00000000c8500000, 0x00000000c8600000|  0%| F|  |TS  1|AC  0|TAMS 0x00000000c8500000, 0x00000000c8500000|
| 134|0x00000000c8600000, 0x00000000c8600000, 0x00000000c8700000|  0%| F|  |TS  1|AC  0|TAMS 0x00000000c8600000, 0x00000000c8600000|
| 135|0x00000000c8700000, 0x00000000c8700000, 0x00000000c8800000|  0%| F|  |TS  1|AC  0|TAMS 0x00000000c8700000, 0x00000000c8700000|
| 136|0x00000000c8800000, 0x00000000c8800000, 0x00000000c8900000|  0%| F|  |TS  1|AC  0|TAMS 0x00000000c8800000, 0x00000000c8800000|
| 137|0x00000000c8900000, 0x00000000c8900000, 0x00000000c8a00000|  0%| F|  |TS  1|AC  0|TAMS 0x00000000c8900000, 0x00000000c8900000|
| 138|0x00000000c8a00000, 0x00000000c8a00000, 0x00000000c8b00000|  0%| F|  |TS  1|AC  0|TAMS 0x00000000c8a00000, 0x00000000c8a00000|
| 139|0x00000000c8b00000, 0x00000000c8b00000, 0x00000000c8c00000|  0%| F|  |TS  1|AC  0|TAMS 0x00000000c8b00000, 0x00000000c8b00000|
| 140|0x00000000c8c00000, 0x00000000c8c00000, 0x00000000c8d00000|  0%| F|  |TS  1|AC  0|TAMS 0x00000000c8c00000, 0x00000000c8c00000|
| 141|0x00000000c8d00000, 0x00000000c8d00000, 0x00000000c8e00000|  0%| F|  |TS  1|AC  0|TAMS 0x00000000c8d00000, 0x00000000c8d00000|
| 142|0x00000000c8e00000, 0x00000000c8e00000, 0x00000000c8f00000|  0%| F|  |TS  1|AC  0|TAMS 0x00000000c8e00000, 0x00000000c8e00000|
| 143|0x00000000c8f00000, 0x00000000c8f00000, 0x00000000c9000000|  0%| F|  |TS  1|AC  0|TAMS 0x00000000c8f00000, 0x00000000c8f00000|
| 144|0x00000000c9000000, 0x00000000c9000000, 0x00000000c9100000|  0%| F|  |TS  1|AC  0|TAMS 0x00000000c9000000, 0x00000000c9000000|
| 145|0x00000000c9100000, 0x00000000c9100000, 0x00000000c9200000|  0%| F|  |TS  1|AC  0|TAMS 0x00000000c9100000, 0x00000000c9100000|
| 146|0x00000000c9200000, 0x00000000c9200000, 0x00000000c9300000|  0%| F|  |TS  1|AC  0|TAMS 0x00000000c9200000, 0x00000000c9200000|
| 147|0x00000000c9300000, 0x00000000c9300000, 0x00000000c9400000|  0%| F|  |TS  1|AC  0|TAMS 0x00000000c9300000, 0x00000000c9300000|
| 148|0x00000000c9400000, 0x00000000c9400000, 0x00000000c9500000|  0%| F|  |TS  1|AC  0|TAMS 0x00000000c9400000, 0x00000000c9400000|
| 149|0x00000000c9500000, 0x00000000c9500000, 0x00000000c9600000|  0%| F|  |TS  1|AC  0|TAMS 0x00000000c9500000, 0x00000000c9500000|
| 150|0x00000000c9600000, 0x00000000c9600000, 0x00000000c9700000|  0%| F|  |TS  1|AC  0|TAMS 0x00000000c9600000, 0x00000000c9600000|
| 151|0x00000000c9700000, 0x00000000c9783f08, 0x00000000c9800000| 51%| E|  |TS  1|AC  0|TAMS 0x00000000c9700000, 0x00000000c9700000|
| 152|0x00000000c9800000, 0x00000000c9900000, 0x00000000c9900000|100%| E|CS|TS  1|AC  0|TAMS 0x00000000c9800000, 0x00000000c9800000|
| 153|0x00000000c9900000, 0x00000000c9a00000, 0x00000000c9a00000|100%| E|CS|TS  1|AC  0|TAMS 0x00000000c9900000, 0x00000000c9900000|
| 154|0x00000000c9a00000, 0x00000000c9b00000, 0x00000000c9b00000|100%| E|CS|TS  1|AC  0|TAMS 0x00000000c9a00000, 0x00000000c9a00000|
| 155|0x00000000c9b00000, 0x00000000c9c00000, 0x00000000c9c00000|100%| E|CS|TS  1|AC  0|TAMS 0x00000000c9b00000, 0x00000000c9b00000|
| 156|0x00000000c9c00000, 0x00000000c9d00000, 0x00000000c9d00000|100%| E|CS|TS  1|AC  0|TAMS 0x00000000c9c00000, 0x00000000c9c00000|
| 157|0x00000000c9d00000, 0x00000000c9e00000, 0x00000000c9e00000|100%| E|CS|TS  1|AC  0|TAMS 0x00000000c9d00000, 0x00000000c9d00000|
| 158|0x00000000c9e00000, 0x00000000c9f00000, 0x00000000c9f00000|100%| E|CS|TS  1|AC  0|TAMS 0x00000000c9e00000, 0x00000000c9e00000|
| 159|0x00000000c9f00000, 0x00000000ca000000, 0x00000000ca000000|100%| E|CS|TS  1|AC  0|TAMS 0x00000000c9f00000, 0x00000000c9f00000|
| 160|0x00000000ca000000, 0x00000000ca100000, 0x00000000ca100000|100%| E|CS|TS  1|AC  0|TAMS 0x00000000ca000000, 0x00000000ca000000|
| 161|0x00000000ca100000, 0x00000000ca1e2d20, 0x00000000ca200000| 88%| S|CS|TS  2|AC  0|TAMS 0x00000000ca100000, 0x00000000ca100000|
| 162|0x00000000ca200000, 0x00000000ca300000, 0x00000000ca300000|100%| E|CS|TS  2|AC  0|TAMS 0x00000000ca200000, 0x00000000ca200000|
| 163|0x00000000ca300000, 0x00000000ca400000, 0x00000000ca400000|100%| E|CS|TS  2|AC  0|TAMS 0x00000000ca300000, 0x00000000ca300000|
| 164|0x00000000ca400000, 0x00000000ca500000, 0x00000000ca500000|100%| E|CS|TS  2|AC  0|TAMS 0x00000000ca400000, 0x00000000ca400000|

Card table byte_map: [0x000001c9dead0000,0x000001c9decd0000] byte_map_base: 0x000001c9de4d0000

Marking Bits (Prev, Next): (CMBitMap*) 0x000001c9c27b0f10, (CMBitMap*) 0x000001c9c27b0f48
 Prev Bits: [0x000001c9deed0000, 0x000001c9dfed0000)
 Next Bits: [0x000001c9dfed0000, 0x000001c9e0ed0000)

Polling page: 0x000001c9c2510000

CodeHeap 'non-profiled nmethods': size=120064Kb used=12922Kb max_used=12922Kb free=107141Kb
 bounds [0x000001c9d6d70000, 0x000001c9d7a10000, 0x000001c9de2b0000]
CodeHeap 'profiled nmethods': size=120000Kb used=38732Kb max_used=38732Kb free=81267Kb
 bounds [0x000001c9cf840000, 0x000001c9d1e30000, 0x000001c9d6d70000]
CodeHeap 'non-nmethods': size=5696Kb used=2306Kb max_used=2399Kb free=3389Kb
 bounds [0x000001c9cf2b0000, 0x000001c9cf520000, 0x000001c9cf840000]
 total_blobs=23271 nmethods=16146 adapters=823
 compilation: enabled

Compilation events (10 events):
Event: 151.833 Thread 0x000001c9e3d04800 17635       1       com.android.tools.r8.ir.code.Argument::asArgument (2 bytes)
Event: 151.833 Thread 0x000001c9e3d04800 nmethod 17635 0x000001c9d7a0e690 code [0x000001c9d7a0e840, 0x000001c9d7a0e958]
Event: 151.834 Thread 0x000001c9e3d04800 17636       3       com.android.tools.r8.ir.conversion.JarSourceCode::updateState (198 bytes)
Event: 151.836 Thread 0x000001c9e3d04800 nmethod 17636 0x000001c9d1de8a90 code [0x000001c9d1de8d80, 0x000001c9d1de9ae0]
Event: 151.839 Thread 0x000001c9e3d04800 17637       1       com.android.tools.r8.ir.code.InstanceGet::isInstanceGet (2 bytes)
Event: 151.840 Thread 0x000001c9e3d04800 nmethod 17637 0x000001c9d7a0ea10 code [0x000001c9d7a0ebc0, 0x000001c9d7a0ecd8]
Event: 151.840 Thread 0x000001c9e3d04800 17638       3       com.android.tools.r8.ir.code.If::maxInValueRegister (16 bytes)
Event: 151.841 Thread 0x000001c9e3d04800 nmethod 17638 0x000001c9d1de9f90 code [0x000001c9d1dea160, 0x000001c9d1dea4b0]
Event: 151.841 Thread 0x000001c9e3d04800 17639       3       com.android.tools.r8.ir.regalloc.LinearScanRegisterAllocator::assignFreeRegisterToUnhandledInterval (23 bytes)
Event: 151.842 Thread 0x000001c9e3d04800 nmethod 17639 0x000001c9d1dea590 code [0x000001c9d1dea760, 0x000001c9d1deaa10]

GC Heap History (10 events):
Event: 146.931 GC heap before
{Heap before GC invocations=111 (full 0):
 garbage-first heap   total 168960K, used 118029K [0x00000000c0000000, 0x0000000100000000)
  region size 1024K, 6 young (6144K), 5 survivors (5120K)
 Metaspace       used 91411K, capacity 93110K, committed 93808K, reserved 1132544K
  class space    used 10686K, capacity 11289K, committed 11376K, reserved 1048576K
}
Event: 146.945 GC heap after
{Heap after GC invocations=112 (full 0):
 garbage-first heap   total 168960K, used 85734K [0x00000000c0000000, 0x0000000100000000)
  region size 1024K, 3 young (3072K), 3 survivors (3072K)
 Metaspace       used 91411K, capacity 93110K, committed 93808K, reserved 1132544K
  class space    used 10686K, capacity 11289K, committed 11376K, reserved 1048576K
}
Event: 148.044 GC heap before
{Heap before GC invocations=113 (full 0):
 garbage-first heap   total 168960K, used 108262K [0x00000000c0000000, 0x0000000100000000)
  region size 1024K, 23 young (23552K), 3 survivors (3072K)
 Metaspace       used 93218K, capacity 94937K, committed 95600K, reserved 1132544K
  class space    used 10908K, capacity 11514K, committed 11632K, reserved 1048576K
}
Event: 148.056 GC heap after
{Heap after GC invocations=114 (full 0):
 garbage-first heap   total 168960K, used 87196K [0x00000000c0000000, 0x0000000100000000)
  region size 1024K, 5 young (5120K), 5 survivors (5120K)
 Metaspace       used 93218K, capacity 94937K, committed 95600K, reserved 1132544K
  class space    used 10908K, capacity 11514K, committed 11632K, reserved 1048576K
}
Event: 149.078 GC heap before
{Heap before GC invocations=115 (full 0):
 garbage-first heap   total 168960K, used 102556K [0x00000000c0000000, 0x0000000100000000)
  region size 1024K, 20 young (20480K), 5 survivors (5120K)
 Metaspace       used 95227K, capacity 97003K, committed 97520K, reserved 1134592K
  class space    used 11104K, capacity 11736K, committed 11760K, reserved 1048576K
}
Event: 149.105 GC heap after
{Heap after GC invocations=116 (full 0):
 garbage-first heap   total 168960K, used 90127K [0x00000000c0000000, 0x0000000100000000)
  region size 1024K, 5 young (5120K), 5 survivors (5120K)
 Metaspace       used 95227K, capacity 97003K, committed 97520K, reserved 1134592K
  class space    used 11104K, capacity 11736K, committed 11760K, reserved 1048576K
}
Event: 151.419 GC heap before
{Heap before GC invocations=117 (full 0):
 garbage-first heap   total 168960K, used 131087K [0x00000000c0000000, 0x0000000100000000)
  region size 1024K, 43 young (44032K), 5 survivors (5120K)
 Metaspace       used 99170K, capacity 100962K, committed 101616K, reserved 1138688K
  class space    used 11595K, capacity 12259K, committed 12272K, reserved 1048576K
}
Event: 151.447 GC heap after
{Heap after GC invocations=118 (full 0):
 garbage-first heap   total 168960K, used 92253K [0x00000000c0000000, 0x0000000100000000)
  region size 1024K, 5 young (5120K), 5 survivors (5120K)
 Metaspace       used 99170K, capacity 100962K, committed 101616K, reserved 1138688K
  class space    used 11595K, capacity 12259K, committed 12272K, reserved 1048576K
}
Event: 151.494 GC heap before
{Heap before GC invocations=118 (full 0):
 garbage-first heap   total 168960K, used 95325K [0x00000000c0000000, 0x0000000100000000)
  region size 1024K, 8 young (8192K), 5 survivors (5120K)
 Metaspace       used 99212K, capacity 101026K, committed 101616K, reserved 1138688K
  class space    used 11595K, capacity 12259K, committed 12272K, reserved 1048576K
}
Event: 151.514 GC heap after
{Heap after GC invocations=119 (full 0):
 garbage-first heap   total 168960K, used 92124K [0x00000000c0000000, 0x0000000100000000)
  region size 1024K, 1 young (1024K), 1 survivors (1024K)
 Metaspace       used 99212K, capacity 101026K, committed 101616K, reserved 1138688K
  class space    used 11595K, capacity 12259K, committed 12272K, reserved 1048576K
}

Deoptimization events (10 events):
Event: 147.959 Thread 0x000001c9e701b800 Uncommon trap: reason=bimorphic_or_optimized_type_check action=maybe_recompile pc=0x000001c9d6ec8a5c method=java.util.Collections$SetFromMap.add(Ljava/lang/Object;)Z @ 8 c2
Event: 148.568 Thread 0x000001c9e701b800 Uncommon trap: reason=unstable_if action=reinterpret pc=0x000001c9d70b3420 method=com.android.tools.r8.utils.IdentifierUtils.isSimpleNameChar(I)Z @ 45 c2
Event: 149.297 Thread 0x000001c9e701b800 Uncommon trap: reason=unstable_if action=reinterpret pc=0x000001c9d6de8f80 method=java.util.WeakHashMap.remove(Ljava/lang/Object;)Ljava/lang/Object; @ 94 c2
Event: 149.496 Thread 0x000001c9e9a7c800 Uncommon trap: reason=unstable_fused_if action=reinterpret pc=0x000001c9d7925f58 method=java.lang.StrictMath.floorOrCeil(DDDD)D @ 8 c2
Event: 149.763 Thread 0x000001c9e9a7c800 Uncommon trap: reason=unstable_if action=reinterpret pc=0x000001c9d71217d4 method=java.util.HashMap$HashIterator.<init>(Ljava/util/HashMap;)V @ 45 c2
Event: 149.913 Thread 0x000001c9e9a7c800 Uncommon trap: reason=unstable_if action=reinterpret pc=0x000001c9d7050060 method=java.util.HashMap$HashIterator.<init>(Ljava/util/HashMap;)V @ 45 c2
Event: 150.386 Thread 0x000001c9e701c800 Uncommon trap: reason=predicate action=maybe_recompile pc=0x000001c9d72ad5b8 method=java.util.TreeMap.getEntry(Ljava/lang/Object;)Ljava/util/TreeMap$Entry; @ 39 c2
Event: 150.978 Thread 0x000001c9e701b800 Uncommon trap: reason=range_check action=make_not_entrant pc=0x000001c9d79e98c0 method=com.android.tools.r8.org.objectweb.asm.Type.getType([CI)Lcom/android/tools/r8/org/objectweb/asm/Type; @ 2 c2
Event: 151.589 Thread 0x000001c9e701b800 Uncommon trap: reason=unstable_if action=reinterpret pc=0x000001c9d7a09aac method=com.android.tools.r8.com.google.common.collect.ImmutableSet.construct(I[Ljava/lang/Object;)Lcom/android/tools/r8/com/google/common/collect/ImmutableSet; @ 201 c2
Event: 151.805 Thread 0x000001c9e701b800 Uncommon trap: reason=unstable_if action=reinterpret pc=0x000001c9d7a0227c method=com.android.tools.r8.ir.code.BasicBlock.readOnThrowValue(ILcom/android/tools/r8/ir/code/BasicBlock$EdgeType;)Lcom/android/tools/r8/ir/code/Value; @ 4 c2

Classes redefined (0 events):
No events

Internal exceptions (10 events):
Event: 151.667 Thread 0x000001c9e7014800 Exception <a 'sun/nio/fs/WindowsException'{0x00000000ca2f6c30}> (0x00000000ca2f6c30) thrown at [t:/workspace/open/src/hotspot/share/prims/jni.cpp, line 611]
Event: 151.667 Thread 0x000001c9e7014800 Exception <a 'sun/nio/fs/WindowsException'{0x00000000ca2f7048}> (0x00000000ca2f7048) thrown at [t:/workspace/open/src/hotspot/share/prims/jni.cpp, line 611]
Event: 151.667 Thread 0x000001c9e7014800 Exception <a 'sun/nio/fs/WindowsException'{0x00000000ca2f8410}> (0x00000000ca2f8410) thrown at [t:/workspace/open/src/hotspot/share/prims/jni.cpp, line 611]
Event: 151.701 Thread 0x000001c9e7014800 Exception <a 'sun/nio/fs/WindowsException'{0x00000000c9f83f60}> (0x00000000c9f83f60) thrown at [t:/workspace/open/src/hotspot/share/prims/jni.cpp, line 611]
Event: 151.701 Thread 0x000001c9e7014800 Exception <a 'sun/nio/fs/WindowsException'{0x00000000c9f84378}> (0x00000000c9f84378) thrown at [t:/workspace/open/src/hotspot/share/prims/jni.cpp, line 611]
Event: 151.701 Thread 0x000001c9e7014800 Exception <a 'sun/nio/fs/WindowsException'{0x00000000c9f85740}> (0x00000000c9f85740) thrown at [t:/workspace/open/src/hotspot/share/prims/jni.cpp, line 611]
Event: 151.761 Thread 0x000001c9e7014800 Exception <a 'sun/nio/fs/WindowsException'{0x00000000c9e95b68}> (0x00000000c9e95b68) thrown at [t:/workspace/open/src/hotspot/share/prims/jni.cpp, line 611]
Event: 151.762 Thread 0x000001c9e7014800 Exception <a 'sun/nio/fs/WindowsException'{0x00000000c9e95f80}> (0x00000000c9e95f80) thrown at [t:/workspace/open/src/hotspot/share/prims/jni.cpp, line 611]
Event: 151.762 Thread 0x000001c9e7014800 Exception <a 'sun/nio/fs/WindowsException'{0x00000000c9e97348}> (0x00000000c9e97348) thrown at [t:/workspace/open/src/hotspot/share/prims/jni.cpp, line 611]
Event: 151.812 Thread 0x000001c9e701b800 Exception <a 'java/lang/NoSuchMethodError'{0x00000000c9df11b8}: java.lang.invoke.DirectMethodHandle$Holder.invokeInterface(Ljava/lang/Object;Ljava/lang/Object;I)Ljava/lang/Object;> (0x00000000c9df11b8) thrown at [t:/workspace/open/src/hotspot/share/interp

Events (10 events):
Event: 151.805 Thread 0x000001c9e701b800 DEOPT PACKING pc=0x000001c9d7a0227c sp=0x00000035b90fdbf0
Event: 151.805 Thread 0x000001c9e701b800 DEOPT UNPACKING pc=0x000001c9cf2d8a2f sp=0x00000035b90fdb08 mode 2
Event: 151.812 loading class com/android/tools/r8/ir/code/BasicBlock
Event: 151.812 loading class com/android/tools/r8/ir/code/BasicBlock done
Event: 151.813 loading class com/android/tools/r8/ir/conversion/DexBuilder$TryItem
Event: 151.813 loading class com/android/tools/r8/ir/conversion/DexBuilder$TryItem done
Event: 151.814 loading class com/android/tools/r8/com/google/common/base/Objects
Event: 151.814 loading class com/android/tools/r8/com/google/common/base/Objects done
Event: 151.814 loading class com/android/tools/r8/com/google/common/base/ExtraObjectsMethodsForWeb
Event: 151.814 loading class com/android/tools/r8/com/google/common/base/ExtraObjectsMethodsForWeb done


Dynamic libraries:
0x00007ff656b20000 - 0x00007ff656b5e000 	C:\Program Files\Java\jdk-10\bin\java.exe
0x00007ffe41510000 - 0x00007ffe416f1000 	C:\WINDOWS\SYSTEM32\ntdll.dll
0x00007ffe3ee70000 - 0x00007ffe3ef22000 	C:\WINDOWS\System32\KERNEL32.DLL
0x00007ffe3d8e0000 - 0x00007ffe3db53000 	C:\WINDOWS\System32\KERNELBASE.dll
0x00007ffe3fc50000 - 0x00007ffe3fcf1000 	C:\WINDOWS\System32\ADVAPI32.dll
0x00007ffe3ffd0000 - 0x00007ffe4006e000 	C:\WINDOWS\System32\msvcrt.dll
0x00007ffe3f990000 - 0x00007ffe3f9eb000 	C:\WINDOWS\System32\sechost.dll
0x00007ffe3eb40000 - 0x00007ffe3ec64000 	C:\WINDOWS\System32\RPCRT4.dll
0x00007ffe3fe40000 - 0x00007ffe3ffd0000 	C:\WINDOWS\System32\USER32.dll
0x00007ffe3df40000 - 0x00007ffe3df60000 	C:\WINDOWS\System32\win32u.dll
0x00007ffe414b0000 - 0x00007ffe414d8000 	C:\WINDOWS\System32\GDI32.dll
0x00007ffe3dda0000 - 0x00007ffe3df32000 	C:\WINDOWS\System32\gdi32full.dll
0x00007ffe3e900000 - 0x00007ffe3e99f000 	C:\WINDOWS\System32\msvcp_win.dll
0x00007ffe3e040000 - 0x00007ffe3e13a000 	C:\WINDOWS\System32\ucrtbase.dll
0x00007ffe2f090000 - 0x00007ffe2f2f9000 	C:\WINDOWS\WinSxS\amd64_microsoft.windows.common-controls_6595b64144ccf1df_6.0.17134.137_none_fb44974530639b67\COMCTL32.dll
0x00007ffe2e310000 - 0x00007ffe2e31a000 	C:\WINDOWS\SYSTEM32\VERSION.dll
0x00007ffe3f660000 - 0x00007ffe3f983000 	C:\WINDOWS\System32\combase.dll
0x00007ffe3df60000 - 0x00007ffe3dfda000 	C:\WINDOWS\System32\bcryptPrimitives.dll
0x00007ffe3fc10000 - 0x00007ffe3fc3d000 	C:\WINDOWS\System32\IMM32.DLL
0x00007ffe0b6a0000 - 0x00007ffe0b78f000 	C:\Program Files\Java\jdk-10\bin\msvcr120.dll
0x00007ffe26bd0000 - 0x00007ffe26c76000 	C:\Program Files\Java\jdk-10\bin\msvcp120.dll
0x0000000054510000 - 0x0000000054f7f000 	C:\Program Files\Java\jdk-10\bin\server\jvm.dll
0x00007ffe3f080000 - 0x00007ffe3f088000 	C:\WINDOWS\System32\PSAPI.DLL
0x00007ffe27450000 - 0x00007ffe27459000 	C:\WINDOWS\SYSTEM32\WSOCK32.dll
0x00007ffe3bb20000 - 0x00007ffe3bb43000 	C:\WINDOWS\SYSTEM32\WINMM.dll
0x00007ffe3fdc0000 - 0x00007ffe3fe2c000 	C:\WINDOWS\System32\WS2_32.dll
0x00007ffe3baf0000 - 0x00007ffe3bb1a000 	C:\WINDOWS\SYSTEM32\winmmbase.dll
0x00007ffe3db60000 - 0x00007ffe3dba9000 	C:\WINDOWS\System32\cfgmgr32.dll
0x00007ffe2ed60000 - 0x00007ffe2ed6f000 	C:\Program Files\Java\jdk-10\bin\verify.dll
0x00007ffe30080000 - 0x00007ffe30249000 	C:\WINDOWS\SYSTEM32\DBGHELP.DLL
0x00007ffe2e2d0000 - 0x00007ffe2e2f9000 	C:\WINDOWS\SYSTEM32\dbgcore.DLL
0x00007ffe26e50000 - 0x00007ffe26e77000 	C:\Program Files\Java\jdk-10\bin\java.dll
0x00007ffe27290000 - 0x00007ffe272a6000 	C:\Program Files\Java\jdk-10\bin\zip.dll
0x00007ffe2e6a0000 - 0x00007ffe2e6aa000 	C:\Program Files\Java\jdk-10\bin\jimage.dll
0x00007ffe40070000 - 0x00007ffe414b0000 	C:\WINDOWS\System32\SHELL32.dll
0x00007ffe3f9f0000 - 0x00007ffe3fa99000 	C:\WINDOWS\System32\shcore.dll
0x00007ffe3e140000 - 0x00007ffe3e84d000 	C:\WINDOWS\System32\windows.storage.dll
0x00007ffe3f020000 - 0x00007ffe3f071000 	C:\WINDOWS\System32\shlwapi.dll
0x00007ffe3d880000 - 0x00007ffe3d891000 	C:\WINDOWS\System32\kernel.appcore.dll
0x00007ffe3d8a0000 - 0x00007ffe3d8bf000 	C:\WINDOWS\System32\profapi.dll
0x00007ffe3d830000 - 0x00007ffe3d87c000 	C:\WINDOWS\System32\powrprof.dll
0x00007ffe3d820000 - 0x00007ffe3d82a000 	C:\WINDOWS\System32\FLTLIB.DLL
0x00007ffe26b70000 - 0x00007ffe26b8a000 	C:\Program Files\Java\jdk-10\bin\net.dll
0x00007ffe38760000 - 0x00007ffe3883c000 	C:\WINDOWS\SYSTEM32\WINHTTP.dll
0x00007ffe3d0a0000 - 0x00007ffe3d106000 	C:\WINDOWS\system32\mswsock.dll
0x00007ffe26b50000 - 0x00007ffe26b61000 	C:\Program Files\Java\jdk-10\bin\nio.dll
0x00007ffe2ed70000 - 0x00007ffe2ed8e000 	C:\Users\ewens.HGSC\.gradle\native\25\windows-amd64\native-platform.dll
0x00007ffe2e580000 - 0x00007ffe2e589000 	C:\Program Files\Java\jdk-10\bin\management.dll
0x00007ffe26e40000 - 0x00007ffe26e4a000 	C:\Program Files\Java\jdk-10\bin\management_ext.dll
0x00007ffe3d250000 - 0x00007ffe3d267000 	C:\WINDOWS\SYSTEM32\CRYPTSP.dll
0x00007ffe3cc20000 - 0x00007ffe3cc53000 	C:\WINDOWS\system32\rsaenh.dll
0x00007ffe3d380000 - 0x00007ffe3d3a5000 	C:\WINDOWS\SYSTEM32\bcrypt.dll
0x00007ffe3d720000 - 0x00007ffe3d748000 	C:\WINDOWS\SYSTEM32\USERENV.dll
0x00007ffe3d270000 - 0x00007ffe3d27b000 	C:\WINDOWS\SYSTEM32\CRYPTBASE.dll
0x00007ffe3ce20000 - 0x00007ffe3ce58000 	C:\WINDOWS\SYSTEM32\IPHLPAPI.DLL
0x00007ffe3fc40000 - 0x00007ffe3fc48000 	C:\WINDOWS\System32\NSI.dll
0x00007ffe364a0000 - 0x00007ffe364b6000 	C:\WINDOWS\SYSTEM32\dhcpcsvc6.DLL
0x00007ffe36410000 - 0x00007ffe3642a000 	C:\WINDOWS\SYSTEM32\dhcpcsvc.DLL
0x00007ffe3b8e0000 - 0x00007ffe3b96b000 	C:\WINDOWS\system32\apphelp.dll
0x00007ffe3c8e0000 - 0x00007ffe3c911000 	C:\WINDOWS\SYSTEM32\ntmarta.dll

dbghelp: loaded successfully - version: 4.0.5 - missing functions: none
symbol engine: initialized successfully - sym options: 0x614 - pdb path: .;C:\Program Files\Java\jdk-10\bin;C:\WINDOWS\SYSTEM32;C:\WINDOWS\WinSxS\amd64_microsoft.windows.common-controls_6595b64144ccf1df_6.0.17134.137_none_fb44974530639b67;C:\Program Files\Java\jdk-10\bin\server;C:\Users\ewens.HGSC\.gradle\native\25\windows-amd64

VM Arguments:
jvm_args: -XX:+HeapDumpOnOutOfMemoryError -Xmx1024m -Dfile.encoding=windows-1252 -Duser.country=US -Duser.language=en -Duser.variant 
java_command: org.gradle.launcher.daemon.bootstrap.GradleDaemon 4.10-20180628235918+0000
java_class_path (initial): C:\Users\ewens.HGSC\.gradle\wrapper\dists\gradle-4.10-20180628235918+0000-bin\ebzhzusi8xw5rg8gs1uawp5nj\gradle-4.10-20180628235918+0000\lib\gradle-launcher-4.10.jar
Launcher Type: SUN_STANDARD

Logging:
Log output configuration:
#0: stdout all=warning uptime,level,tags
#1: stderr all=off uptime,level,tags

Environment Variables:
PATH=C:\ProgramData\Oracle\Java\javapath;C:\Program Files (x86)\Intel\iCLS Client\;C:\Program Files\Intel\iCLS Client\;C:\WINDOWS\system32;C:\WINDOWS;C:\WINDOWS\System32\Wbem;C:\WINDOWS\System32\WindowsPowerShell\v1.0\;C:\Program Files (x86)\Intel\UCRT\;C:\Program Files\Intel\UCRT\;C:\Program Files (x86)\Intel\Intel(R) Management Engine Components\DAL;C:\Program Files\Intel\Intel(R) Management Engine Components\DAL;C:\Program Files (x86)\Intel\Intel(R) Management Engine Components\IPT;C:\Program Files\Intel\Intel(R) Management Engine Components\IPT;C:\Program Files\PuTTY\;C:\WINDOWS\System32\OpenSSH\;C:\Program Files\Intel\WiFi\bin\;C:\Program Files\Common Files\Intel\WirelessCommon\;C:\Program Files\Git\cmd;C:\Program Files\Git\mingw64\bin;C:\Program Files\Git\usr\bin;C:\Users\ewens.HGSC\AppData\Local\Microsoft\WindowsApps;C:\Users\ewens.HGSC\AppData\Local\GitHubDesktop\bin
USERNAME=ewens
OS=Windows_NT
PROCESSOR_IDENTIFIER=Intel64 Family 6 Model 61 Stepping 4, GenuineIntel



---------------  S Y S T E M  ---------------

OS: Windows 10 , 64 bit Build 17134 (10.0.17134.1)

CPU:total 4 (initial active 4) (2 cores per cpu, 2 threads per core) family 6 model 61 stepping 4, cmov, cx8, fxsr, mmx, sse, sse2, sse3, ssse3, sse4.1, sse4.2, popcnt, avx, avx2, aes, clmul, erms, 3dnowpref, lzcnt, ht, tsc, tscinvbit, bmi1, bmi2, adx, fma

Memory: 4k page, physical 4066412k(247180k free), swap 5491820k(5792k free)

vm_info: Java HotSpot(TM) 64-Bit Server VM (10+46) for windows-amd64 JRE (10+46), built on Mar  8 2018 02:11:18 by "mach5one" with MS VC++ 12.0 (VS2013)

END.
