#
# There is insufficient memory for the Java Runtime Environment to continue.
# Native memory allocation (malloc) failed to allocate 1250256 bytes for Chunk::new
# Possible reasons:
#   The system is out of physical RAM or swap space
#   In 32 bit mode, the process size limit was hit
# Possible solutions:
#   Reduce memory load on the system
#   Increase physical memory or swap space
#   Check if swap backing store is full
#   Use 64 bit Java on a 64 bit OS
#   Decrease Java heap size (-Xmx/-Xms)
#   Decrease number of Java threads
#   Decrease Java thread stack sizes (-Xss)
#   Set larger code cache with -XX:ReservedCodeCacheSize=
# This output file may be truncated or incomplete.
#
#  Out of Memory Error (allocation.cpp:390), pid=12168, tid=0x000000000000138c
#
# JRE version: OpenJDK Runtime Environment (8.0_152-b02) (build 1.8.0_152-release-1024-b02)
# Java VM: OpenJDK 64-Bit Server VM (25.152-b02 mixed mode windows-amd64 compressed oops)
# Failed to write core dump. Minidumps are not enabled by default on client versions of Windows
#

---------------  T H R E A D  ---------------

Current thread (0x0000000015b1b800):  JavaThread "C2 CompilerThread0" daemon [_thread_in_native, id=5004, stack(0x0000000017160000,0x0000000017260000)]

Stack: [0x0000000017160000,0x0000000017260000]
[error occurred during error reporting (printing stack bounds), id 0xc0000005]

Native frames: (J=compiled Java code, j=interpreted, Vv=VM code, C=native code)


Current CompileTask:
C2:  36883 5714       4       java.lang.Class::privateGetMethodRecursive (130 bytes)


---------------  P R O C E S S  ---------------

Java Threads: ( => current thread )
  0x000000001c201000 JavaThread "Memory manager" [_thread_blocked, id=11184, stack(0x0000000021120000,0x0000000021220000)]
  0x000000001c204800 JavaThread "Build operations Thread 4" [_thread_blocked, id=13784, stack(0x000000001ff00000,0x0000000020000000)]
  0x000000001c201800 JavaThread "Build operations Thread 3" [_thread_blocked, id=9468, stack(0x000000001fe00000,0x000000001ff00000)]
  0x0000000018be9000 JavaThread "Build operations Thread 2" [_thread_blocked, id=10740, stack(0x000000001fd00000,0x000000001fe00000)]
  0x0000000018bea000 JavaThread "Build operations" [_thread_blocked, id=11176, stack(0x000000001fc00000,0x000000001fd00000)]
  0x0000000018be4800 JavaThread "Cache worker for Artifact transforms cache (C:\Users\ewens.HGSC\.gradle\caches\transforms-1)" [_thread_blocked, id=6848, stack(0x000000001f700000,0x000000001f800000)]
  0x0000000018be4000 JavaThread "Cache worker for cache directory md-rule (C:\Users\ewens.HGSC\.gradle\caches\4.10-20180626235929+0000\md-rule)" [_thread_blocked, id=13856, stack(0x000000001f600000,0x000000001f700000)]
  0x0000000018be3000 JavaThread "Cache worker for cache directory md-supplier (C:\Users\ewens.HGSC\.gradle\caches\4.10-20180626235929+0000\md-supplier)" [_thread_blocked, id=13240, stack(0x000000001dd20000,0x000000001de20000)]
  0x0000000018be7800 JavaThread "Cache worker for file hash cache (C:\Users\ewens.HGSC\Documents\GitHub\Wifi-Fixer\.gradle\4.10-20180626235929+0000\fileHashes)" [_thread_blocked, id=8652, stack(0x000000001a6b0000,0x000000001a7b0000)]
  0x0000000018b0b800 JavaThread "File lock request listener" [_thread_in_native, id=7076, stack(0x000000001a5b0000,0x000000001a6b0000)]
  0x0000000018b11800 JavaThread "Cache worker for file hash cache (C:\Users\ewens.HGSC\.gradle\caches\4.10-20180626235929+0000\fileHashes)" [_thread_blocked, id=2400, stack(0x000000001a2b0000,0x000000001a3b0000)]
  0x0000000017e9f000 JavaThread "Stdin handler" [_thread_blocked, id=5228, stack(0x000000001a1b0000,0x000000001a2b0000)]
  0x0000000017e9e000 JavaThread "Asynchronous log dispatcher for DefaultDaemonConnection: socket connection from /127.0.0.1:54843 to /127.0.0.1:54844" [_thread_blocked, id=6896, stack(0x000000001a0b0000,0x000000001a1b0000)]
  0x0000000017d33800 JavaThread "Daemon worker" [_thread_in_vm, id=7552, stack(0x0000000019fb0000,0x000000001a0b0000)]
  0x0000000017d2e800 JavaThread "Cancel handler" [_thread_blocked, id=11244, stack(0x0000000019eb0000,0x0000000019fb0000)]
  0x0000000017f86000 JavaThread "Handler for socket connection from /127.0.0.1:54843 to /127.0.0.1:54844" [_thread_in_native, id=2312, stack(0x0000000019bb0000,0x0000000019cb0000)]
  0x0000000017f85000 JavaThread "Daemon" [_thread_blocked, id=2136, stack(0x0000000019ab0000,0x0000000019bb0000)]
  0x000000001746f800 JavaThread "Daemon periodic checks" [_thread_blocked, id=8440, stack(0x00000000199b0000,0x0000000019ab0000)]
  0x0000000017f92000 JavaThread "Incoming local TCP Connector on port 54843" [_thread_in_native, id=5864, stack(0x0000000019770000,0x0000000019870000)]
  0x0000000015b7c000 JavaThread "Service Thread" daemon [_thread_blocked, id=8228, stack(0x0000000017860000,0x0000000017960000)]
  0x0000000015b6d000 JavaThread "C1 CompilerThread2" daemon [_thread_blocked, id=4908, stack(0x0000000017360000,0x0000000017460000)]
  0x0000000015b1f800 JavaThread "C2 CompilerThread1" daemon [_thread_in_native, id=7684, stack(0x0000000017260000,0x0000000017360000)]
=>0x0000000015b1b800 JavaThread "C2 CompilerThread0" daemon [_thread_in_native, id=5004, stack(0x0000000017160000,0x0000000017260000)]
  0x0000000015b1a000 JavaThread "Attach Listener" daemon [_thread_blocked, id=7352, stack(0x0000000017060000,0x0000000017160000)]
  0x0000000015b19000 JavaThread "Signal Dispatcher" daemon [_thread_blocked, id=12528, stack(0x0000000016f60000,0x0000000017060000)]
  0x0000000003356800 JavaThread "Finalizer" daemon [_thread_blocked, id=12436, stack(0x0000000016d70000,0x0000000016e70000)]
  0x0000000003351800 JavaThread "Reference Handler" daemon [_thread_blocked, id=6348, stack(0x0000000016c70000,0x0000000016d70000)]
  0x000000000344e000 JavaThread "main" [_thread_blocked, id=1876, stack(0x0000000003150000,0x0000000003250000)]

Other Threads:
  0x0000000015ae6800 VMThread [stack: 0x0000000016b70000,0x0000000016c70000] [id=11696]
  0x0000000015b7d800 WatcherThread [stack: 0x0000000017960000,0x0000000017a60000] [id=12616]

VM state:not at safepoint (normal execution)

VM Mutex/Monitor currently owned by a thread: None

Heap:
 PSYoungGen      total 218624K, used 44974K [0x00000000eab00000, 0x00000000fd780000, 0x0000000100000000)
  eden space 206336K, 15% used [0x00000000eab00000,0x00000000ecaf0698,0x00000000f7480000)
  from space 12288K, 99% used [0x00000000f7480000,0x00000000f807b348,0x00000000f8080000)
  to   space 18944K, 0% used [0x00000000fc500000,0x00000000fc500000,0x00000000fd780000)
 ParOldGen       total 55296K, used 29446K [0x00000000c0000000, 0x00000000c3600000, 0x00000000eab00000)
  object space 55296K, 53% used [0x00000000c0000000,0x00000000c1cc1bb0,0x00000000c3600000)
 Metaspace       used 57118K, capacity 58854K, committed 59160K, reserved 1099776K
  class space    used 7684K, capacity 8159K, committed 8240K, reserved 1048576K

Card table byte_map: [0x0000000012810000,0x0000000012a20000] byte_map_base: 0x0000000012210000

Marking Bits: (ParMarkBitMap*) 0x0000000074374970
 Begin Bits: [0x0000000012f80000, 0x0000000013f80000)
 End Bits:   [0x0000000013f80000, 0x0000000014f80000)

Polling page: 0x00000000013d0000

CodeCache: size=245760Kb used=18652Kb max_used=18668Kb free=227108Kb
 bounds [0x0000000003450000, 0x00000000046a0000, 0x0000000012450000]
 total_blobs=6032 nmethods=5236 adapters=708
 compilation: enabled

Compilation events (10 events):
Event: 36.786 Thread 0x0000000015b6d000 nmethod 5819 0x0000000004693110 code [0x00000000046932a0, 0x0000000004693730]
Event: 36.786 Thread 0x0000000015b6d000 5820       1       org.gradle.api.internal.AbstractTask::getInputs (5 bytes)
Event: 36.786 Thread 0x0000000015b6d000 nmethod 5820 0x000000000468f9d0 code [0x000000000468fb20, 0x000000000468fc30]
Event: 36.786 Thread 0x0000000015b6d000 5818       1       org.gradle.api.internal.attributes.AttributeValue$1::isPresent (2 bytes)
Event: 36.786 Thread 0x0000000015b6d000 nmethod 5818 0x000000000468c810 code [0x000000000468c960, 0x000000000468ca70]
Event: 36.786 Thread 0x0000000015b6d000 5821       1       com.android.build.gradle.internal.scope.VariantScopeImpl::getVariantData (5 bytes)
Event: 36.786 Thread 0x0000000015b6d000 nmethod 5821 0x0000000004693990 code [0x0000000004693ae0, 0x0000000004693bf0]
Event: 36.790 Thread 0x0000000015b1f800 5822       4       sun.reflect.generics.parser.SignatureParser::parsePackageNameAndSimpleClassTypeSignature (139 bytes)
Event: 36.812 Thread 0x0000000015b6d000 5823   !   3       com.sun.proxy.$Proxy10::annotationType (29 bytes)
Event: 36.813 Thread 0x0000000015b6d000 nmethod 5823 0x0000000004693c50 code [0x0000000004693de0, 0x0000000004694218]

GC Heap History (10 events):
Event: 23.502 GC heap before
{Heap before GC invocations=11 (full 1):
 PSYoungGen      total 136192K, used 136171K [0x00000000eab00000, 0x00000000f5700000, 0x0000000100000000)
  eden space 126976K, 100% used [0x00000000eab00000,0x00000000f2700000,0x00000000f2700000)
  from space 9216K, 99% used [0x00000000f2700000,0x00000000f2ffae48,0x00000000f3000000)
  to   space 12288K, 0% used [0x00000000f4b00000,0x00000000f4b00000,0x00000000f5700000)
 ParOldGen       total 36864K, used 15632K [0x00000000c0000000, 0x00000000c2400000, 0x00000000eab00000)
  object space 36864K, 42% used [0x00000000c0000000,0x00000000c0f44190,0x00000000c2400000)
 Metaspace       used 34405K, capacity 35200K, committed 35496K, reserved 1079296K
  class space    used 4669K, capacity 4934K, committed 5040K, reserved 1048576K
Event: 23.525 GC heap after
Heap after GC invocations=11 (full 1):
 PSYoungGen      total 164352K, used 6592K [0x00000000eab00000, 0x00000000f6d80000, 0x0000000100000000)
  eden space 152064K, 0% used [0x00000000eab00000,0x00000000eab00000,0x00000000f3f80000)
  from space 12288K, 53% used [0x00000000f4b00000,0x00000000f5170040,0x00000000f5700000)
  to   space 11776K, 0% used [0x00000000f3f80000,0x00000000f3f80000,0x00000000f4b00000)
 ParOldGen       total 36864K, used 19111K [0x00000000c0000000, 0x00000000c2400000, 0x00000000eab00000)
  object space 36864K, 51% used [0x00000000c0000000,0x00000000c12a9d70,0x00000000c2400000)
 Metaspace       used 34405K, capacity 35200K, committed 35496K, reserved 1079296K
  class space    used 4669K, capacity 4934K, committed 5040K, reserved 1048576K
}
Event: 26.699 GC heap before
{Heap before GC invocations=12 (full 1):
 PSYoungGen      total 164352K, used 158656K [0x00000000eab00000, 0x00000000f6d80000, 0x0000000100000000)
  eden space 152064K, 100% used [0x00000000eab00000,0x00000000f3f80000,0x00000000f3f80000)
  from space 12288K, 53% used [0x00000000f4b00000,0x00000000f5170040,0x00000000f5700000)
  to   space 11776K, 0% used [0x00000000f3f80000,0x00000000f3f80000,0x00000000f4b00000)
 ParOldGen       total 36864K, used 19111K [0x00000000c0000000, 0x00000000c2400000, 0x00000000eab00000)
  object space 36864K, 51% used [0x00000000c0000000,0x00000000c12a9d70,0x00000000c2400000)
 Metaspace       used 34431K, capacity 35264K, committed 35496K, reserved 1079296K
  class space    used 4669K, capacity 4934K, committed 5040K, reserved 1048576K
Event: 26.732 GC heap after
Heap after GC invocations=12 (full 1):
 PSYoungGen      total 163840K, used 2016K [0x00000000eab00000, 0x00000000f9080000, 0x0000000100000000)
  eden space 152064K, 0% used [0x00000000eab00000,0x00000000eab00000,0x00000000f3f80000)
  from space 11776K, 17% used [0x00000000f3f80000,0x00000000f4178000,0x00000000f4b00000)
  to   space 12288K, 0% used [0x00000000f8480000,0x00000000f8480000,0x00000000f9080000)
 ParOldGen       total 36864K, used 24337K [0x00000000c0000000, 0x00000000c2400000, 0x00000000eab00000)
  object space 36864K, 66% used [0x00000000c0000000,0x00000000c17c4690,0x00000000c2400000)
 Metaspace       used 34431K, capacity 35264K, committed 35496K, reserved 1079296K
  class space    used 4669K, capacity 4934K, committed 5040K, reserved 1048576K
}
Event: 29.878 GC heap before
{Heap before GC invocations=13 (full 1):
 PSYoungGen      total 163840K, used 130952K [0x00000000eab00000, 0x00000000f9080000, 0x0000000100000000)
  eden space 152064K, 84% used [0x00000000eab00000,0x00000000f28ea3a0,0x00000000f3f80000)
  from space 11776K, 17% used [0x00000000f3f80000,0x00000000f4178000,0x00000000f4b00000)
  to   space 12288K, 0% used [0x00000000f8480000,0x00000000f8480000,0x00000000f9080000)
 ParOldGen       total 36864K, used 24337K [0x00000000c0000000, 0x00000000c2400000, 0x00000000eab00000)
  object space 36864K, 66% used [0x00000000c0000000,0x00000000c17c4690,0x00000000c2400000)
 Metaspace       used 34636K, capacity 35328K, committed 35496K, reserved 1079296K
  class space    used 4680K, capacity 4934K, committed 5040K, reserved 1048576K
Event: 29.889 GC heap after
Heap after GC invocations=13 (full 1):
 PSYoungGen      total 214528K, used 1826K [0x00000000eab00000, 0x00000000f8c80000, 0x0000000100000000)
  eden space 206336K, 0% used [0x00000000eab00000,0x00000000eab00000,0x00000000f7480000)
  from space 8192K, 22% used [0x00000000f8480000,0x00000000f8648ba0,0x00000000f8c80000)
  to   space 12288K, 0% used [0x00000000f7480000,0x00000000f7480000,0x00000000f8080000)
 ParOldGen       total 36864K, used 24401K [0x00000000c0000000, 0x00000000c2400000, 0x00000000eab00000)
  object space 36864K, 66% used [0x00000000c0000000,0x00000000c17d4690,0x00000000c2400000)
 Metaspace       used 34636K, capacity 35328K, committed 35496K, reserved 1079296K
  class space    used 4680K, capacity 4934K, committed 5040K, reserved 1048576K
}
Event: 29.889 GC heap before
{Heap before GC invocations=14 (full 2):
 PSYoungGen      total 214528K, used 1826K [0x00000000eab00000, 0x00000000f8c80000, 0x0000000100000000)
  eden space 206336K, 0% used [0x00000000eab00000,0x00000000eab00000,0x00000000f7480000)
  from space 8192K, 22% used [0x00000000f8480000,0x00000000f8648ba0,0x00000000f8c80000)
  to   space 12288K, 0% used [0x00000000f7480000,0x00000000f7480000,0x00000000f8080000)
 ParOldGen       total 36864K, used 24401K [0x00000000c0000000, 0x00000000c2400000, 0x00000000eab00000)
  object space 36864K, 66% used [0x00000000c0000000,0x00000000c17d4690,0x00000000c2400000)
 Metaspace       used 34636K, capacity 35328K, committed 35496K, reserved 1079296K
  class space    used 4680K, capacity 4934K, committed 5040K, reserved 1048576K
Event: 30.053 GC heap after
Heap after GC invocations=14 (full 2):
 PSYoungGen      total 214528K, used 0K [0x00000000eab00000, 0x00000000f8c80000, 0x0000000100000000)
  eden space 206336K, 0% used [0x00000000eab00000,0x00000000eab00000,0x00000000f7480000)
  from space 8192K, 0% used [0x00000000f8480000,0x00000000f8480000,0x00000000f8c80000)
  to   space 12288K, 0% used [0x00000000f7480000,0x00000000f7480000,0x00000000f8080000)
 ParOldGen       total 55296K, used 16663K [0x00000000c0000000, 0x00000000c3600000, 0x00000000eab00000)
  object space 55296K, 30% used [0x00000000c0000000,0x00000000c1045dc8,0x00000000c3600000)
 Metaspace       used 34585K, capacity 35196K, committed 35496K, reserved 1079296K
  class space    used 4666K, capacity 4890K, committed 5040K, reserved 1048576K
}
Event: 36.109 GC heap before
{Heap before GC invocations=15 (full 2):
 PSYoungGen      total 214528K, used 206336K [0x00000000eab00000, 0x00000000f8c80000, 0x0000000100000000)
  eden space 206336K, 100% used [0x00000000eab00000,0x00000000f7480000,0x00000000f7480000)
  from space 8192K, 0% used [0x00000000f8480000,0x00000000f8480000,0x00000000f8c80000)
  to   space 12288K, 0% used [0x00000000f7480000,0x00000000f7480000,0x00000000f8080000)
 ParOldGen       total 55296K, used 16663K [0x00000000c0000000, 0x00000000c3600000, 0x00000000eab00000)
  object space 55296K, 30% used [0x00000000c0000000,0x00000000c1045dc8,0x00000000c3600000)
 Metaspace       used 54778K, capacity 56194K, committed 56360K, reserved 1097728K
  class space    used 7279K, capacity 7703K, committed 7728K, reserved 1048576K
Event: 36.159 GC heap after
Heap after GC invocations=15 (full 2):
 PSYoungGen      total 218624K, used 12268K [0x00000000eab00000, 0x00000000fd780000, 0x0000000100000000)
  eden space 206336K, 0% used [0x00000000eab00000,0x00000000eab00000,0x00000000f7480000)
  from space 12288K, 99% used [0x00000000f7480000,0x00000000f807b348,0x00000000f8080000)
  to   space 18944K, 0% used [0x00000000fc500000,0x00000000fc500000,0x00000000fd780000)
 ParOldGen       total 55296K, used 29446K [0x00000000c0000000, 0x00000000c3600000, 0x00000000eab00000)
  object space 55296K, 53% used [0x00000000c0000000,0x00000000c1cc1bb0,0x00000000c3600000)
 Metaspace       used 54778K, capacity 56194K, committed 56360K, reserved 1097728K
  class space    used 7279K, capacity 7703K, committed 7728K, reserved 1048576K
}

Deoptimization events (10 events):
Event: 34.480 Thread 0x0000000017d33800 Uncommon trap: reason=class_check action=maybe_recompile pc=0x0000000003d11fe0 method=java.io.DataInputStream.readUnsignedShort()I @ 4
Event: 34.823 Thread 0x0000000017d33800 Uncommon trap: reason=unstable_if action=reinterpret pc=0x0000000003a1c19c method=java.util.WeakHashMap.remove(Ljava/lang/Object;)Ljava/lang/Object; @ 94
Event: 34.835 Thread 0x0000000017d33800 Uncommon trap: reason=unstable_if action=reinterpret pc=0x00000000039e943c method=java.util.WeakHashMap.remove(Ljava/lang/Object;)Ljava/lang/Object; @ 94
Event: 35.427 Thread 0x0000000017d33800 Uncommon trap: reason=unstable_if action=reinterpret pc=0x000000000448f974 method=com.sun.org.apache.xerces.internal.impl.XMLEntityScanner.checkBeforeLoad(Lcom/sun/xml/internal/stream/Entity$ScannedEntity;II)I @ 18
Event: 35.617 Thread 0x0000000017d33800 Uncommon trap: reason=bimorphic action=maybe_recompile pc=0x00000000044ed1ec method=java.util.regex.Pattern$GroupTail.match(Ljava/util/regex/Matcher;ILjava/lang/CharSequence;)Z @ 70
Event: 35.617 Thread 0x0000000017d33800 Uncommon trap: reason=bimorphic action=maybe_recompile pc=0x00000000044ed1ec method=java.util.regex.Pattern$GroupTail.match(Ljava/util/regex/Matcher;ILjava/lang/CharSequence;)Z @ 70
Event: 35.617 Thread 0x0000000017d33800 Uncommon trap: reason=bimorphic action=maybe_recompile pc=0x00000000044ed1ec method=java.util.regex.Pattern$GroupTail.match(Ljava/util/regex/Matcher;ILjava/lang/CharSequence;)Z @ 70
Event: 35.617 Thread 0x0000000017d33800 Uncommon trap: reason=bimorphic action=maybe_recompile pc=0x00000000044ed1ec method=java.util.regex.Pattern$GroupTail.match(Ljava/util/regex/Matcher;ILjava/lang/CharSequence;)Z @ 70
Event: 35.935 Thread 0x0000000017d33800 Uncommon trap: reason=class_check action=maybe_recompile pc=0x00000000042f7b50 method=java.util.Collections$SynchronizedCollection.add(Ljava/lang/Object;)Z @ 12
Event: 36.858 Thread 0x0000000017d33800 Uncommon trap: reason=unstable_if action=reinterpret pc=0x0000000004417d74 method=java.util.TreeMap.put(Ljava/lang/Object;Ljava/lang/Object;)Ljava/lang/Object; @ 163

Classes redefined (0 events):
No events

Internal exceptions (10 events):
Event: 36.529 Thread 0x0000000017d33800 Exception <a 'java/lang/ClassNotFoundException': org/gradle/api/internal/file/CompositeFileTreeBeanInfo> (0x00000000ebb386a0) thrown at [D:\src\AOSP-openjdk-cygwin\jdk8u\hotspot\src\share\vm\classfile\systemDictionary.cpp, line 210]
Event: 36.530 Thread 0x0000000017d33800 Exception <a 'java/lang/ClassNotFoundException': org/gradle/api/internal/file/CompositeFileCollectionBeanInfo> (0x00000000ebb4f430) thrown at [D:\src\AOSP-openjdk-cygwin\jdk8u\hotspot\src\share\vm\classfile\systemDictionary.cpp, line 210]
Event: 36.531 Thread 0x0000000017d33800 Exception <a 'java/lang/ClassNotFoundException': org/gradle/api/internal/file/AbstractFileCollectionBeanInfo> (0x00000000ebb661c0) thrown at [D:\src\AOSP-openjdk-cygwin\jdk8u\hotspot\src\share\vm\classfile\systemDictionary.cpp, line 210]
Event: 36.532 Thread 0x0000000017d33800 Exception <a 'java/lang/ClassNotFoundException': org/gradle/api/internal/file/AbstractFileCollectionCustomizer> (0x00000000ebb7d480) thrown at [D:\src\AOSP-openjdk-cygwin\jdk8u\hotspot\src\share\vm\classfile\systemDictionary.cpp, line 210]
Event: 36.535 Thread 0x0000000017d33800 Exception <a 'java/lang/ClassNotFoundException': org/gradle/api/internal/file/CompositeFileCollectionCustomizer> (0x00000000ebba58b0) thrown at [D:\src\AOSP-openjdk-cygwin\jdk8u\hotspot\src\share\vm\classfile\systemDictionary.cpp, line 210]
Event: 36.537 Thread 0x0000000017d33800 Exception <a 'java/lang/ClassNotFoundException': org/gradle/api/internal/file/CompositeFileTreeCustomizer> (0x00000000ebbcc1e8) thrown at [D:\src\AOSP-openjdk-cygwin\jdk8u\hotspot\src\share\vm\classfile\systemDictionary.cpp, line 210]
Event: 36.538 Thread 0x0000000017d33800 Exception <a 'java/lang/ClassNotFoundException': org/gradle/api/internal/file/collections/DefaultConfigurableFileTreeCustomizer> (0x00000000ebbf3fa0) thrown at [D:\src\AOSP-openjdk-cygwin\jdk8u\hotspot\src\share\vm\classfile\systemDictionary.cpp, line 210
Event: 36.643 Thread 0x0000000017d33800 Exception <a 'java/lang/NoSuchMethodError': java.lang.Object.lambda$static$0(Ljava/util/Set;Ljava/util/Set;)Z> (0x00000000ec0285b8) thrown at [D:\src\AOSP-openjdk-cygwin\jdk8u\hotspot\src\share\vm\interpreter\linkResolver.cpp, line 584]
Event: 36.644 Thread 0x0000000017d33800 Exception <a 'java/lang/NoSuchMethodError': java.lang.Object.lambda$static$1(Ljava/util/Set;Ljava/util/Set;)Z> (0x00000000ec02b340) thrown at [D:\src\AOSP-openjdk-cygwin\jdk8u\hotspot\src\share\vm\interpreter\linkResolver.cpp, line 584]
Event: 36.644 Thread 0x0000000017d33800 Exception <a 'java/lang/NoSuchMethodError': java.lang.Object.lambda$static$2(Ljava/util/Set;Ljava/util/Set;)Z> (0x00000000ec02dc98) thrown at [D:\src\AOSP-openjdk-cygwin\jdk8u\hotspot\src\share\vm\interpreter\linkResolver.cpp, line 584]

Events (10 events):
Event: 36.856 loading class org/gradle/api/reporting/internal/TaskGeneratedReport$1 done
Event: 36.858 Thread 0x0000000017d33800 Uncommon trap: trap_request=0xffffff65 fr.pc=0x0000000004417d74
Event: 36.858 Thread 0x0000000017d33800 DEOPT PACKING pc=0x0000000004417d74 sp=0x000000001a0a9cf0
Event: 36.858 Thread 0x0000000017d33800 DEOPT UNPACKING pc=0x000000000349557b sp=0x000000001a0a9cb0 mode 2
Event: 36.858 loading class org/gradle/api/internal/tasks/testing/filter/DefaultTestFilter
Event: 36.858 loading class org/gradle/api/internal/tasks/testing/filter/DefaultTestFilter done
Event: 36.863 loading class org/gradle/process/internal/DefaultJavaForkOptions
Event: 36.863 loading class org/gradle/process/internal/DefaultJavaForkOptions done
Event: 36.866 loading class org/gradle/process/internal/JavaForkOptionsInternal
Event: 36.866 loading class org/gradle/process/internal/JavaForkOptionsInternal done


Dynamic libraries:
0x00007ff68df10000 - 0x00007ff68df41000 	C:\Program Files\Android\Android Studio\jre\bin\java.exe
0x00007ffaa9160000 - 0x00007ffaa9341000 	C:\WINDOWS\SYSTEM32\ntdll.dll
0x00007ffaa6930000 - 0x00007ffaa69e2000 	C:\WINDOWS\System32\KERNEL32.DLL
0x00007ffaa55d0000 - 0x00007ffaa5843000 	C:\WINDOWS\System32\KERNELBASE.dll
0x00007ffaa67f0000 - 0x00007ffaa6891000 	C:\WINDOWS\System32\ADVAPI32.dll
0x00007ffaa8af0000 - 0x00007ffaa8b8e000 	C:\WINDOWS\System32\msvcrt.dll
0x00007ffaa6790000 - 0x00007ffaa67eb000 	C:\WINDOWS\System32\sechost.dll
0x00007ffaa6bd0000 - 0x00007ffaa6cf4000 	C:\WINDOWS\System32\RPCRT4.dll
0x00007ffaa8960000 - 0x00007ffaa8af0000 	C:\WINDOWS\System32\USER32.dll
0x00007ffaa6100000 - 0x00007ffaa6120000 	C:\WINDOWS\System32\win32u.dll
0x00007ffaa68a0000 - 0x00007ffaa68c8000 	C:\WINDOWS\System32\GDI32.dll
0x00007ffaa5850000 - 0x00007ffaa59e2000 	C:\WINDOWS\System32\gdi32full.dll
0x00007ffaa5530000 - 0x00007ffaa55cf000 	C:\WINDOWS\System32\msvcp_win.dll
0x00007ffaa6420000 - 0x00007ffaa651a000 	C:\WINDOWS\System32\ucrtbase.dll
0x00007ffa99ea0000 - 0x00007ffa9a109000 	C:\WINDOWS\WinSxS\amd64_microsoft.windows.common-controls_6595b64144ccf1df_6.0.17134.137_none_fb44974530639b67\COMCTL32.dll
0x00007ffaa8e00000 - 0x00007ffaa9123000 	C:\WINDOWS\System32\combase.dll
0x00007ffaa6520000 - 0x00007ffaa659a000 	C:\WINDOWS\System32\bcryptPrimitives.dll
0x00007ffaa65f0000 - 0x00007ffaa661d000 	C:\WINDOWS\System32\IMM32.DLL
0x0000000074fd0000 - 0x00000000750a2000 	C:\Program Files\Android\Android Studio\jre\jre\bin\msvcr100.dll
0x0000000073bb0000 - 0x00000000743ef000 	C:\Program Files\Android\Android Studio\jre\jre\bin\server\jvm.dll
0x00007ffaa8d50000 - 0x00007ffaa8d58000 	C:\WINDOWS\System32\PSAPI.DLL
0x00007ffa9dc90000 - 0x00007ffa9dc99000 	C:\WINDOWS\SYSTEM32\WSOCK32.dll
0x00007ffaa72a0000 - 0x00007ffaa730c000 	C:\WINDOWS\System32\WS2_32.dll
0x00007ffa9ed70000 - 0x00007ffa9ed93000 	C:\WINDOWS\SYSTEM32\WINMM.dll
0x00007ffa9ed10000 - 0x00007ffa9ed1a000 	C:\WINDOWS\SYSTEM32\VERSION.dll
0x00007ffa9ed20000 - 0x00007ffa9ed4a000 	C:\WINDOWS\SYSTEM32\winmmbase.dll
0x00007ffaa65a0000 - 0x00007ffaa65e9000 	C:\WINDOWS\System32\cfgmgr32.dll
0x00007ffa9d750000 - 0x00007ffa9d75f000 	C:\Program Files\Android\Android Studio\jre\jre\bin\verify.dll
0x00007ffa933c0000 - 0x00007ffa933e9000 	C:\Program Files\Android\Android Studio\jre\jre\bin\java.dll
0x00007ffa99da0000 - 0x00007ffa99db6000 	C:\Program Files\Android\Android Studio\jre\jre\bin\zip.dll
0x00007ffaa74a0000 - 0x00007ffaa88e0000 	C:\WINDOWS\System32\SHELL32.dll
0x00007ffaa6a50000 - 0x00007ffaa6af9000 	C:\WINDOWS\System32\shcore.dll
0x00007ffaa59f0000 - 0x00007ffaa60fd000 	C:\WINDOWS\System32\windows.storage.dll
0x00007ffaa69f0000 - 0x00007ffaa6a41000 	C:\WINDOWS\System32\shlwapi.dll
0x00007ffaa54f0000 - 0x00007ffaa5501000 	C:\WINDOWS\System32\kernel.appcore.dll
0x00007ffaa5510000 - 0x00007ffaa552f000 	C:\WINDOWS\System32\profapi.dll
0x00007ffaa5470000 - 0x00007ffaa54bc000 	C:\WINDOWS\System32\powrprof.dll
0x00007ffaa54c0000 - 0x00007ffaa54ca000 	C:\WINDOWS\System32\FLTLIB.DLL
0x00007ffa9d760000 - 0x00007ffa9d77a000 	C:\Program Files\Android\Android Studio\jre\jre\bin\net.dll
0x00007ffaa4c90000 - 0x00007ffaa4cf6000 	C:\WINDOWS\system32\mswsock.dll
0x00007ffa953e0000 - 0x00007ffa953f1000 	C:\Program Files\Android\Android Studio\jre\jre\bin\nio.dll
0x00007ffa8be10000 - 0x00007ffa8be2e000 	C:\Users\ewens.HGSC\.gradle\native\25\windows-amd64\native-platform.dll
0x00007ffa9d650000 - 0x00007ffa9d65d000 	C:\Program Files\Android\Android Studio\jre\jre\bin\management.dll
0x00007ffaa4e40000 - 0x00007ffaa4e57000 	C:\WINDOWS\SYSTEM32\CRYPTSP.dll
0x00007ffaa4870000 - 0x00007ffaa48a3000 	C:\WINDOWS\system32\rsaenh.dll
0x00007ffaa4f70000 - 0x00007ffaa4f95000 	C:\WINDOWS\SYSTEM32\bcrypt.dll
0x00007ffaa5370000 - 0x00007ffaa5398000 	C:\WINDOWS\SYSTEM32\USERENV.dll
0x00007ffaa4e60000 - 0x00007ffaa4e6b000 	C:\WINDOWS\SYSTEM32\CRYPTBASE.dll
0x00007ffaa4a10000 - 0x00007ffaa4a48000 	C:\WINDOWS\SYSTEM32\IPHLPAPI.DLL
0x00007ffaa7490000 - 0x00007ffaa7498000 	C:\WINDOWS\System32\NSI.dll
0x00007ffaa0710000 - 0x00007ffaa0726000 	C:\WINDOWS\SYSTEM32\dhcpcsvc6.DLL
0x00007ffaa03c0000 - 0x00007ffaa03da000 	C:\WINDOWS\SYSTEM32\dhcpcsvc.DLL

VM Arguments:
jvm_args: -XX:+HeapDumpOnOutOfMemoryError -Xmx1024m -Dfile.encoding=windows-1252 -Duser.country=US -Duser.language=en -Duser.variant 
java_command: org.gradle.launcher.daemon.bootstrap.GradleDaemon 4.10-20180626235929+0000
java_class_path (initial): C:\opt\gradle-4.10-20180626235929+0000\lib\gradle-launcher-4.10.jar
Launcher Type: SUN_STANDARD

Environment Variables:
PATH=C:\ProgramData\Oracle\Java\javapath;C:\Program Files (x86)\Intel\iCLS Client\;C:\Program Files\Intel\iCLS Client\;C:\WINDOWS\system32;C:\WINDOWS;C:\WINDOWS\System32\Wbem;C:\WINDOWS\System32\WindowsPowerShell\v1.0\;C:\Program Files (x86)\Intel\UCRT\;C:\Program Files\Intel\UCRT\;C:\Program Files (x86)\Intel\Intel(R) Management Engine Components\DAL;C:\Program Files\Intel\Intel(R) Management Engine Components\DAL;C:\Program Files (x86)\Intel\Intel(R) Management Engine Components\IPT;C:\Program Files\Intel\Intel(R) Management Engine Components\IPT;C:\Program Files\PuTTY\;C:\WINDOWS\System32\OpenSSH\;C:\Program Files\Intel\WiFi\bin\;C:\Program Files\Common Files\Intel\WirelessCommon\;C:\Program Files\Git\cmd;C:\Program Files\Git\mingw64\bin;C:\Program Files\Git\usr\bin;C:\Users\ewens.HGSC\AppData\Local\Microsoft\WindowsApps;C:\Users\ewens.HGSC\AppData\Local\GitHubDesktop\bin
USERNAME=ewens
OS=Windows_NT
PROCESSOR_IDENTIFIER=Intel64 Family 6 Model 61 Stepping 4, GenuineIntel



---------------  S Y S T E M  ---------------

OS: Windows 10.0 , 64 bit Build 17134 (10.0.17134.1)

CPU:total 4 (initial active 4) (2 cores per cpu, 2 threads per core) family 6 model 61 stepping 4, cmov, cx8, fxsr, mmx, sse, sse2, sse3, ssse3, sse4.1, sse4.2, popcnt, avx, avx2, aes, clmul, erms, 3dnowpref, lzcnt, ht, tsc, tscinvbit, bmi1, bmi2, adx

Memory: 4k page, physical 4066412k(343604k free), swap 5491820k(5072k free)

vm_info: OpenJDK 64-Bit Server VM (25.152-b02) for windows-amd64 JRE (1.8.0_152-release-1024-b02), built by "builder" with MS VC++ 10.0 (VS2010)

time: Wed Jun 27 13:44:35 2018
elapsed time: 36 seconds (0d 0h 0m 36s)

