#
# There is insufficient memory for the Java Runtime Environment to continue.
# Native memory allocation (malloc) failed to allocate 32744 bytes for ChunkPool::allocate
# Possible reasons:
#   The system is out of physical RAM or swap space
#   In 32 bit mode, the process size limit was hit
# Possible solutions:
#   Reduce memory load on the system
#   Increase physical memory or swap space
#   Check if swap backing store is full
#   Use 64 bit Java on a 64 bit OS
#   Decrease Java heap size (-Xmx/-Xms)
#   Decrease number of Java threads
#   Decrease Java thread stack sizes (-Xss)
#   Set larger code cache with -XX:ReservedCodeCacheSize=
# This output file may be truncated or incomplete.
#
#  Out of Memory Error (allocation.cpp:273), pid=4132, tid=0x0000000000002bd0
#
# JRE version: OpenJDK Runtime Environment (8.0_152-b02) (build 1.8.0_152-release-1024-b02)
# Java VM: OpenJDK 64-Bit Server VM (25.152-b02 mixed mode windows-amd64 compressed oops)
# Failed to write core dump. Minidumps are not enabled by default on client versions of Windows
#

---------------  T H R E A D  ---------------

Current thread (0x000000001528e000):  JavaThread "C2 CompilerThread0" daemon [_thread_in_native, id=11216, stack(0x00000000168d0000,0x00000000169d0000)]

Stack: [0x00000000168d0000,0x00000000169d0000]
[error occurred during error reporting (printing stack bounds), id 0xc0000005]

Native frames: (J=compiled Java code, j=interpreted, Vv=VM code, C=native code)


Current CompileTask:
C2:  10154 2282   !   4       java.net.URLClassLoader$1::run (63 bytes)


---------------  P R O C E S S  ---------------

Java Threads: ( => current thread )
  0x000000001a081800 JavaThread "Cache worker for Artifact transforms cache (C:\Users\ewens.HGSC\.gradle\caches\transforms-1)" [_thread_blocked, id=7376, stack(0x00000000209c0000,0x0000000020ac0000)]
  0x000000001a07e800 JavaThread "Cache worker for cache directory md-rule (C:\Users\ewens.HGSC\.gradle\caches\4.10-20180626235929+0000\md-rule)" [_thread_blocked, id=1316, stack(0x000000001e630000,0x000000001e730000)]
  0x000000001a07f800 JavaThread "Cache worker for cache directory md-supplier (C:\Users\ewens.HGSC\.gradle\caches\4.10-20180626235929+0000\md-supplier)" [_thread_blocked, id=10384, stack(0x000000001c0c0000,0x000000001c1c0000)]
  0x000000001a082800 JavaThread "Cache worker for file hash cache (C:\Users\ewens.HGSC\Documents\GitHub\Wifi-Fixer\.gradle\4.10-20180626235929+0000\fileHashes)" [_thread_blocked, id=7312, stack(0x000000001adf0000,0x000000001aef0000)]
  0x0000000018825800 JavaThread "File lock request listener" [_thread_in_native, id=9636, stack(0x000000001aaf0000,0x000000001abf0000)]
  0x00000000184e8800 JavaThread "Cache worker for file hash cache (C:\Users\ewens.HGSC\.gradle\caches\4.10-20180626235929+0000\fileHashes)" [_thread_blocked, id=4804, stack(0x000000001a9f0000,0x000000001aaf0000)]
  0x00000000181e6800 JavaThread "Stdin handler" [_thread_blocked, id=10592, stack(0x0000000019920000,0x0000000019a20000)]
  0x00000000181d0800 JavaThread "Asynchronous log dispatcher for DefaultDaemonConnection: socket connection from /127.0.0.1:54788 to /127.0.0.1:54789" [_thread_blocked, id=6164, stack(0x0000000019820000,0x0000000019920000)]
  0x00000000181ce800 JavaThread "Daemon worker" [_thread_in_native, id=13204, stack(0x0000000019520000,0x0000000019620000)]
  0x00000000182f2800 JavaThread "Cancel handler" [_thread_blocked, id=8512, stack(0x0000000019420000,0x0000000019520000)]
  0x00000000182ea000 JavaThread "Handler for socket connection from /127.0.0.1:54788 to /127.0.0.1:54789" [_thread_in_native, id=10832, stack(0x0000000019320000,0x0000000019420000)]
  0x00000000182e9800 JavaThread "Daemon" [_thread_blocked, id=5580, stack(0x0000000019220000,0x0000000019320000)]
  0x00000000182ca800 JavaThread "Daemon periodic checks" [_thread_blocked, id=10460, stack(0x0000000019120000,0x0000000019220000)]
  0x00000000182bf000 JavaThread "Incoming local TCP Connector on port 54788" [_thread_in_native, id=11020, stack(0x0000000018ee0000,0x0000000018fe0000)]
  0x0000000016af7800 JavaThread "Service Thread" daemon [_thread_blocked, id=11428, stack(0x0000000016fd0000,0x00000000170d0000)]
  0x0000000016ad0800 JavaThread "C1 CompilerThread2" daemon [_thread_blocked, id=8508, stack(0x0000000016ed0000,0x0000000016fd0000)]
  0x0000000015296800 JavaThread "C2 CompilerThread1" daemon [_thread_in_native, id=2804, stack(0x00000000169d0000,0x0000000016ad0000)]
=>0x000000001528e000 JavaThread "C2 CompilerThread0" daemon [_thread_in_native, id=11216, stack(0x00000000168d0000,0x00000000169d0000)]
  0x000000001528c800 JavaThread "Attach Listener" daemon [_thread_blocked, id=10688, stack(0x00000000167d0000,0x00000000168d0000)]
  0x0000000015289800 JavaThread "Signal Dispatcher" daemon [_thread_blocked, id=9364, stack(0x00000000166d0000,0x00000000167d0000)]
  0x0000000002bbd800 JavaThread "Finalizer" daemon [_thread_blocked, id=9580, stack(0x00000000164e0000,0x00000000165e0000)]
  0x0000000002bb1800 JavaThread "Reference Handler" daemon [_thread_blocked, id=2884, stack(0x00000000163e0000,0x00000000164e0000)]
  0x00000000029be000 JavaThread "main" [_thread_blocked, id=10064, stack(0x00000000029c0000,0x0000000002ac0000)]

Other Threads:
  0x0000000015256800 VMThread [stack: 0x00000000162e0000,0x00000000163e0000] [id=12768]
  0x0000000016af8800 WatcherThread [stack: 0x00000000170d0000,0x00000000171d0000] [id=9068]

VM state:not at safepoint (normal execution)

VM Mutex/Monitor currently owned by a thread: None

Heap:
 PSYoungGen      total 72704K, used 43609K [0x00000000eab00000, 0x00000000ef900000, 0x0000000100000000)
  eden space 65536K, 55% used [0x00000000eab00000,0x00000000ece9ca70,0x00000000eeb00000)
  from space 7168K, 99% used [0x00000000eeb00000,0x00000000ef1f9ba8,0x00000000ef200000)
  to   space 6656K, 0% used [0x00000000ef280000,0x00000000ef280000,0x00000000ef900000)
 ParOldGen       total 33280K, used 8846K [0x00000000c0000000, 0x00000000c2080000, 0x00000000eab00000)
  object space 33280K, 26% used [0x00000000c0000000,0x00000000c08a3998,0x00000000c2080000)
 Metaspace       used 29779K, capacity 30160K, committed 30336K, reserved 1075200K
  class space    used 4008K, capacity 4161K, committed 4224K, reserved 1048576K

Card table byte_map: [0x0000000011f80000,0x0000000012190000] byte_map_base: 0x0000000011980000

Marking Bits: (ParMarkBitMap*) 0x0000000074374970
 Begin Bits: [0x00000000126f0000, 0x00000000136f0000)
 End Bits:   [0x00000000136f0000, 0x00000000146f0000)

Polling page: 0x0000000000c50000

CodeCache: size=245760Kb used=9738Kb max_used=9738Kb free=236022Kb
 bounds [0x0000000002bc0000, 0x0000000003550000, 0x0000000011bc0000]
 total_blobs=3080 nmethods=2404 adapters=589
 compilation: enabled

Compilation events (10 events):
Event: 10.014 Thread 0x0000000016ad0800 2439       3       org.objectweb.asm.MethodWriter::visitEnd (1 bytes)
Event: 10.014 Thread 0x0000000016ad0800 nmethod 2439 0x0000000003540950 code [0x0000000003540aa0, 0x0000000003540bf0]
Event: 10.015 Thread 0x0000000016ad0800 2440       3       org.objectweb.asm.MethodWriter::hasFrames (13 bytes)
Event: 10.015 Thread 0x0000000016ad0800 nmethod 2440 0x0000000003540c90 code [0x0000000003540de0, 0x0000000003540f90]
Event: 10.015 Thread 0x0000000016ad0800 2441       3       org.objectweb.asm.MethodWriter::putMethodInfo (1428 bytes)
Event: 10.023 Thread 0x0000000016ad0800 nmethod 2441 0x0000000003541010 code [0x00000000035417c0, 0x00000000035456a8]
Event: 10.054 Thread 0x0000000016ad0800 2443       3       org.gradle.internal.reflect.MutablePropertyDetails::addGetter (10 bytes)
Event: 10.054 Thread 0x0000000016ad0800 nmethod 2443 0x0000000003547e90 code [0x0000000003548000, 0x00000000035481a8]
Event: 10.124 Thread 0x0000000016ad0800 2444       3       java.lang.StringBuilder::getChars (10 bytes)
Event: 10.124 Thread 0x0000000016ad0800 nmethod 2444 0x0000000003548550 code [0x00000000035486c0, 0x0000000003548848]

GC Heap History (10 events):
Event: 5.028 GC heap before
{Heap before GC invocations=6 (full 0):
 PSYoungGen      total 18944K, used 18944K [0x00000000eab00000, 0x00000000ed700000, 0x0000000100000000)
  eden space 16384K, 100% used [0x00000000eab00000,0x00000000ebb00000,0x00000000ebb00000)
  from space 2560K, 100% used [0x00000000ebb00000,0x00000000ebd80000,0x00000000ebd80000)
  to   space 6144K, 0% used [0x00000000ed100000,0x00000000ed100000,0x00000000ed700000)
 ParOldGen       total 44032K, used 5940K [0x00000000c0000000, 0x00000000c2b00000, 0x00000000eab00000)
  object space 44032K, 13% used [0x00000000c0000000,0x00000000c05cd1e0,0x00000000c2b00000)
 Metaspace       used 14606K, capacity 14912K, committed 15104K, reserved 1062912K
  class space    used 2085K, capacity 2234K, committed 2304K, reserved 1048576K
Event: 5.051 GC heap after
Heap after GC invocations=6 (full 0):
 PSYoungGen      total 38912K, used 4442K [0x00000000eab00000, 0x00000000ed700000, 0x0000000100000000)
  eden space 32768K, 0% used [0x00000000eab00000,0x00000000eab00000,0x00000000ecb00000)
  from space 6144K, 72% used [0x00000000ed100000,0x00000000ed556938,0x00000000ed700000)
  to   space 6144K, 0% used [0x00000000ecb00000,0x00000000ecb00000,0x00000000ed100000)
 ParOldGen       total 44032K, used 5940K [0x00000000c0000000, 0x00000000c2b00000, 0x00000000eab00000)
  object space 44032K, 13% used [0x00000000c0000000,0x00000000c05cd1e0,0x00000000c2b00000)
 Metaspace       used 14606K, capacity 14912K, committed 15104K, reserved 1062912K
  class space    used 2085K, capacity 2234K, committed 2304K, reserved 1048576K
}
Event: 6.413 GC heap before
{Heap before GC invocations=7 (full 0):
 PSYoungGen      total 38912K, used 37210K [0x00000000eab00000, 0x00000000ed700000, 0x0000000100000000)
  eden space 32768K, 100% used [0x00000000eab00000,0x00000000ecb00000,0x00000000ecb00000)
  from space 6144K, 72% used [0x00000000ed100000,0x00000000ed556938,0x00000000ed700000)
  to   space 6144K, 0% used [0x00000000ecb00000,0x00000000ecb00000,0x00000000ed100000)
 ParOldGen       total 44032K, used 5940K [0x00000000c0000000, 0x00000000c2b00000, 0x00000000eab00000)
  object space 44032K, 13% used [0x00000000c0000000,0x00000000c05cd1e0,0x00000000c2b00000)
 Metaspace       used 18068K, capacity 18442K, committed 18688K, reserved 1064960K
  class space    used 2606K, capacity 2721K, committed 2816K, reserved 1048576K
Event: 6.434 GC heap after
Heap after GC invocations=7 (full 0):
 PSYoungGen      total 38912K, used 6125K [0x00000000eab00000, 0x00000000efa00000, 0x0000000100000000)
  eden space 32768K, 0% used [0x00000000eab00000,0x00000000eab00000,0x00000000ecb00000)
  from space 6144K, 99% used [0x00000000ecb00000,0x00000000ed0fb6d0,0x00000000ed100000)
  to   space 7680K, 0% used [0x00000000ef280000,0x00000000ef280000,0x00000000efa00000)
 ParOldGen       total 44032K, used 7216K [0x00000000c0000000, 0x00000000c2b00000, 0x00000000eab00000)
  object space 44032K, 16% used [0x00000000c0000000,0x00000000c070c1b8,0x00000000c2b00000)
 Metaspace       used 18068K, capacity 18442K, committed 18688K, reserved 1064960K
  class space    used 2606K, capacity 2721K, committed 2816K, reserved 1048576K
}
Event: 6.883 GC heap before
{Heap before GC invocations=8 (full 0):
 PSYoungGen      total 38912K, used 17273K [0x00000000eab00000, 0x00000000efa00000, 0x0000000100000000)
  eden space 32768K, 34% used [0x00000000eab00000,0x00000000eb5e2ed8,0x00000000ecb00000)
  from space 6144K, 99% used [0x00000000ecb00000,0x00000000ed0fb6d0,0x00000000ed100000)
  to   space 7680K, 0% used [0x00000000ef280000,0x00000000ef280000,0x00000000efa00000)
 ParOldGen       total 44032K, used 7216K [0x00000000c0000000, 0x00000000c2b00000, 0x00000000eab00000)
  object space 44032K, 16% used [0x00000000c0000000,0x00000000c070c1b8,0x00000000c2b00000)
 Metaspace       used 20796K, capacity 21130K, committed 21248K, reserved 1067008K
  class space    used 2918K, capacity 3041K, committed 3072K, reserved 1048576K
Event: 6.899 GC heap after
Heap after GC invocations=8 (full 0):
 PSYoungGen      total 72192K, used 4481K [0x00000000eab00000, 0x00000000ef900000, 0x0000000100000000)
  eden space 65536K, 0% used [0x00000000eab00000,0x00000000eab00000,0x00000000eeb00000)
  from space 6656K, 67% used [0x00000000ef280000,0x00000000ef6e06a0,0x00000000ef900000)
  to   space 7168K, 0% used [0x00000000eeb00000,0x00000000eeb00000,0x00000000ef200000)
 ParOldGen       total 44032K, used 8240K [0x00000000c0000000, 0x00000000c2b00000, 0x00000000eab00000)
  object space 44032K, 18% used [0x00000000c0000000,0x00000000c080c228,0x00000000c2b00000)
 Metaspace       used 20796K, capacity 21130K, committed 21248K, reserved 1067008K
  class space    used 2918K, capacity 3041K, committed 3072K, reserved 1048576K
}
Event: 6.899 GC heap before
{Heap before GC invocations=9 (full 1):
 PSYoungGen      total 72192K, used 4481K [0x00000000eab00000, 0x00000000ef900000, 0x0000000100000000)
  eden space 65536K, 0% used [0x00000000eab00000,0x00000000eab00000,0x00000000eeb00000)
  from space 6656K, 67% used [0x00000000ef280000,0x00000000ef6e06a0,0x00000000ef900000)
  to   space 7168K, 0% used [0x00000000eeb00000,0x00000000eeb00000,0x00000000ef200000)
 ParOldGen       total 44032K, used 8240K [0x00000000c0000000, 0x00000000c2b00000, 0x00000000eab00000)
  object space 44032K, 18% used [0x00000000c0000000,0x00000000c080c228,0x00000000c2b00000)
 Metaspace       used 20796K, capacity 21130K, committed 21248K, reserved 1067008K
  class space    used 2918K, capacity 3041K, committed 3072K, reserved 1048576K
Event: 7.009 GC heap after
Heap after GC invocations=9 (full 1):
 PSYoungGen      total 72192K, used 0K [0x00000000eab00000, 0x00000000ef900000, 0x0000000100000000)
  eden space 65536K, 0% used [0x00000000eab00000,0x00000000eab00000,0x00000000eeb00000)
  from space 6656K, 0% used [0x00000000ef280000,0x00000000ef280000,0x00000000ef900000)
  to   space 7168K, 0% used [0x00000000eeb00000,0x00000000eeb00000,0x00000000ef200000)
 ParOldGen       total 33280K, used 7666K [0x00000000c0000000, 0x00000000c2080000, 0x00000000eab00000)
  object space 33280K, 23% used [0x00000000c0000000,0x00000000c077c840,0x00000000c2080000)
 Metaspace       used 20796K, capacity 21130K, committed 21248K, reserved 1067008K
  class space    used 2918K, capacity 3041K, committed 3072K, reserved 1048576K
}
Event: 9.015 GC heap before
{Heap before GC invocations=10 (full 1):
 PSYoungGen      total 72192K, used 65150K [0x00000000eab00000, 0x00000000ef900000, 0x0000000100000000)
  eden space 65536K, 99% used [0x00000000eab00000,0x00000000eea9f9e8,0x00000000eeb00000)
  from space 6656K, 0% used [0x00000000ef280000,0x00000000ef280000,0x00000000ef900000)
  to   space 7168K, 0% used [0x00000000eeb00000,0x00000000eeb00000,0x00000000ef200000)
 ParOldGen       total 33280K, used 7666K [0x00000000c0000000, 0x00000000c2080000, 0x00000000eab00000)
  object space 33280K, 23% used [0x00000000c0000000,0x00000000c077c840,0x00000000c2080000)
 Metaspace       used 27881K, capacity 28198K, committed 28544K, reserved 1073152K
  class space    used 3768K, capacity 3892K, committed 3968K, reserved 1048576K
Event: 9.048 GC heap after
Heap after GC invocations=10 (full 1):
 PSYoungGen      total 72704K, used 7142K [0x00000000eab00000, 0x00000000ef900000, 0x0000000100000000)
  eden space 65536K, 0% used [0x00000000eab00000,0x00000000eab00000,0x00000000eeb00000)
  from space 7168K, 99% used [0x00000000eeb00000,0x00000000ef1f9ba8,0x00000000ef200000)
  to   space 6656K, 0% used [0x00000000ef280000,0x00000000ef280000,0x00000000ef900000)
 ParOldGen       total 33280K, used 8846K [0x00000000c0000000, 0x00000000c2080000, 0x00000000eab00000)
  object space 33280K, 26% used [0x00000000c0000000,0x00000000c08a3998,0x00000000c2080000)
 Metaspace       used 27881K, capacity 28198K, committed 28544K, reserved 1073152K
  class space    used 3768K, capacity 3892K, committed 3968K, reserved 1048576K
}

Deoptimization events (10 events):
Event: 8.423 Thread 0x00000000181ce800 Uncommon trap: reason=class_check action=maybe_recompile pc=0x0000000002d7b220 method=java.lang.String.equals(Ljava/lang/Object;)Z @ 8
Event: 8.535 Thread 0x00000000181ce800 Uncommon trap: reason=class_check action=maybe_recompile pc=0x0000000003174054 method=sun.misc.URLClassPath.getLoader(I)Lsun/misc/URLClassPath$Loader; @ 94
Event: 8.535 Thread 0x00000000181ce800 Uncommon trap: reason=class_check action=maybe_recompile pc=0x00000000030e9378 method=sun.misc.URLClassPath.getResource(Ljava/lang/String;Z)Lsun/misc/Resource; @ 62
Event: 8.535 Thread 0x00000000181ce800 Uncommon trap: reason=unstable_if action=reinterpret pc=0x0000000003289be4 method=java.lang.String.regionMatches(ZILjava/lang/String;II)Z @ 41
Event: 8.672 Thread 0x00000000181ce800 Uncommon trap: reason=class_check action=maybe_recompile pc=0x0000000003174ad4 method=sun.misc.URLClassPath.getLoader(I)Lsun/misc/URLClassPath$Loader; @ 239
Event: 8.672 Thread 0x00000000181ce800 Uncommon trap: reason=unstable_if action=reinterpret pc=0x000000000320f3a8 method=java.lang.String.regionMatches(ZILjava/lang/String;II)Z @ 41
Event: 8.716 Thread 0x00000000181ce800 Uncommon trap: reason=class_check action=maybe_recompile pc=0x0000000003174ad4 method=sun.misc.URLClassPath.getLoader(I)Lsun/misc/URLClassPath$Loader; @ 239
Event: 8.731 Thread 0x00000000181ce800 Uncommon trap: reason=class_check action=maybe_recompile pc=0x0000000003174ad4 method=sun.misc.URLClassPath.getLoader(I)Lsun/misc/URLClassPath$Loader; @ 239
Event: 9.263 Thread 0x00000000181ce800 Uncommon trap: reason=unstable_if action=reinterpret pc=0x0000000003008b80 method=java.util.WeakHashMap.expungeStaleEntries()V @ 9
Event: 9.304 Thread 0x00000000181ce800 Uncommon trap: reason=class_check action=maybe_recompile pc=0x00000000031658f4 method=sun.misc.URLClassPath.getLoader(I)Lsun/misc/URLClassPath$Loader; @ 239

Classes redefined (0 events):
No events

Internal exceptions (10 events):
Event: 9.460 Thread 0x00000000181ce800 Exception <a 'java/lang/ClassNotFoundException': org/gradle/api/internal/artifacts/dsl/DefaultRepositoryHandlerCustomizer> (0x00000000eba1c958) thrown at [D:\src\AOSP-openjdk-cygwin\jdk8u\hotspot\src\share\vm\classfile\systemDictionary.cpp, line 210]
Event: 9.480 Thread 0x00000000181ce800 Exception <a 'java/lang/ClassNotFoundException': org/gradle/api/internal/artifacts/dsl/DefaultRepositoryHandler_DecoratedCustomizer> (0x00000000eba89d70) thrown at [D:\src\AOSP-openjdk-cygwin\jdk8u\hotspot\src\share\vm\classfile\systemDictionary.cpp, line
Event: 9.609 Thread 0x00000000181ce800 Exception <a 'java/lang/ClassNotFoundException': org/gradle/api/internal/artifacts/repositories/DefaultMavenArtifactRepository_DecoratedBeanInfo> (0x00000000ebe5b980) thrown at [D:\src\AOSP-openjdk-cygwin\jdk8u\hotspot\src\share\vm\classfile\systemDiction
Event: 9.613 Thread 0x00000000181ce800 Exception <a 'java/lang/ClassNotFoundException': org/gradle/api/internal/artifacts/repositories/DefaultMavenArtifactRepositoryBeanInfo> (0x00000000ebeaf300) thrown at [D:\src\AOSP-openjdk-cygwin\jdk8u\hotspot\src\share\vm\classfile\systemDictionary.cpp, l
Event: 9.616 Thread 0x00000000181ce800 Exception <a 'java/lang/ClassNotFoundException': org/gradle/api/internal/artifacts/repositories/AbstractAuthenticationSupportedRepositoryBeanInfo> (0x00000000ebf0a530) thrown at [D:\src\AOSP-openjdk-cygwin\jdk8u\hotspot\src\share\vm\classfile\systemDictio
Event: 9.618 Thread 0x00000000181ce800 Exception <a 'java/lang/ClassNotFoundException': org/gradle/api/internal/artifacts/repositories/AbstractArtifactRepositoryBeanInfo> (0x00000000ebf5a3b0) thrown at [D:\src\AOSP-openjdk-cygwin\jdk8u\hotspot\src\share\vm\classfile\systemDictionary.cpp, line 
Event: 9.620 Thread 0x00000000181ce800 Exception <a 'java/lang/ClassNotFoundException': org/gradle/api/internal/artifacts/repositories/AbstractArtifactRepositoryCustomizer> (0x00000000ebface58) thrown at [D:\src\AOSP-openjdk-cygwin\jdk8u\hotspot\src\share\vm\classfile\systemDictionary.cpp, lin
Event: 9.625 Thread 0x00000000181ce800 Exception <a 'java/lang/ClassNotFoundException': org/gradle/api/internal/artifacts/repositories/AbstractAuthenticationSupportedRepositoryCustomizer> (0x00000000ec0281c8) thrown at [D:\src\AOSP-openjdk-cygwin\jdk8u\hotspot\src\share\vm\classfile\systemDict
Event: 9.634 Thread 0x00000000181ce800 Exception <a 'java/lang/ClassNotFoundException': org/gradle/api/internal/artifacts/repositories/DefaultMavenArtifactRepositoryCustomizer> (0x00000000ec090d80) thrown at [D:\src\AOSP-openjdk-cygwin\jdk8u\hotspot\src\share\vm\classfile\systemDictionary.cpp,
Event: 9.637 Thread 0x00000000181ce800 Exception <a 'java/lang/ClassNotFoundException': org/gradle/api/internal/artifacts/repositories/DefaultMavenArtifactRepository_DecoratedCustomizer> (0x00000000ec102d80) thrown at [D:\src\AOSP-openjdk-cygwin\jdk8u\hotspot\src\share\vm\classfile\systemDicti

Events (10 events):
Event: 10.121 loading class org/gradle/api/internal/artifacts/dsl/dependencies/DependencyLockingState
Event: 10.121 loading class org/gradle/api/internal/artifacts/dsl/dependencies/DependencyLockingState done
Event: 10.122 loading class org/gradle/api/artifacts/component/ModuleComponentIdentifier
Event: 10.122 loading class org/gradle/api/artifacts/component/ModuleComponentIdentifier done
Event: 10.126 loading class org/gradle/internal/locking/DependencyLockingNotationConverter
Event: 10.126 loading class org/gradle/internal/locking/DependencyLockingNotationConverter done
Event: 10.132 loading class org/gradle/internal/locking/LockFileReaderWriter
Event: 10.132 loading class org/gradle/internal/locking/LockFileReaderWriter done
Event: 10.134 loading class org/gradle/api/file/FileSystemLocation
Event: 10.134 loading class org/gradle/api/file/FileSystemLocation done


Dynamic libraries:
0x00007ff68df10000 - 0x00007ff68df41000 	C:\Program Files\Android\Android Studio\jre\bin\java.exe
0x00007ffaa9160000 - 0x00007ffaa9341000 	C:\WINDOWS\SYSTEM32\ntdll.dll
0x00007ffaa6930000 - 0x00007ffaa69e2000 	C:\WINDOWS\System32\KERNEL32.DLL
0x00007ffaa55d0000 - 0x00007ffaa5843000 	C:\WINDOWS\System32\KERNELBASE.dll
0x00007ffaa67f0000 - 0x00007ffaa6891000 	C:\WINDOWS\System32\ADVAPI32.dll
0x00007ffaa8af0000 - 0x00007ffaa8b8e000 	C:\WINDOWS\System32\msvcrt.dll
0x00007ffaa6790000 - 0x00007ffaa67eb000 	C:\WINDOWS\System32\sechost.dll
0x00007ffaa6bd0000 - 0x00007ffaa6cf4000 	C:\WINDOWS\System32\RPCRT4.dll
0x00007ffaa8960000 - 0x00007ffaa8af0000 	C:\WINDOWS\System32\USER32.dll
0x00007ffaa6100000 - 0x00007ffaa6120000 	C:\WINDOWS\System32\win32u.dll
0x00007ffaa68a0000 - 0x00007ffaa68c8000 	C:\WINDOWS\System32\GDI32.dll
0x00007ffaa5850000 - 0x00007ffaa59e2000 	C:\WINDOWS\System32\gdi32full.dll
0x00007ffaa5530000 - 0x00007ffaa55cf000 	C:\WINDOWS\System32\msvcp_win.dll
0x00007ffaa6420000 - 0x00007ffaa651a000 	C:\WINDOWS\System32\ucrtbase.dll
0x00007ffa99ea0000 - 0x00007ffa9a109000 	C:\WINDOWS\WinSxS\amd64_microsoft.windows.common-controls_6595b64144ccf1df_6.0.17134.137_none_fb44974530639b67\COMCTL32.dll
0x00007ffaa8e00000 - 0x00007ffaa9123000 	C:\WINDOWS\System32\combase.dll
0x00007ffaa6520000 - 0x00007ffaa659a000 	C:\WINDOWS\System32\bcryptPrimitives.dll
0x00007ffaa65f0000 - 0x00007ffaa661d000 	C:\WINDOWS\System32\IMM32.DLL
0x0000000074fd0000 - 0x00000000750a2000 	C:\Program Files\Android\Android Studio\jre\jre\bin\msvcr100.dll
0x0000000073bb0000 - 0x00000000743ef000 	C:\Program Files\Android\Android Studio\jre\jre\bin\server\jvm.dll
0x00007ffaa8d50000 - 0x00007ffaa8d58000 	C:\WINDOWS\System32\PSAPI.DLL
0x00007ffa9dc90000 - 0x00007ffa9dc99000 	C:\WINDOWS\SYSTEM32\WSOCK32.dll
0x00007ffaa72a0000 - 0x00007ffaa730c000 	C:\WINDOWS\System32\WS2_32.dll
0x00007ffa9ed70000 - 0x00007ffa9ed93000 	C:\WINDOWS\SYSTEM32\WINMM.dll
0x00007ffa9ed10000 - 0x00007ffa9ed1a000 	C:\WINDOWS\SYSTEM32\VERSION.dll
0x00007ffa9ed20000 - 0x00007ffa9ed4a000 	C:\WINDOWS\SYSTEM32\WINMMBASE.dll
0x00007ffaa65a0000 - 0x00007ffaa65e9000 	C:\WINDOWS\System32\cfgmgr32.dll
0x00007ffa9d750000 - 0x00007ffa9d75f000 	C:\Program Files\Android\Android Studio\jre\jre\bin\verify.dll
0x00007ffa933c0000 - 0x00007ffa933e9000 	C:\Program Files\Android\Android Studio\jre\jre\bin\java.dll
0x00007ffa99da0000 - 0x00007ffa99db6000 	C:\Program Files\Android\Android Studio\jre\jre\bin\zip.dll
0x00007ffaa74a0000 - 0x00007ffaa88e0000 	C:\WINDOWS\System32\SHELL32.dll
0x00007ffaa6a50000 - 0x00007ffaa6af9000 	C:\WINDOWS\System32\shcore.dll
0x00007ffaa59f0000 - 0x00007ffaa60fd000 	C:\WINDOWS\System32\windows.storage.dll
0x00007ffaa69f0000 - 0x00007ffaa6a41000 	C:\WINDOWS\System32\shlwapi.dll
0x00007ffaa54f0000 - 0x00007ffaa5501000 	C:\WINDOWS\System32\kernel.appcore.dll
0x00007ffaa5510000 - 0x00007ffaa552f000 	C:\WINDOWS\System32\profapi.dll
0x00007ffaa5470000 - 0x00007ffaa54bc000 	C:\WINDOWS\System32\powrprof.dll
0x00007ffaa54c0000 - 0x00007ffaa54ca000 	C:\WINDOWS\System32\FLTLIB.DLL
0x00007ffa9d760000 - 0x00007ffa9d77a000 	C:\Program Files\Android\Android Studio\jre\jre\bin\net.dll
0x00007ffaa4c90000 - 0x00007ffaa4cf6000 	C:\WINDOWS\system32\mswsock.dll
0x00007ffa953e0000 - 0x00007ffa953f1000 	C:\Program Files\Android\Android Studio\jre\jre\bin\nio.dll
0x00007ffa8be10000 - 0x00007ffa8be2e000 	C:\Users\ewens.HGSC\.gradle\native\25\windows-amd64\native-platform.dll
0x00007ffa9d650000 - 0x00007ffa9d65d000 	C:\Program Files\Android\Android Studio\jre\jre\bin\management.dll
0x00007ffaa4e40000 - 0x00007ffaa4e57000 	C:\WINDOWS\SYSTEM32\CRYPTSP.dll
0x00007ffaa4870000 - 0x00007ffaa48a3000 	C:\WINDOWS\system32\rsaenh.dll
0x00007ffaa4f70000 - 0x00007ffaa4f95000 	C:\WINDOWS\SYSTEM32\bcrypt.dll
0x00007ffaa5370000 - 0x00007ffaa5398000 	C:\WINDOWS\SYSTEM32\USERENV.dll
0x00007ffaa4e60000 - 0x00007ffaa4e6b000 	C:\WINDOWS\SYSTEM32\CRYPTBASE.dll
0x00007ffaa4a10000 - 0x00007ffaa4a48000 	C:\WINDOWS\SYSTEM32\IPHLPAPI.DLL
0x00007ffaa7490000 - 0x00007ffaa7498000 	C:\WINDOWS\System32\NSI.dll
0x00007ffaa0710000 - 0x00007ffaa0726000 	C:\WINDOWS\SYSTEM32\dhcpcsvc6.DLL
0x00007ffaa03c0000 - 0x00007ffaa03da000 	C:\WINDOWS\SYSTEM32\dhcpcsvc.DLL

VM Arguments:
jvm_args: -XX:+HeapDumpOnOutOfMemoryError -Xmx1024m -Dfile.encoding=windows-1252 -Duser.country=US -Duser.language=en -Duser.variant 
java_command: org.gradle.launcher.daemon.bootstrap.GradleDaemon 4.10-20180626235929+0000
java_class_path (initial): C:\opt\gradle-4.10-20180626235929+0000\lib\gradle-launcher-4.10.jar
Launcher Type: SUN_STANDARD

Environment Variables:
PATH=C:\ProgramData\Oracle\Java\javapath;C:\Program Files (x86)\Intel\iCLS Client\;C:\Program Files\Intel\iCLS Client\;C:\WINDOWS\system32;C:\WINDOWS;C:\WINDOWS\System32\Wbem;C:\WINDOWS\System32\WindowsPowerShell\v1.0\;C:\Program Files (x86)\Intel\UCRT\;C:\Program Files\Intel\UCRT\;C:\Program Files (x86)\Intel\Intel(R) Management Engine Components\DAL;C:\Program Files\Intel\Intel(R) Management Engine Components\DAL;C:\Program Files (x86)\Intel\Intel(R) Management Engine Components\IPT;C:\Program Files\Intel\Intel(R) Management Engine Components\IPT;C:\Program Files\PuTTY\;C:\WINDOWS\System32\OpenSSH\;C:\Program Files\Intel\WiFi\bin\;C:\Program Files\Common Files\Intel\WirelessCommon\;C:\Program Files\Git\cmd;C:\Program Files\Git\mingw64\bin;C:\Program Files\Git\usr\bin;C:\Users\ewens.HGSC\AppData\Local\Microsoft\WindowsApps;C:\Users\ewens.HGSC\AppData\Local\GitHubDesktop\bin
USERNAME=ewens
OS=Windows_NT
PROCESSOR_IDENTIFIER=Intel64 Family 6 Model 61 Stepping 4, GenuineIntel



---------------  S Y S T E M  ---------------

OS: Windows 10.0 , 64 bit Build 17134 (10.0.17134.1)

CPU:total 4 (initial active 4) (2 cores per cpu, 2 threads per core) family 6 model 61 stepping 4, cmov, cx8, fxsr, mmx, sse, sse2, sse3, ssse3, sse4.1, sse4.2, popcnt, avx, avx2, aes, clmul, erms, 3dnowpref, lzcnt, ht, tsc, tscinvbit, bmi1, bmi2, adx

Memory: 4k page, physical 4066412k(281584k free), swap 5491820k(3988k free)

vm_info: OpenJDK 64-Bit Server VM (25.152-b02) for windows-amd64 JRE (1.8.0_152-release-1024-b02), built by "builder" with MS VC++ 10.0 (VS2010)

time: Wed Jun 27 13:36:47 2018
elapsed time: 10 seconds (0d 0h 0m 10s)

